{"C:\\Users\\JUAN DAVID\\AgileEngine\\uncharted-scaped-pods-project\\dist\\controllers\\UserController.js": {"path":"C:\\Users\\JUAN DAVID\\AgileEngine\\uncharted-scaped-pods-project\\dist\\controllers\\UserController.js","statementMap":{"0":{"start":{"line":2,"column":22},"end":{"line":4,"column":1}},"1":{"start":{"line":3,"column":4},"end":{"line":3,"column":62}},"2":{"start":{"line":5,"column":0},"end":{"line":5,"column":62}},"3":{"start":{"line":6,"column":22},"end":{"line":6,"column":73}},"4":{"start":{"line":7,"column":21},"end":{"line":7,"column":53}},"5":{"start":{"line":11,"column":8},"end":{"line":11,"column":39}},"6":{"start":{"line":12,"column":8},"end":{"line":12,"column":37}},"7":{"start":{"line":15,"column":13},"end":{"line":22,"column":5}},"8":{"start":{"line":16,"column":22},"end":{"line":16,"column":53}},"9":{"start":{"line":17,"column":8},"end":{"line":18,"column":32}},"10":{"start":{"line":18,"column":12},"end":{"line":18,"column":32}},"11":{"start":{"line":19,"column":8},"end":{"line":21,"column":11}},"12":{"start":{"line":23,"column":14},"end":{"line":31,"column":5}},"13":{"start":{"line":24,"column":19},"end":{"line":24,"column":40}},"14":{"start":{"line":25,"column":21},"end":{"line":25,"column":55}},"15":{"start":{"line":26,"column":8},"end":{"line":27,"column":32}},"16":{"start":{"line":27,"column":12},"end":{"line":27,"column":32}},"17":{"start":{"line":28,"column":8},"end":{"line":30,"column":11}},"18":{"start":{"line":32,"column":13},"end":{"line":35,"column":5}},"19":{"start":{"line":33,"column":21},"end":{"line":33,"column":60}},"20":{"start":{"line":34,"column":8},"end":{"line":34,"column":68}},"21":{"start":{"line":36,"column":17},"end":{"line":39,"column":5}},"22":{"start":{"line":37,"column":21},"end":{"line":37,"column":87}},"23":{"start":{"line":38,"column":8},"end":{"line":38,"column":68}},"24":{"start":{"line":40,"column":17},"end":{"line":44,"column":5}},"25":{"start":{"line":41,"column":19},"end":{"line":41,"column":40}},"26":{"start":{"line":42,"column":8},"end":{"line":42,"column":46}},"27":{"start":{"line":43,"column":8},"end":{"line":43,"column":65}},"28":{"start":{"line":46,"column":0},"end":{"line":46,"column":33}}},"fnMap":{"0":{"name":"(anonymous_0)","decl":{"start":{"line":2,"column":56},"end":{"line":2,"column":57}},"loc":{"start":{"line":2,"column":71},"end":{"line":4,"column":1}},"line":2},"1":{"name":"(anonymous_1)","decl":{"start":{"line":10,"column":4},"end":{"line":10,"column":5}},"loc":{"start":{"line":10,"column":103},"end":{"line":13,"column":5}},"line":10},"2":{"name":"(anonymous_2)","decl":{"start":{"line":15,"column":13},"end":{"line":15,"column":14}},"loc":{"start":{"line":15,"column":33},"end":{"line":22,"column":5}},"line":15},"3":{"name":"(anonymous_3)","decl":{"start":{"line":23,"column":14},"end":{"line":23,"column":15}},"loc":{"start":{"line":23,"column":34},"end":{"line":31,"column":5}},"line":23},"4":{"name":"(anonymous_4)","decl":{"start":{"line":32,"column":13},"end":{"line":32,"column":14}},"loc":{"start":{"line":32,"column":33},"end":{"line":35,"column":5}},"line":32},"5":{"name":"(anonymous_5)","decl":{"start":{"line":36,"column":17},"end":{"line":36,"column":18}},"loc":{"start":{"line":36,"column":37},"end":{"line":39,"column":5}},"line":36},"6":{"name":"(anonymous_6)","decl":{"start":{"line":40,"column":17},"end":{"line":40,"column":18}},"loc":{"start":{"line":40,"column":37},"end":{"line":44,"column":5}},"line":40}},"branchMap":{"0":{"loc":{"start":{"line":2,"column":22},"end":{"line":4,"column":1}},"type":"binary-expr","locations":[{"start":{"line":2,"column":23},"end":{"line":2,"column":27}},{"start":{"line":2,"column":31},"end":{"line":2,"column":51}},{"start":{"line":2,"column":56},"end":{"line":4,"column":1}}],"line":2},"1":{"loc":{"start":{"line":3,"column":11},"end":{"line":3,"column":61}},"type":"cond-expr","locations":[{"start":{"line":3,"column":37},"end":{"line":3,"column":40}},{"start":{"line":3,"column":43},"end":{"line":3,"column":61}}],"line":3},"2":{"loc":{"start":{"line":3,"column":12},"end":{"line":3,"column":33}},"type":"binary-expr","locations":[{"start":{"line":3,"column":12},"end":{"line":3,"column":15}},{"start":{"line":3,"column":19},"end":{"line":3,"column":33}}],"line":3},"3":{"loc":{"start":{"line":10,"column":16},"end":{"line":10,"column":57}},"type":"default-arg","locations":[{"start":{"line":10,"column":30},"end":{"line":10,"column":57}}],"line":10},"4":{"loc":{"start":{"line":10,"column":59},"end":{"line":10,"column":101}},"type":"default-arg","locations":[{"start":{"line":10,"column":72},"end":{"line":10,"column":101}}],"line":10},"5":{"loc":{"start":{"line":17,"column":8},"end":{"line":18,"column":32}},"type":"if","locations":[{"start":{"line":17,"column":8},"end":{"line":18,"column":32}},{"start":{},"end":{}}],"line":17},"6":{"loc":{"start":{"line":26,"column":8},"end":{"line":27,"column":32}},"type":"if","locations":[{"start":{"line":26,"column":8},"end":{"line":27,"column":32}},{"start":{},"end":{}}],"line":26}},"s":{"0":1,"1":1,"2":1,"3":1,"4":1,"5":6,"6":6,"7":6,"8":0,"9":0,"10":0,"11":0,"12":6,"13":1,"14":1,"15":1,"16":0,"17":1,"18":6,"19":2,"20":1,"21":6,"22":2,"23":1,"24":6,"25":1,"26":1,"27":0,"28":1},"f":{"0":1,"1":6,"2":0,"3":1,"4":2,"5":2,"6":1},"b":{"0":[1,1,1],"1":[1,0],"2":[1,1],"3":[0],"4":[6],"5":[0,0],"6":[0,1]},"inputSourceMap":null,"_coverageSchema":"1a1c01bbd47fc00a2c39e90264f33305004495a9","hash":"da091f6b9df0555ddff0fd94c2d49b3015f377fd"}
,"C:\\Users\\JUAN DAVID\\AgileEngine\\uncharted-scaped-pods-project\\dist\\entities\\User.js": {"path":"C:\\Users\\JUAN DAVID\\AgileEngine\\uncharted-scaped-pods-project\\dist\\entities\\User.js","statementMap":{"0":{"start":{"line":2,"column":17},"end":{"line":7,"column":1}},"1":{"start":{"line":3,"column":12},"end":{"line":3,"column":28}},"2":{"start":{"line":3,"column":34},"end":{"line":3,"column":125}},"3":{"start":{"line":4,"column":4},"end":{"line":5,"column":150}},"4":{"start":{"line":4,"column":79},"end":{"line":4,"column":131}},"5":{"start":{"line":5,"column":9},"end":{"line":5,"column":150}},"6":{"start":{"line":5,"column":22},"end":{"line":5,"column":43}},"7":{"start":{"line":5,"column":58},"end":{"line":5,"column":150}},"8":{"start":{"line":5,"column":81},"end":{"line":5,"column":150}},"9":{"start":{"line":6,"column":4},"end":{"line":6,"column":66}},"10":{"start":{"line":8,"column":17},"end":{"line":10,"column":1}},"11":{"start":{"line":9,"column":4},"end":{"line":9,"column":109}},"12":{"start":{"line":9,"column":79},"end":{"line":9,"column":109}},"13":{"start":{"line":11,"column":22},"end":{"line":13,"column":1}},"14":{"start":{"line":12,"column":4},"end":{"line":12,"column":62}},"15":{"start":{"line":14,"column":0},"end":{"line":14,"column":62}},"16":{"start":{"line":15,"column":0},"end":{"line":15,"column":26}},"17":{"start":{"line":16,"column":26},"end":{"line":16,"column":52}},"18":{"start":{"line":17,"column":18},"end":{"line":17,"column":36}},"19":{"start":{"line":18,"column":34},"end":{"line":18,"column":94}},"20":{"start":{"line":20,"column":0},"end":{"line":28,"column":59}},"21":{"start":{"line":21,"column":4},"end":{"line":21,"column":32}},"22":{"start":{"line":22,"column":4},"end":{"line":22,"column":40}},"23":{"start":{"line":23,"column":4},"end":{"line":23,"column":38}},"24":{"start":{"line":24,"column":4},"end":{"line":24,"column":39}},"25":{"start":{"line":25,"column":4},"end":{"line":25,"column":36}},"26":{"start":{"line":26,"column":4},"end":{"line":26,"column":26}},"27":{"start":{"line":27,"column":4},"end":{"line":27,"column":42}},"28":{"start":{"line":29,"column":11},"end":{"line":37,"column":1}},"29":{"start":{"line":38,"column":0},"end":{"line":41,"column":33}},"30":{"start":{"line":42,"column":0},"end":{"line":45,"column":40}},"31":{"start":{"line":46,"column":0},"end":{"line":49,"column":40}},"32":{"start":{"line":50,"column":0},"end":{"line":54,"column":36}},"33":{"start":{"line":55,"column":0},"end":{"line":58,"column":40}},"34":{"start":{"line":59,"column":0},"end":{"line":62,"column":39}},"35":{"start":{"line":63,"column":0},"end":{"line":68,"column":35}},"36":{"start":{"line":69,"column":0},"end":{"line":71,"column":9}},"37":{"start":{"line":72,"column":0},"end":{"line":72,"column":23}}},"fnMap":{"0":{"name":"(anonymous_0)","decl":{"start":{"line":2,"column":46},"end":{"line":2,"column":47}},"loc":{"start":{"line":2,"column":87},"end":{"line":7,"column":1}},"line":2},"1":{"name":"(anonymous_1)","decl":{"start":{"line":8,"column":46},"end":{"line":8,"column":47}},"loc":{"start":{"line":8,"column":62},"end":{"line":10,"column":1}},"line":8},"2":{"name":"(anonymous_2)","decl":{"start":{"line":11,"column":56},"end":{"line":11,"column":57}},"loc":{"start":{"line":11,"column":71},"end":{"line":13,"column":1}},"line":11},"3":{"name":"(anonymous_3)","decl":{"start":{"line":20,"column":1},"end":{"line":20,"column":2}},"loc":{"start":{"line":20,"column":21},"end":{"line":28,"column":1}},"line":20}},"branchMap":{"0":{"loc":{"start":{"line":2,"column":17},"end":{"line":7,"column":1}},"type":"binary-expr","locations":[{"start":{"line":2,"column":18},"end":{"line":2,"column":22}},{"start":{"line":2,"column":26},"end":{"line":2,"column":41}},{"start":{"line":2,"column":46},"end":{"line":7,"column":1}}],"line":2},"1":{"loc":{"start":{"line":3,"column":34},"end":{"line":3,"column":125}},"type":"cond-expr","locations":[{"start":{"line":3,"column":42},"end":{"line":3,"column":48}},{"start":{"line":3,"column":51},"end":{"line":3,"column":125}}],"line":3},"2":{"loc":{"start":{"line":3,"column":51},"end":{"line":3,"column":125}},"type":"cond-expr","locations":[{"start":{"line":3,"column":67},"end":{"line":3,"column":118}},{"start":{"line":3,"column":121},"end":{"line":3,"column":125}}],"line":3},"3":{"loc":{"start":{"line":4,"column":4},"end":{"line":5,"column":150}},"type":"if","locations":[{"start":{"line":4,"column":4},"end":{"line":5,"column":150}},{"start":{"line":5,"column":9},"end":{"line":5,"column":150}}],"line":4},"4":{"loc":{"start":{"line":4,"column":8},"end":{"line":4,"column":77}},"type":"binary-expr","locations":[{"start":{"line":4,"column":8},"end":{"line":4,"column":35}},{"start":{"line":4,"column":39},"end":{"line":4,"column":77}}],"line":4},"5":{"loc":{"start":{"line":5,"column":58},"end":{"line":5,"column":150}},"type":"if","locations":[{"start":{"line":5,"column":58},"end":{"line":5,"column":150}},{"start":{},"end":{}}],"line":5},"6":{"loc":{"start":{"line":5,"column":85},"end":{"line":5,"column":149}},"type":"binary-expr","locations":[{"start":{"line":5,"column":86},"end":{"line":5,"column":143}},{"start":{"line":5,"column":148},"end":{"line":5,"column":149}}],"line":5},"7":{"loc":{"start":{"line":5,"column":86},"end":{"line":5,"column":143}},"type":"cond-expr","locations":[{"start":{"line":5,"column":94},"end":{"line":5,"column":98}},{"start":{"line":5,"column":101},"end":{"line":5,"column":143}}],"line":5},"8":{"loc":{"start":{"line":5,"column":101},"end":{"line":5,"column":143}},"type":"cond-expr","locations":[{"start":{"line":5,"column":109},"end":{"line":5,"column":126}},{"start":{"line":5,"column":129},"end":{"line":5,"column":143}}],"line":5},"9":{"loc":{"start":{"line":6,"column":11},"end":{"line":6,"column":62}},"type":"binary-expr","locations":[{"start":{"line":6,"column":11},"end":{"line":6,"column":16}},{"start":{"line":6,"column":20},"end":{"line":6,"column":21}},{"start":{"line":6,"column":25},"end":{"line":6,"column":62}}],"line":6},"10":{"loc":{"start":{"line":8,"column":17},"end":{"line":10,"column":1}},"type":"binary-expr","locations":[{"start":{"line":8,"column":18},"end":{"line":8,"column":22}},{"start":{"line":8,"column":26},"end":{"line":8,"column":41}},{"start":{"line":8,"column":46},"end":{"line":10,"column":1}}],"line":8},"11":{"loc":{"start":{"line":9,"column":4},"end":{"line":9,"column":109}},"type":"if","locations":[{"start":{"line":9,"column":4},"end":{"line":9,"column":109}},{"start":{},"end":{}}],"line":9},"12":{"loc":{"start":{"line":9,"column":8},"end":{"line":9,"column":77}},"type":"binary-expr","locations":[{"start":{"line":9,"column":8},"end":{"line":9,"column":35}},{"start":{"line":9,"column":39},"end":{"line":9,"column":77}}],"line":9},"13":{"loc":{"start":{"line":11,"column":22},"end":{"line":13,"column":1}},"type":"binary-expr","locations":[{"start":{"line":11,"column":23},"end":{"line":11,"column":27}},{"start":{"line":11,"column":31},"end":{"line":11,"column":51}},{"start":{"line":11,"column":56},"end":{"line":13,"column":1}}],"line":11},"14":{"loc":{"start":{"line":12,"column":11},"end":{"line":12,"column":61}},"type":"cond-expr","locations":[{"start":{"line":12,"column":37},"end":{"line":12,"column":40}},{"start":{"line":12,"column":43},"end":{"line":12,"column":61}}],"line":12},"15":{"loc":{"start":{"line":12,"column":12},"end":{"line":12,"column":33}},"type":"binary-expr","locations":[{"start":{"line":12,"column":12},"end":{"line":12,"column":15}},{"start":{"line":12,"column":19},"end":{"line":12,"column":33}}],"line":12},"16":{"loc":{"start":{"line":28,"column":14},"end":{"line":28,"column":57}},"type":"binary-expr","locations":[{"start":{"line":28,"column":14},"end":{"line":28,"column":30}},{"start":{"line":28,"column":35},"end":{"line":28,"column":56}}],"line":28}},"s":{"0":3,"1":24,"2":24,"3":24,"4":24,"5":0,"6":0,"7":0,"8":0,"9":24,"10":3,"11":21,"12":21,"13":3,"14":3,"15":3,"16":3,"17":3,"18":3,"19":3,"20":3,"21":3,"22":3,"23":3,"24":3,"25":3,"26":3,"27":3,"28":3,"29":3,"30":3,"31":3,"32":3,"33":3,"34":3,"35":3,"36":3,"37":3},"f":{"0":24,"1":21,"2":3,"3":3},"b":{"0":[3,3,3],"1":[3,21],"2":[0,21],"3":[24,0],"4":[24,24],"5":[0,0],"6":[0,0],"7":[0,0],"8":[0,0],"9":[24,21,0],"10":[3,3,3],"11":[21,0],"12":[21,21],"13":[3,3,3],"14":[3,0],"15":[3,3],"16":[3,3]},"inputSourceMap":null,"_coverageSchema":"1a1c01bbd47fc00a2c39e90264f33305004495a9","hash":"bef65e6a1d228b9d9b5fcdb00e250d85dc9e9dcf"}
,"C:\\Users\\JUAN DAVID\\AgileEngine\\uncharted-scaped-pods-project\\dist\\exceptions\\HttpException.js": {"path":"C:\\Users\\JUAN DAVID\\AgileEngine\\uncharted-scaped-pods-project\\dist\\exceptions\\HttpException.js","statementMap":{"0":{"start":{"line":2,"column":0},"end":{"line":2,"column":62}},"1":{"start":{"line":10,"column":8},"end":{"line":10,"column":23}},"2":{"start":{"line":11,"column":8},"end":{"line":11,"column":29}},"3":{"start":{"line":12,"column":8},"end":{"line":12,"column":31}},"4":{"start":{"line":15,"column":0},"end":{"line":15,"column":32}}},"fnMap":{"0":{"name":"(anonymous_0)","decl":{"start":{"line":9,"column":4},"end":{"line":9,"column":5}},"loc":{"start":{"line":9,"column":65},"end":{"line":13,"column":5}},"line":9}},"branchMap":{"0":{"loc":{"start":{"line":9,"column":16},"end":{"line":9,"column":28}},"type":"default-arg","locations":[{"start":{"line":9,"column":25},"end":{"line":9,"column":28}}],"line":9},"1":{"loc":{"start":{"line":9,"column":30},"end":{"line":9,"column":63}},"type":"default-arg","locations":[{"start":{"line":9,"column":40},"end":{"line":9,"column":63}}],"line":9}},"s":{"0":4,"1":12,"2":12,"3":12,"4":4},"f":{"0":12},"b":{"0":[1],"1":[2]},"inputSourceMap":null,"_coverageSchema":"1a1c01bbd47fc00a2c39e90264f33305004495a9","hash":"b2af60a7eabe095d999f37b2c985244b93b43a4f"}
,"C:\\Users\\JUAN DAVID\\AgileEngine\\uncharted-scaped-pods-project\\dist\\exceptions\\NotFoundException.js": {"path":"C:\\Users\\JUAN DAVID\\AgileEngine\\uncharted-scaped-pods-project\\dist\\exceptions\\NotFoundException.js","statementMap":{"0":{"start":{"line":2,"column":22},"end":{"line":4,"column":1}},"1":{"start":{"line":3,"column":4},"end":{"line":3,"column":62}},"2":{"start":{"line":5,"column":0},"end":{"line":5,"column":62}},"3":{"start":{"line":6,"column":24},"end":{"line":6,"column":67}},"4":{"start":{"line":12,"column":8},"end":{"line":12,"column":50}},"5":{"start":{"line":15,"column":0},"end":{"line":15,"column":36}}},"fnMap":{"0":{"name":"(anonymous_0)","decl":{"start":{"line":2,"column":56},"end":{"line":2,"column":57}},"loc":{"start":{"line":2,"column":71},"end":{"line":4,"column":1}},"line":2},"1":{"name":"(anonymous_1)","decl":{"start":{"line":11,"column":4},"end":{"line":11,"column":5}},"loc":{"start":{"line":11,"column":25},"end":{"line":13,"column":5}},"line":11}},"branchMap":{"0":{"loc":{"start":{"line":2,"column":22},"end":{"line":4,"column":1}},"type":"binary-expr","locations":[{"start":{"line":2,"column":23},"end":{"line":2,"column":27}},{"start":{"line":2,"column":31},"end":{"line":2,"column":51}},{"start":{"line":2,"column":56},"end":{"line":4,"column":1}}],"line":2},"1":{"loc":{"start":{"line":3,"column":11},"end":{"line":3,"column":61}},"type":"cond-expr","locations":[{"start":{"line":3,"column":37},"end":{"line":3,"column":40}},{"start":{"line":3,"column":43},"end":{"line":3,"column":61}}],"line":3},"2":{"loc":{"start":{"line":3,"column":12},"end":{"line":3,"column":33}},"type":"binary-expr","locations":[{"start":{"line":3,"column":12},"end":{"line":3,"column":15}},{"start":{"line":3,"column":19},"end":{"line":3,"column":33}}],"line":3},"3":{"loc":{"start":{"line":12,"column":19},"end":{"line":12,"column":48}},"type":"binary-expr","locations":[{"start":{"line":12,"column":19},"end":{"line":12,"column":26}},{"start":{"line":12,"column":30},"end":{"line":12,"column":48}}],"line":12}},"s":{"0":3,"1":3,"2":3,"3":3,"4":9,"5":3},"f":{"0":3,"1":9},"b":{"0":[3,3,3],"1":[3,0],"2":[3,3],"3":[9,2]},"inputSourceMap":null,"_coverageSchema":"1a1c01bbd47fc00a2c39e90264f33305004495a9","hash":"2ccec3e62e10f60c4ef1a03f7d1ef6dbdf5a6e4d"}
,"C:\\Users\\JUAN DAVID\\AgileEngine\\uncharted-scaped-pods-project\\dist\\mappers\\UserMapper.js": {"path":"C:\\Users\\JUAN DAVID\\AgileEngine\\uncharted-scaped-pods-project\\dist\\mappers\\UserMapper.js","statementMap":{"0":{"start":{"line":2,"column":0},"end":{"line":2,"column":62}},"1":{"start":{"line":3,"column":0},"end":{"line":3,"column":28}},"2":{"start":{"line":9,"column":8},"end":{"line":17,"column":10}},"3":{"start":{"line":20,"column":0},"end":{"line":20,"column":32}}},"fnMap":{"0":{"name":"(anonymous_0)","decl":{"start":{"line":8,"column":4},"end":{"line":8,"column":5}},"loc":{"start":{"line":8,"column":13},"end":{"line":18,"column":5}},"line":8}},"branchMap":{},"s":{"0":2,"1":2,"2":7,"3":2},"f":{"0":7},"b":{},"inputSourceMap":null,"_coverageSchema":"1a1c01bbd47fc00a2c39e90264f33305004495a9","hash":"dcce8dbcd751a451bfeae2dfe861d1b40484e8e8"}
,"C:\\Users\\JUAN DAVID\\AgileEngine\\uncharted-scaped-pods-project\\dist\\mocks\\RequestMock.js": {"path":"C:\\Users\\JUAN DAVID\\AgileEngine\\uncharted-scaped-pods-project\\dist\\mocks\\RequestMock.js","statementMap":{"0":{"start":{"line":2,"column":0},"end":{"line":2,"column":62}},"1":{"start":{"line":3,"column":23},"end":{"line":8,"column":2}},"2":{"start":{"line":3,"column":41},"end":{"line":8,"column":1}},"3":{"start":{"line":9,"column":0},"end":{"line":9,"column":33}}},"fnMap":{"0":{"name":"(anonymous_0)","decl":{"start":{"line":3,"column":23},"end":{"line":3,"column":24}},"loc":{"start":{"line":3,"column":41},"end":{"line":8,"column":1}},"line":3}},"branchMap":{"0":{"loc":{"start":{"line":3,"column":24},"end":{"line":3,"column":35}},"type":"default-arg","locations":[{"start":{"line":3,"column":33},"end":{"line":3,"column":35}}],"line":3},"1":{"loc":{"start":{"line":4,"column":10},"end":{"line":4,"column":27}},"type":"binary-expr","locations":[{"start":{"line":4,"column":10},"end":{"line":4,"column":21}},{"start":{"line":4,"column":25},"end":{"line":4,"column":27}}],"line":4},"2":{"loc":{"start":{"line":5,"column":13},"end":{"line":5,"column":33}},"type":"binary-expr","locations":[{"start":{"line":5,"column":13},"end":{"line":5,"column":27}},{"start":{"line":5,"column":31},"end":{"line":5,"column":33}}],"line":5},"3":{"loc":{"start":{"line":6,"column":12},"end":{"line":6,"column":31}},"type":"binary-expr","locations":[{"start":{"line":6,"column":12},"end":{"line":6,"column":25}},{"start":{"line":6,"column":29},"end":{"line":6,"column":31}}],"line":6},"4":{"loc":{"start":{"line":7,"column":11},"end":{"line":7,"column":29}},"type":"binary-expr","locations":[{"start":{"line":7,"column":11},"end":{"line":7,"column":23}},{"start":{"line":7,"column":27},"end":{"line":7,"column":29}}],"line":7}},"s":{"0":1,"1":1,"2":6,"3":1},"f":{"0":6},"b":{"0":[0],"1":[6,3],"2":[6,6],"3":[6,2],"4":[6,6]},"inputSourceMap":null,"_coverageSchema":"1a1c01bbd47fc00a2c39e90264f33305004495a9","hash":"def96ad59b51222d5e6cf9571e82a571de42a9e0"}
,"C:\\Users\\JUAN DAVID\\AgileEngine\\uncharted-scaped-pods-project\\dist\\mocks\\ResponseMock.js": {"path":"C:\\Users\\JUAN DAVID\\AgileEngine\\uncharted-scaped-pods-project\\dist\\mocks\\ResponseMock.js","statementMap":{"0":{"start":{"line":2,"column":22},"end":{"line":4,"column":1}},"1":{"start":{"line":3,"column":4},"end":{"line":3,"column":62}},"2":{"start":{"line":5,"column":0},"end":{"line":5,"column":62}},"3":{"start":{"line":6,"column":16},"end":{"line":6,"column":49}},"4":{"start":{"line":7,"column":24},"end":{"line":13,"column":1}},"5":{"start":{"line":8,"column":16},"end":{"line":8,"column":18}},"6":{"start":{"line":9,"column":4},"end":{"line":9,"column":53}},"7":{"start":{"line":10,"column":4},"end":{"line":10,"column":38}},"8":{"start":{"line":11,"column":4},"end":{"line":11,"column":44}},"9":{"start":{"line":12,"column":4},"end":{"line":12,"column":15}},"10":{"start":{"line":14,"column":0},"end":{"line":14,"column":34}}},"fnMap":{"0":{"name":"(anonymous_0)","decl":{"start":{"line":2,"column":56},"end":{"line":2,"column":57}},"loc":{"start":{"line":2,"column":71},"end":{"line":4,"column":1}},"line":2},"1":{"name":"(anonymous_1)","decl":{"start":{"line":7,"column":24},"end":{"line":7,"column":25}},"loc":{"start":{"line":7,"column":30},"end":{"line":13,"column":1}},"line":7}},"branchMap":{"0":{"loc":{"start":{"line":2,"column":22},"end":{"line":4,"column":1}},"type":"binary-expr","locations":[{"start":{"line":2,"column":23},"end":{"line":2,"column":27}},{"start":{"line":2,"column":31},"end":{"line":2,"column":51}},{"start":{"line":2,"column":56},"end":{"line":4,"column":1}}],"line":2},"1":{"loc":{"start":{"line":3,"column":11},"end":{"line":3,"column":61}},"type":"cond-expr","locations":[{"start":{"line":3,"column":37},"end":{"line":3,"column":40}},{"start":{"line":3,"column":43},"end":{"line":3,"column":61}}],"line":3},"2":{"loc":{"start":{"line":3,"column":12},"end":{"line":3,"column":33}},"type":"binary-expr","locations":[{"start":{"line":3,"column":12},"end":{"line":3,"column":15}},{"start":{"line":3,"column":19},"end":{"line":3,"column":33}}],"line":3}},"s":{"0":1,"1":1,"2":1,"3":1,"4":1,"5":6,"6":6,"7":6,"8":6,"9":6,"10":1},"f":{"0":1,"1":6},"b":{"0":[1,1,1],"1":[0,1],"2":[1,1]},"inputSourceMap":null,"_coverageSchema":"1a1c01bbd47fc00a2c39e90264f33305004495a9","hash":"50752b0bb146b94df4efde18cb6e5ad70b0bc3bb"}
,"C:\\Users\\JUAN DAVID\\AgileEngine\\uncharted-scaped-pods-project\\dist\\mocks\\UserMock.js": {"path":"C:\\Users\\JUAN DAVID\\AgileEngine\\uncharted-scaped-pods-project\\dist\\mocks\\UserMock.js","statementMap":{"0":{"start":{"line":2,"column":22},"end":{"line":8,"column":3}},"1":{"start":{"line":3,"column":4},"end":{"line":3,"column":33}},"2":{"start":{"line":3,"column":26},"end":{"line":3,"column":33}},"3":{"start":{"line":4,"column":4},"end":{"line":4,"column":89}},"4":{"start":{"line":4,"column":71},"end":{"line":4,"column":83}},"5":{"start":{"line":6,"column":4},"end":{"line":6,"column":33}},"6":{"start":{"line":6,"column":26},"end":{"line":6,"column":33}},"7":{"start":{"line":7,"column":4},"end":{"line":7,"column":17}},"8":{"start":{"line":9,"column":25},"end":{"line":13,"column":2}},"9":{"start":{"line":10,"column":4},"end":{"line":10,"column":72}},"10":{"start":{"line":12,"column":4},"end":{"line":12,"column":21}},"11":{"start":{"line":14,"column":19},"end":{"line":20,"column":1}},"12":{"start":{"line":15,"column":4},"end":{"line":15,"column":42}},"13":{"start":{"line":15,"column":31},"end":{"line":15,"column":42}},"14":{"start":{"line":16,"column":17},"end":{"line":16,"column":19}},"15":{"start":{"line":17,"column":4},"end":{"line":17,"column":141}},"16":{"start":{"line":17,"column":21},"end":{"line":17,"column":141}},"17":{"start":{"line":17,"column":40},"end":{"line":17,"column":141}},"18":{"start":{"line":17,"column":109},"end":{"line":17,"column":141}},"19":{"start":{"line":18,"column":4},"end":{"line":18,"column":36}},"20":{"start":{"line":19,"column":4},"end":{"line":19,"column":18}},"21":{"start":{"line":21,"column":0},"end":{"line":21,"column":62}},"22":{"start":{"line":22,"column":15},"end":{"line":22,"column":56}},"23":{"start":{"line":23,"column":20},"end":{"line":31,"column":2}},"24":{"start":{"line":23,"column":26},"end":{"line":31,"column":2}},"25":{"start":{"line":32,"column":0},"end":{"line":32,"column":30}}},"fnMap":{"0":{"name":"(anonymous_0)","decl":{"start":{"line":2,"column":74},"end":{"line":2,"column":75}},"loc":{"start":{"line":2,"column":96},"end":{"line":5,"column":1}},"line":2},"1":{"name":"(anonymous_1)","decl":{"start":{"line":4,"column":58},"end":{"line":4,"column":59}},"loc":{"start":{"line":4,"column":69},"end":{"line":4,"column":85}},"line":4},"2":{"name":"(anonymous_2)","decl":{"start":{"line":5,"column":6},"end":{"line":5,"column":7}},"loc":{"start":{"line":5,"column":28},"end":{"line":8,"column":1}},"line":5},"3":{"name":"(anonymous_3)","decl":{"start":{"line":9,"column":80},"end":{"line":9,"column":81}},"loc":{"start":{"line":9,"column":95},"end":{"line":11,"column":1}},"line":9},"4":{"name":"(anonymous_4)","decl":{"start":{"line":11,"column":5},"end":{"line":11,"column":6}},"loc":{"start":{"line":11,"column":20},"end":{"line":13,"column":1}},"line":11},"5":{"name":"(anonymous_5)","decl":{"start":{"line":14,"column":50},"end":{"line":14,"column":51}},"loc":{"start":{"line":14,"column":65},"end":{"line":20,"column":1}},"line":14},"6":{"name":"(anonymous_6)","decl":{"start":{"line":23,"column":20},"end":{"line":23,"column":21}},"loc":{"start":{"line":23,"column":26},"end":{"line":31,"column":2}},"line":23}},"branchMap":{"0":{"loc":{"start":{"line":2,"column":22},"end":{"line":8,"column":3}},"type":"binary-expr","locations":[{"start":{"line":2,"column":23},"end":{"line":2,"column":27}},{"start":{"line":2,"column":31},"end":{"line":2,"column":51}},{"start":{"line":2,"column":57},"end":{"line":8,"column":2}}],"line":2},"1":{"loc":{"start":{"line":2,"column":57},"end":{"line":8,"column":2}},"type":"cond-expr","locations":[{"start":{"line":2,"column":74},"end":{"line":5,"column":1}},{"start":{"line":5,"column":6},"end":{"line":8,"column":1}}],"line":2},"2":{"loc":{"start":{"line":3,"column":4},"end":{"line":3,"column":33}},"type":"if","locations":[{"start":{"line":3,"column":4},"end":{"line":3,"column":33}},{"start":{},"end":{}}],"line":3},"3":{"loc":{"start":{"line":6,"column":4},"end":{"line":6,"column":33}},"type":"if","locations":[{"start":{"line":6,"column":4},"end":{"line":6,"column":33}},{"start":{},"end":{}}],"line":6},"4":{"loc":{"start":{"line":9,"column":25},"end":{"line":13,"column":2}},"type":"binary-expr","locations":[{"start":{"line":9,"column":26},"end":{"line":9,"column":30}},{"start":{"line":9,"column":34},"end":{"line":9,"column":57}},{"start":{"line":9,"column":63},"end":{"line":13,"column":1}}],"line":9},"5":{"loc":{"start":{"line":9,"column":63},"end":{"line":13,"column":1}},"type":"cond-expr","locations":[{"start":{"line":9,"column":80},"end":{"line":11,"column":1}},{"start":{"line":11,"column":5},"end":{"line":13,"column":1}}],"line":9},"6":{"loc":{"start":{"line":14,"column":19},"end":{"line":20,"column":1}},"type":"binary-expr","locations":[{"start":{"line":14,"column":20},"end":{"line":14,"column":24}},{"start":{"line":14,"column":28},"end":{"line":14,"column":45}},{"start":{"line":14,"column":50},"end":{"line":20,"column":1}}],"line":14},"7":{"loc":{"start":{"line":15,"column":4},"end":{"line":15,"column":42}},"type":"if","locations":[{"start":{"line":15,"column":4},"end":{"line":15,"column":42}},{"start":{},"end":{}}],"line":15},"8":{"loc":{"start":{"line":15,"column":8},"end":{"line":15,"column":29}},"type":"binary-expr","locations":[{"start":{"line":15,"column":8},"end":{"line":15,"column":11}},{"start":{"line":15,"column":15},"end":{"line":15,"column":29}}],"line":15},"9":{"loc":{"start":{"line":17,"column":4},"end":{"line":17,"column":141}},"type":"if","locations":[{"start":{"line":17,"column":4},"end":{"line":17,"column":141}},{"start":{},"end":{}}],"line":17},"10":{"loc":{"start":{"line":17,"column":40},"end":{"line":17,"column":141}},"type":"if","locations":[{"start":{"line":17,"column":40},"end":{"line":17,"column":141}},{"start":{},"end":{}}],"line":17},"11":{"loc":{"start":{"line":17,"column":44},"end":{"line":17,"column":107}},"type":"binary-expr","locations":[{"start":{"line":17,"column":44},"end":{"line":17,"column":59}},{"start":{"line":17,"column":63},"end":{"line":17,"column":107}}],"line":17}},"s":{"0":3,"1":0,"2":0,"3":0,"4":0,"5":0,"6":0,"7":0,"8":3,"9":0,"10":0,"11":3,"12":3,"13":3,"14":0,"15":0,"16":0,"17":0,"18":0,"19":0,"20":0,"21":3,"22":3,"23":3,"24":8,"25":3},"f":{"0":0,"1":0,"2":0,"3":0,"4":0,"5":3,"6":8},"b":{"0":[3,3,3],"1":[3,0],"2":[0,0],"3":[0,0],"4":[3,3,3],"5":[3,0],"6":[3,3,3],"7":[3,0],"8":[3,3],"9":[0,0],"10":[0,0],"11":[0,0]},"inputSourceMap":null,"_coverageSchema":"1a1c01bbd47fc00a2c39e90264f33305004495a9","hash":"6012ff8d01fc31b542cdce98d9f6a3af7e3ca4d5"}
,"C:\\Users\\JUAN DAVID\\AgileEngine\\uncharted-scaped-pods-project\\dist\\providers\\Config.js": {"path":"C:\\Users\\JUAN DAVID\\AgileEngine\\uncharted-scaped-pods-project\\dist\\providers\\Config.js","statementMap":{"0":{"start":{"line":2,"column":22},"end":{"line":8,"column":3}},"1":{"start":{"line":3,"column":4},"end":{"line":3,"column":33}},"2":{"start":{"line":3,"column":26},"end":{"line":3,"column":33}},"3":{"start":{"line":4,"column":4},"end":{"line":4,"column":89}},"4":{"start":{"line":4,"column":71},"end":{"line":4,"column":83}},"5":{"start":{"line":6,"column":4},"end":{"line":6,"column":33}},"6":{"start":{"line":6,"column":26},"end":{"line":6,"column":33}},"7":{"start":{"line":7,"column":4},"end":{"line":7,"column":17}},"8":{"start":{"line":9,"column":25},"end":{"line":13,"column":2}},"9":{"start":{"line":10,"column":4},"end":{"line":10,"column":72}},"10":{"start":{"line":12,"column":4},"end":{"line":12,"column":21}},"11":{"start":{"line":14,"column":19},"end":{"line":20,"column":1}},"12":{"start":{"line":15,"column":4},"end":{"line":15,"column":42}},"13":{"start":{"line":15,"column":31},"end":{"line":15,"column":42}},"14":{"start":{"line":16,"column":17},"end":{"line":16,"column":19}},"15":{"start":{"line":17,"column":4},"end":{"line":17,"column":141}},"16":{"start":{"line":17,"column":21},"end":{"line":17,"column":141}},"17":{"start":{"line":17,"column":40},"end":{"line":17,"column":141}},"18":{"start":{"line":17,"column":109},"end":{"line":17,"column":141}},"19":{"start":{"line":18,"column":4},"end":{"line":18,"column":36}},"20":{"start":{"line":19,"column":4},"end":{"line":19,"column":18}},"21":{"start":{"line":21,"column":22},"end":{"line":23,"column":1}},"22":{"start":{"line":22,"column":4},"end":{"line":22,"column":62}},"23":{"start":{"line":24,"column":0},"end":{"line":24,"column":62}},"24":{"start":{"line":25,"column":13},"end":{"line":25,"column":42}},"25":{"start":{"line":26,"column":15},"end":{"line":26,"column":46}},"26":{"start":{"line":27,"column":14},"end":{"line":27,"column":54}},"27":{"start":{"line":37,"column":8},"end":{"line":58,"column":9}},"28":{"start":{"line":38,"column":12},"end":{"line":38,"column":72}},"29":{"start":{"line":39,"column":12},"end":{"line":57,"column":14}},"30":{"start":{"line":59,"column":8},"end":{"line":59,"column":32}},"31":{"start":{"line":66,"column":8},"end":{"line":66,"column":67}},"32":{"start":{"line":67,"column":8},"end":{"line":67,"column":44}},"33":{"start":{"line":70,"column":0},"end":{"line":70,"column":25}}},"fnMap":{"0":{"name":"(anonymous_0)","decl":{"start":{"line":2,"column":74},"end":{"line":2,"column":75}},"loc":{"start":{"line":2,"column":96},"end":{"line":5,"column":1}},"line":2},"1":{"name":"(anonymous_1)","decl":{"start":{"line":4,"column":58},"end":{"line":4,"column":59}},"loc":{"start":{"line":4,"column":69},"end":{"line":4,"column":85}},"line":4},"2":{"name":"(anonymous_2)","decl":{"start":{"line":5,"column":6},"end":{"line":5,"column":7}},"loc":{"start":{"line":5,"column":28},"end":{"line":8,"column":1}},"line":5},"3":{"name":"(anonymous_3)","decl":{"start":{"line":9,"column":80},"end":{"line":9,"column":81}},"loc":{"start":{"line":9,"column":95},"end":{"line":11,"column":1}},"line":9},"4":{"name":"(anonymous_4)","decl":{"start":{"line":11,"column":5},"end":{"line":11,"column":6}},"loc":{"start":{"line":11,"column":20},"end":{"line":13,"column":1}},"line":11},"5":{"name":"(anonymous_5)","decl":{"start":{"line":14,"column":50},"end":{"line":14,"column":51}},"loc":{"start":{"line":14,"column":65},"end":{"line":20,"column":1}},"line":14},"6":{"name":"(anonymous_6)","decl":{"start":{"line":21,"column":56},"end":{"line":21,"column":57}},"loc":{"start":{"line":21,"column":71},"end":{"line":23,"column":1}},"line":21},"7":{"name":"(anonymous_7)","decl":{"start":{"line":36,"column":4},"end":{"line":36,"column":5}},"loc":{"start":{"line":36,"column":20},"end":{"line":60,"column":5}},"line":36},"8":{"name":"(anonymous_8)","decl":{"start":{"line":65,"column":4},"end":{"line":65,"column":5}},"loc":{"start":{"line":65,"column":26},"end":{"line":68,"column":5}},"line":65}},"branchMap":{"0":{"loc":{"start":{"line":2,"column":22},"end":{"line":8,"column":3}},"type":"binary-expr","locations":[{"start":{"line":2,"column":23},"end":{"line":2,"column":27}},{"start":{"line":2,"column":31},"end":{"line":2,"column":51}},{"start":{"line":2,"column":57},"end":{"line":8,"column":2}}],"line":2},"1":{"loc":{"start":{"line":2,"column":57},"end":{"line":8,"column":2}},"type":"cond-expr","locations":[{"start":{"line":2,"column":74},"end":{"line":5,"column":1}},{"start":{"line":5,"column":6},"end":{"line":8,"column":1}}],"line":2},"2":{"loc":{"start":{"line":3,"column":4},"end":{"line":3,"column":33}},"type":"if","locations":[{"start":{"line":3,"column":4},"end":{"line":3,"column":33}},{"start":{},"end":{}}],"line":3},"3":{"loc":{"start":{"line":6,"column":4},"end":{"line":6,"column":33}},"type":"if","locations":[{"start":{"line":6,"column":4},"end":{"line":6,"column":33}},{"start":{},"end":{}}],"line":6},"4":{"loc":{"start":{"line":9,"column":25},"end":{"line":13,"column":2}},"type":"binary-expr","locations":[{"start":{"line":9,"column":26},"end":{"line":9,"column":30}},{"start":{"line":9,"column":34},"end":{"line":9,"column":57}},{"start":{"line":9,"column":63},"end":{"line":13,"column":1}}],"line":9},"5":{"loc":{"start":{"line":9,"column":63},"end":{"line":13,"column":1}},"type":"cond-expr","locations":[{"start":{"line":9,"column":80},"end":{"line":11,"column":1}},{"start":{"line":11,"column":5},"end":{"line":13,"column":1}}],"line":9},"6":{"loc":{"start":{"line":14,"column":19},"end":{"line":20,"column":1}},"type":"binary-expr","locations":[{"start":{"line":14,"column":20},"end":{"line":14,"column":24}},{"start":{"line":14,"column":28},"end":{"line":14,"column":45}},{"start":{"line":14,"column":50},"end":{"line":20,"column":1}}],"line":14},"7":{"loc":{"start":{"line":15,"column":4},"end":{"line":15,"column":42}},"type":"if","locations":[{"start":{"line":15,"column":4},"end":{"line":15,"column":42}},{"start":{},"end":{}}],"line":15},"8":{"loc":{"start":{"line":15,"column":8},"end":{"line":15,"column":29}},"type":"binary-expr","locations":[{"start":{"line":15,"column":8},"end":{"line":15,"column":11}},{"start":{"line":15,"column":15},"end":{"line":15,"column":29}}],"line":15},"9":{"loc":{"start":{"line":17,"column":4},"end":{"line":17,"column":141}},"type":"if","locations":[{"start":{"line":17,"column":4},"end":{"line":17,"column":141}},{"start":{},"end":{}}],"line":17},"10":{"loc":{"start":{"line":17,"column":40},"end":{"line":17,"column":141}},"type":"if","locations":[{"start":{"line":17,"column":40},"end":{"line":17,"column":141}},{"start":{},"end":{}}],"line":17},"11":{"loc":{"start":{"line":17,"column":44},"end":{"line":17,"column":107}},"type":"binary-expr","locations":[{"start":{"line":17,"column":44},"end":{"line":17,"column":59}},{"start":{"line":17,"column":63},"end":{"line":17,"column":107}}],"line":17},"12":{"loc":{"start":{"line":21,"column":22},"end":{"line":23,"column":1}},"type":"binary-expr","locations":[{"start":{"line":21,"column":23},"end":{"line":21,"column":27}},{"start":{"line":21,"column":31},"end":{"line":21,"column":51}},{"start":{"line":21,"column":56},"end":{"line":23,"column":1}}],"line":21},"13":{"loc":{"start":{"line":22,"column":11},"end":{"line":22,"column":61}},"type":"cond-expr","locations":[{"start":{"line":22,"column":37},"end":{"line":22,"column":40}},{"start":{"line":22,"column":43},"end":{"line":22,"column":61}}],"line":22},"14":{"loc":{"start":{"line":22,"column":12},"end":{"line":22,"column":33}},"type":"binary-expr","locations":[{"start":{"line":22,"column":12},"end":{"line":22,"column":15}},{"start":{"line":22,"column":19},"end":{"line":22,"column":33}}],"line":22},"15":{"loc":{"start":{"line":37,"column":8},"end":{"line":58,"column":9}},"type":"if","locations":[{"start":{"line":37,"column":8},"end":{"line":58,"column":9}},{"start":{},"end":{}}],"line":37},"16":{"loc":{"start":{"line":40,"column":25},"end":{"line":40,"column":71}},"type":"binary-expr","locations":[{"start":{"line":40,"column":25},"end":{"line":40,"column":45}},{"start":{"line":40,"column":49},"end":{"line":40,"column":71}}],"line":40},"17":{"loc":{"start":{"line":41,"column":32},"end":{"line":41,"column":116}},"type":"binary-expr","locations":[{"start":{"line":41,"column":32},"end":{"line":41,"column":59}},{"start":{"line":41,"column":63},"end":{"line":41,"column":116}}],"line":41},"18":{"loc":{"start":{"line":42,"column":22},"end":{"line":42,"column":95}},"type":"cond-expr","locations":[{"start":{"line":42,"column":64},"end":{"line":42,"column":88}},{"start":{"line":42,"column":91},"end":{"line":42,"column":95}}],"line":42},"19":{"loc":{"start":{"line":44,"column":24},"end":{"line":44,"column":58}},"type":"binary-expr","locations":[{"start":{"line":44,"column":24},"end":{"line":44,"column":43}},{"start":{"line":44,"column":47},"end":{"line":44,"column":58}}],"line":44},"20":{"loc":{"start":{"line":45,"column":27},"end":{"line":45,"column":55}},"type":"binary-expr","locations":[{"start":{"line":45,"column":27},"end":{"line":45,"column":49}},{"start":{"line":45,"column":53},"end":{"line":45,"column":55}}],"line":45},"21":{"loc":{"start":{"line":46,"column":30},"end":{"line":46,"column":73}},"type":"binary-expr","locations":[{"start":{"line":46,"column":30},"end":{"line":46,"column":59}},{"start":{"line":46,"column":63},"end":{"line":46,"column":73}}],"line":46},"22":{"loc":{"start":{"line":47,"column":34},"end":{"line":47,"column":77}},"type":"binary-expr","locations":[{"start":{"line":47,"column":34},"end":{"line":47,"column":63}},{"start":{"line":47,"column":67},"end":{"line":47,"column":77}}],"line":47},"23":{"loc":{"start":{"line":48,"column":30},"end":{"line":48,"column":70}},"type":"binary-expr","locations":[{"start":{"line":48,"column":30},"end":{"line":48,"column":55}},{"start":{"line":48,"column":59},"end":{"line":48,"column":70}}],"line":48},"24":{"loc":{"start":{"line":49,"column":30},"end":{"line":49,"column":121}},"type":"cond-expr","locations":[{"start":{"line":49,"column":81},"end":{"line":49,"column":114}},{"start":{"line":49,"column":117},"end":{"line":49,"column":121}}],"line":49},"25":{"loc":{"start":{"line":50,"column":30},"end":{"line":50,"column":65}},"type":"binary-expr","locations":[{"start":{"line":50,"column":30},"end":{"line":50,"column":55}},{"start":{"line":50,"column":59},"end":{"line":50,"column":65}}],"line":50}},"s":{"0":2,"1":36,"2":36,"3":36,"4":0,"5":0,"6":0,"7":0,"8":2,"9":4,"10":0,"11":2,"12":4,"13":0,"14":4,"15":4,"16":4,"17":36,"18":36,"19":4,"20":4,"21":2,"22":2,"23":2,"24":2,"25":2,"26":2,"27":0,"28":0,"29":0,"30":0,"31":0,"32":0,"33":2},"f":{"0":36,"1":0,"2":0,"3":4,"4":0,"5":4,"6":2,"7":0,"8":0},"b":{"0":[2,2,2],"1":[2,0],"2":[36,0],"3":[0,0],"4":[2,2,2],"5":[2,0],"6":[2,2,2],"7":[0,4],"8":[4,4],"9":[4,0],"10":[36,0],"11":[36,36],"12":[2,2,2],"13":[2,0],"14":[2,2],"15":[0,0],"16":[0,0],"17":[0,0],"18":[0,0],"19":[0,0],"20":[0,0],"21":[0,0],"22":[0,0],"23":[0,0],"24":[0,0],"25":[0,0]},"inputSourceMap":null,"_coverageSchema":"1a1c01bbd47fc00a2c39e90264f33305004495a9","hash":"5f07b33a00a87951662c4206e574f6ab46d481ee"}
,"C:\\Users\\JUAN DAVID\\AgileEngine\\uncharted-scaped-pods-project\\dist\\providers\\Database.js": {"path":"C:\\Users\\JUAN DAVID\\AgileEngine\\uncharted-scaped-pods-project\\dist\\providers\\Database.js","statementMap":{"0":{"start":{"line":2,"column":22},"end":{"line":4,"column":1}},"1":{"start":{"line":3,"column":4},"end":{"line":3,"column":62}},"2":{"start":{"line":5,"column":0},"end":{"line":5,"column":62}},"3":{"start":{"line":6,"column":18},"end":{"line":6,"column":36}},"4":{"start":{"line":7,"column":14},"end":{"line":7,"column":54}},"5":{"start":{"line":8,"column":17},"end":{"line":8,"column":53}},"6":{"start":{"line":14,"column":8},"end":{"line":14,"column":56}},"7":{"start":{"line":15,"column":132},"end":{"line":15,"column":157}},"8":{"start":{"line":16,"column":8},"end":{"line":33,"column":67}},"9":{"start":{"line":33,"column":22},"end":{"line":33,"column":65}},"10":{"start":{"line":36,"column":8},"end":{"line":36,"column":46}},"11":{"start":{"line":39,"column":0},"end":{"line":39,"column":27}}},"fnMap":{"0":{"name":"(anonymous_0)","decl":{"start":{"line":2,"column":56},"end":{"line":2,"column":57}},"loc":{"start":{"line":2,"column":71},"end":{"line":4,"column":1}},"line":2},"1":{"name":"(anonymous_1)","decl":{"start":{"line":13,"column":4},"end":{"line":13,"column":5}},"loc":{"start":{"line":13,"column":18},"end":{"line":34,"column":5}},"line":13},"2":{"name":"(anonymous_2)","decl":{"start":{"line":33,"column":16},"end":{"line":33,"column":17}},"loc":{"start":{"line":33,"column":22},"end":{"line":33,"column":65}},"line":33},"3":{"name":"(anonymous_3)","decl":{"start":{"line":35,"column":4},"end":{"line":35,"column":5}},"loc":{"start":{"line":35,"column":27},"end":{"line":37,"column":5}},"line":35}},"branchMap":{"0":{"loc":{"start":{"line":2,"column":22},"end":{"line":4,"column":1}},"type":"binary-expr","locations":[{"start":{"line":2,"column":23},"end":{"line":2,"column":27}},{"start":{"line":2,"column":31},"end":{"line":2,"column":51}},{"start":{"line":2,"column":56},"end":{"line":4,"column":1}}],"line":2},"1":{"loc":{"start":{"line":3,"column":11},"end":{"line":3,"column":61}},"type":"cond-expr","locations":[{"start":{"line":3,"column":37},"end":{"line":3,"column":40}},{"start":{"line":3,"column":43},"end":{"line":3,"column":61}}],"line":3},"2":{"loc":{"start":{"line":3,"column":12},"end":{"line":3,"column":33}},"type":"binary-expr","locations":[{"start":{"line":3,"column":12},"end":{"line":3,"column":15}},{"start":{"line":3,"column":19},"end":{"line":3,"column":33}}],"line":3}},"s":{"0":2,"1":4,"2":2,"3":2,"4":2,"5":2,"6":0,"7":0,"8":0,"9":0,"10":1,"11":2},"f":{"0":4,"1":0,"2":0,"3":1},"b":{"0":[2,2,2],"1":[4,0],"2":[4,4]},"inputSourceMap":null,"_coverageSchema":"1a1c01bbd47fc00a2c39e90264f33305004495a9","hash":"2a04dff5e234df6c5d0587251cc384109595eaa4"}
,"C:\\Users\\JUAN DAVID\\AgileEngine\\uncharted-scaped-pods-project\\dist\\repositories\\UserRepository.js": {"path":"C:\\Users\\JUAN DAVID\\AgileEngine\\uncharted-scaped-pods-project\\dist\\repositories\\UserRepository.js","statementMap":{"0":{"start":{"line":2,"column":22},"end":{"line":4,"column":1}},"1":{"start":{"line":3,"column":4},"end":{"line":3,"column":62}},"2":{"start":{"line":5,"column":0},"end":{"line":5,"column":62}},"3":{"start":{"line":6,"column":19},"end":{"line":6,"column":68}},"4":{"start":{"line":7,"column":15},"end":{"line":7,"column":59}},"5":{"start":{"line":11,"column":23},"end":{"line":18,"column":2}},"6":{"start":{"line":11,"column":29},"end":{"line":18,"column":2}},"7":{"start":{"line":13,"column":8},"end":{"line":13,"column":47}},"8":{"start":{"line":16,"column":8},"end":{"line":16,"column":50}},"9":{"start":{"line":19,"column":0},"end":{"line":19,"column":33}}},"fnMap":{"0":{"name":"(anonymous_0)","decl":{"start":{"line":2,"column":56},"end":{"line":2,"column":57}},"loc":{"start":{"line":2,"column":71},"end":{"line":4,"column":1}},"line":2},"1":{"name":"(anonymous_1)","decl":{"start":{"line":11,"column":23},"end":{"line":11,"column":24}},"loc":{"start":{"line":11,"column":29},"end":{"line":18,"column":2}},"line":11},"2":{"name":"(anonymous_2)","decl":{"start":{"line":12,"column":4},"end":{"line":12,"column":5}},"loc":{"start":{"line":12,"column":17},"end":{"line":14,"column":5}},"line":12},"3":{"name":"(anonymous_3)","decl":{"start":{"line":15,"column":4},"end":{"line":15,"column":5}},"loc":{"start":{"line":15,"column":23},"end":{"line":17,"column":5}},"line":15}},"branchMap":{"0":{"loc":{"start":{"line":2,"column":22},"end":{"line":4,"column":1}},"type":"binary-expr","locations":[{"start":{"line":2,"column":23},"end":{"line":2,"column":27}},{"start":{"line":2,"column":31},"end":{"line":2,"column":51}},{"start":{"line":2,"column":56},"end":{"line":4,"column":1}}],"line":2},"1":{"loc":{"start":{"line":3,"column":11},"end":{"line":3,"column":61}},"type":"cond-expr","locations":[{"start":{"line":3,"column":37},"end":{"line":3,"column":40}},{"start":{"line":3,"column":43},"end":{"line":3,"column":61}}],"line":3},"2":{"loc":{"start":{"line":3,"column":12},"end":{"line":3,"column":33}},"type":"binary-expr","locations":[{"start":{"line":3,"column":12},"end":{"line":3,"column":15}},{"start":{"line":3,"column":19},"end":{"line":3,"column":33}}],"line":3}},"s":{"0":2,"1":4,"2":2,"3":2,"4":2,"5":2,"6":1,"7":0,"8":0,"9":2},"f":{"0":4,"1":1,"2":0,"3":0},"b":{"0":[2,2,2],"1":[4,0],"2":[4,4]},"inputSourceMap":null,"_coverageSchema":"1a1c01bbd47fc00a2c39e90264f33305004495a9","hash":"03cf710a9e2683fded773361b77902aa5d86ccb5"}
,"C:\\Users\\JUAN DAVID\\AgileEngine\\uncharted-scaped-pods-project\\dist\\services\\UserService.js": {"path":"C:\\Users\\JUAN DAVID\\AgileEngine\\uncharted-scaped-pods-project\\dist\\services\\UserService.js","statementMap":{"0":{"start":{"line":2,"column":22},"end":{"line":4,"column":1}},"1":{"start":{"line":3,"column":4},"end":{"line":3,"column":62}},"2":{"start":{"line":5,"column":0},"end":{"line":5,"column":62}},"3":{"start":{"line":7,"column":25},"end":{"line":7,"column":83}},"4":{"start":{"line":8,"column":28},"end":{"line":8,"column":87}},"5":{"start":{"line":11,"column":8},"end":{"line":11,"column":47}},"6":{"start":{"line":18,"column":34},"end":{"line":18,"column":82}},"7":{"start":{"line":18,"column":50},"end":{"line":18,"column":82}},"8":{"start":{"line":23,"column":22},"end":{"line":23,"column":55}},"9":{"start":{"line":24,"column":8},"end":{"line":24,"column":21}},"10":{"start":{"line":32,"column":8},"end":{"line":39,"column":9}},"11":{"start":{"line":33,"column":12},"end":{"line":33,"column":59}},"12":{"start":{"line":34,"column":12},"end":{"line":35,"column":98}},"13":{"start":{"line":35,"column":16},"end":{"line":35,"column":98}},"14":{"start":{"line":38,"column":12},"end":{"line":38,"column":31}},"15":{"start":{"line":40,"column":8},"end":{"line":40,"column":20}},"16":{"start":{"line":47,"column":21},"end":{"line":47,"column":66}},"17":{"start":{"line":48,"column":8},"end":{"line":49,"column":100}},"18":{"start":{"line":49,"column":12},"end":{"line":49,"column":100}},"19":{"start":{"line":50,"column":8},"end":{"line":50,"column":20}},"20":{"start":{"line":57,"column":21},"end":{"line":57,"column":62}},"21":{"start":{"line":58,"column":8},"end":{"line":58,"column":20}},"22":{"start":{"line":65,"column":21},"end":{"line":65,"column":41}},"23":{"start":{"line":66,"column":21},"end":{"line":66,"column":43}},"24":{"start":{"line":67,"column":8},"end":{"line":68,"column":94}},"25":{"start":{"line":68,"column":12},"end":{"line":68,"column":94}},"26":{"start":{"line":69,"column":8},"end":{"line":69,"column":41}},"27":{"start":{"line":70,"column":8},"end":{"line":70,"column":47}},"28":{"start":{"line":77,"column":21},"end":{"line":77,"column":41}},"29":{"start":{"line":78,"column":29},"end":{"line":78,"column":54}},"30":{"start":{"line":79,"column":8},"end":{"line":80,"column":94}},"31":{"start":{"line":80,"column":12},"end":{"line":80,"column":94}},"32":{"start":{"line":83,"column":0},"end":{"line":83,"column":30}}},"fnMap":{"0":{"name":"(anonymous_0)","decl":{"start":{"line":2,"column":56},"end":{"line":2,"column":57}},"loc":{"start":{"line":2,"column":71},"end":{"line":4,"column":1}},"line":2},"1":{"name":"(anonymous_1)","decl":{"start":{"line":10,"column":4},"end":{"line":10,"column":5}},"loc":{"start":{"line":10,"column":20},"end":{"line":12,"column":5}},"line":10},"2":{"name":"(anonymous_2)","decl":{"start":{"line":18,"column":34},"end":{"line":18,"column":35}},"loc":{"start":{"line":18,"column":50},"end":{"line":18,"column":82}},"line":18},"3":{"name":"(anonymous_3)","decl":{"start":{"line":22,"column":4},"end":{"line":22,"column":5}},"loc":{"start":{"line":22,"column":19},"end":{"line":25,"column":5}},"line":22},"4":{"name":"(anonymous_4)","decl":{"start":{"line":30,"column":4},"end":{"line":30,"column":5}},"loc":{"start":{"line":30,"column":22},"end":{"line":41,"column":5}},"line":30},"5":{"name":"(anonymous_5)","decl":{"start":{"line":46,"column":4},"end":{"line":46,"column":5}},"loc":{"start":{"line":46,"column":28},"end":{"line":51,"column":5}},"line":46},"6":{"name":"(anonymous_6)","decl":{"start":{"line":56,"column":4},"end":{"line":56,"column":5}},"loc":{"start":{"line":56,"column":27},"end":{"line":59,"column":5}},"line":56},"7":{"name":"(anonymous_7)","decl":{"start":{"line":64,"column":4},"end":{"line":64,"column":5}},"loc":{"start":{"line":64,"column":41},"end":{"line":71,"column":5}},"line":64},"8":{"name":"(anonymous_8)","decl":{"start":{"line":76,"column":4},"end":{"line":76,"column":5}},"loc":{"start":{"line":76,"column":25},"end":{"line":81,"column":5}},"line":76}},"branchMap":{"0":{"loc":{"start":{"line":2,"column":22},"end":{"line":4,"column":1}},"type":"binary-expr","locations":[{"start":{"line":2,"column":23},"end":{"line":2,"column":27}},{"start":{"line":2,"column":31},"end":{"line":2,"column":51}},{"start":{"line":2,"column":56},"end":{"line":4,"column":1}}],"line":2},"1":{"loc":{"start":{"line":3,"column":11},"end":{"line":3,"column":61}},"type":"cond-expr","locations":[{"start":{"line":3,"column":37},"end":{"line":3,"column":40}},{"start":{"line":3,"column":43},"end":{"line":3,"column":61}}],"line":3},"2":{"loc":{"start":{"line":3,"column":12},"end":{"line":3,"column":33}},"type":"binary-expr","locations":[{"start":{"line":3,"column":12},"end":{"line":3,"column":15}},{"start":{"line":3,"column":19},"end":{"line":3,"column":33}}],"line":3},"3":{"loc":{"start":{"line":34,"column":12},"end":{"line":35,"column":98}},"type":"if","locations":[{"start":{"line":34,"column":12},"end":{"line":35,"column":98}},{"start":{},"end":{}}],"line":34},"4":{"loc":{"start":{"line":48,"column":8},"end":{"line":49,"column":100}},"type":"if","locations":[{"start":{"line":48,"column":8},"end":{"line":49,"column":100}},{"start":{},"end":{}}],"line":48},"5":{"loc":{"start":{"line":67,"column":8},"end":{"line":68,"column":94}},"type":"if","locations":[{"start":{"line":67,"column":8},"end":{"line":68,"column":94}},{"start":{},"end":{}}],"line":67},"6":{"loc":{"start":{"line":79,"column":8},"end":{"line":80,"column":94}},"type":"if","locations":[{"start":{"line":79,"column":8},"end":{"line":80,"column":94}},{"start":{},"end":{}}],"line":79}},"s":{"0":2,"1":4,"2":2,"3":2,"4":2,"5":1,"6":2,"7":5,"8":0,"9":0,"10":2,"11":2,"12":2,"13":2,"14":2,"15":2,"16":2,"17":2,"18":2,"19":0,"20":2,"21":1,"22":2,"23":1,"24":1,"25":0,"26":1,"27":1,"28":2,"29":2,"30":2,"31":1,"32":2},"f":{"0":4,"1":1,"2":5,"3":0,"4":2,"5":2,"6":2,"7":2,"8":2},"b":{"0":[2,2,2],"1":[4,0],"2":[4,4],"3":[2,0],"4":[2,0],"5":[0,1],"6":[1,1]},"inputSourceMap":null,"_coverageSchema":"1a1c01bbd47fc00a2c39e90264f33305004495a9","hash":"7312a2427b2f5870ced3565c54004c4b7e5a7c47"}
,"C:\\Users\\JUAN DAVID\\AgileEngine\\uncharted-scaped-pods-project\\dist\\types\\EntityWithFactoryMethod.js": {"path":"C:\\Users\\JUAN DAVID\\AgileEngine\\uncharted-scaped-pods-project\\dist\\types\\EntityWithFactoryMethod.js","statementMap":{"0":{"start":{"line":2,"column":0},"end":{"line":2,"column":62}},"1":{"start":{"line":3,"column":18},"end":{"line":3,"column":36}},"2":{"start":{"line":6,"column":8},"end":{"line":6,"column":49}},"3":{"start":{"line":9,"column":0},"end":{"line":9,"column":43}}},"fnMap":{"0":{"name":"(anonymous_0)","decl":{"start":{"line":5,"column":4},"end":{"line":5,"column":5}},"loc":{"start":{"line":5,"column":25},"end":{"line":7,"column":5}},"line":5}},"branchMap":{},"s":{"0":3,"1":3,"2":8,"3":3},"f":{"0":8},"b":{},"inputSourceMap":null,"_coverageSchema":"1a1c01bbd47fc00a2c39e90264f33305004495a9","hash":"feb4cfaefc8e81e246a1ac6a68bb9313fefb2e63"}
,"C:\\Users\\JUAN DAVID\\AgileEngine\\uncharted-scaped-pods-project\\dist\\utils\\Log.js": {"path":"C:\\Users\\JUAN DAVID\\AgileEngine\\uncharted-scaped-pods-project\\dist\\utils\\Log.js","statementMap":{"0":{"start":{"line":2,"column":0},"end":{"line":2,"column":62}},"1":{"start":{"line":6,"column":12},"end":{"line":6,"column":22}},"2":{"start":{"line":8,"column":27},"end":{"line":8,"column":111}},"3":{"start":{"line":9,"column":27},"end":{"line":9,"column":107}},"4":{"start":{"line":10,"column":8},"end":{"line":10,"column":57}},"5":{"start":{"line":12,"column":11},"end":{"line":12,"column":62}},"6":{"start":{"line":12,"column":20},"end":{"line":12,"column":62}},"7":{"start":{"line":13,"column":11},"end":{"line":13,"column":63}},"8":{"start":{"line":13,"column":20},"end":{"line":13,"column":63}},"9":{"start":{"line":14,"column":12},"end":{"line":14,"column":65}},"10":{"start":{"line":14,"column":21},"end":{"line":14,"column":65}},"11":{"start":{"line":16,"column":0},"end":{"line":16,"column":28}}},"fnMap":{"0":{"name":"(anonymous_0)","decl":{"start":{"line":7,"column":4},"end":{"line":7,"column":5}},"loc":{"start":{"line":7,"column":18},"end":{"line":11,"column":5}},"line":7},"1":{"name":"(anonymous_1)","decl":{"start":{"line":12,"column":11},"end":{"line":12,"column":12}},"loc":{"start":{"line":12,"column":20},"end":{"line":12,"column":62}},"line":12},"2":{"name":"(anonymous_2)","decl":{"start":{"line":13,"column":11},"end":{"line":13,"column":12}},"loc":{"start":{"line":13,"column":20},"end":{"line":13,"column":63}},"line":13},"3":{"name":"(anonymous_3)","decl":{"start":{"line":14,"column":12},"end":{"line":14,"column":13}},"loc":{"start":{"line":14,"column":21},"end":{"line":14,"column":65}},"line":14}},"branchMap":{},"s":{"0":2,"1":2,"2":2,"3":2,"4":2,"5":2,"6":0,"7":2,"8":0,"9":2,"10":0,"11":2},"f":{"0":2,"1":0,"2":0,"3":0},"b":{},"inputSourceMap":null,"_coverageSchema":"1a1c01bbd47fc00a2c39e90264f33305004495a9","hash":"32db56ead44fb933408cef5aaabc2a27056f0717"}
,"C:\\Users\\JUAN DAVID\\AgileEngine\\uncharted-scaped-pods-project\\src\\controllers\\UserController.ts": {"path":"C:\\Users\\JUAN DAVID\\AgileEngine\\uncharted-scaped-pods-project\\src\\controllers\\UserController.ts","statementMap":{"0":{"start":{"line":2,"column":0},"end":{"line":2,"column":50}},"1":{"start":{"line":5,"column":0},"end":{"line":5,"column":60}},"2":{"start":{"line":15,"column":4},"end":{"line":15,"column":35}},"3":{"start":{"line":16,"column":4},"end":{"line":16,"column":33}},"4":{"start":{"line":21,"column":35},"end":{"line":27,"column":3}},"5":{"start":{"line":22,"column":18},"end":{"line":22,"column":49}},"6":{"start":{"line":23,"column":4},"end":{"line":23,"column":36}},"7":{"start":{"line":23,"column":16},"end":{"line":23,"column":36}},"8":{"start":{"line":24,"column":4},"end":{"line":26,"column":7}},"9":{"start":{"line":29,"column":36},"end":{"line":37,"column":3}},"10":{"start":{"line":30,"column":15},"end":{"line":30,"column":36}},"11":{"start":{"line":31,"column":17},"end":{"line":31,"column":51}},"12":{"start":{"line":32,"column":4},"end":{"line":32,"column":35}},"13":{"start":{"line":32,"column":15},"end":{"line":32,"column":35}},"14":{"start":{"line":34,"column":4},"end":{"line":36,"column":7}},"15":{"start":{"line":39,"column":35},"end":{"line":42,"column":3}},"16":{"start":{"line":40,"column":17},"end":{"line":40,"column":56}},"17":{"start":{"line":41,"column":4},"end":{"line":41,"column":64}},"18":{"start":{"line":44,"column":39},"end":{"line":47,"column":3}},"19":{"start":{"line":45,"column":17},"end":{"line":45,"column":83}},"20":{"start":{"line":46,"column":4},"end":{"line":46,"column":64}},"21":{"start":{"line":49,"column":39},"end":{"line":53,"column":3}},"22":{"start":{"line":50,"column":15},"end":{"line":50,"column":36}},"23":{"start":{"line":51,"column":4},"end":{"line":51,"column":42}},"24":{"start":{"line":52,"column":4},"end":{"line":52,"column":61}},"25":{"start":{"line":56,"column":0},"end":{"line":56,"column":30}}},"fnMap":{"0":{"name":"(anonymous_1)","decl":{"start":{"line":14,"column":2},"end":{"line":14,"column":14}},"loc":{"start":{"line":14,"column":113},"end":{"line":17,"column":3}}},"1":{"name":"(anonymous_2)","decl":{"start":{"line":21,"column":35},"end":{"line":21,"column":40}},"loc":{"start":{"line":21,"column":54},"end":{"line":27,"column":3}}},"2":{"name":"(anonymous_3)","decl":{"start":{"line":29,"column":36},"end":{"line":29,"column":41}},"loc":{"start":{"line":29,"column":55},"end":{"line":37,"column":3}}},"3":{"name":"(anonymous_4)","decl":{"start":{"line":39,"column":35},"end":{"line":39,"column":40}},"loc":{"start":{"line":39,"column":54},"end":{"line":42,"column":3}}},"4":{"name":"(anonymous_5)","decl":{"start":{"line":44,"column":39},"end":{"line":44,"column":44}},"loc":{"start":{"line":44,"column":58},"end":{"line":47,"column":3}}},"5":{"name":"(anonymous_6)","decl":{"start":{"line":49,"column":39},"end":{"line":49,"column":44}},"loc":{"start":{"line":49,"column":58},"end":{"line":53,"column":3}}}},"branchMap":{"0":{"loc":{"start":{"line":14,"column":14},"end":{"line":14,"column":58}},"type":"default-arg","locations":[{"start":{"line":14,"column":41},"end":{"line":14,"column":58}}]},"1":{"loc":{"start":{"line":14,"column":60},"end":{"line":14,"column":113}},"type":"default-arg","locations":[{"start":{"line":14,"column":97},"end":{"line":14,"column":113}}]},"2":{"loc":{"start":{"line":23,"column":4},"end":{"line":23,"column":36}},"type":"if","locations":[{"start":{"line":23,"column":4},"end":{"line":23,"column":36}}]},"3":{"loc":{"start":{"line":32,"column":4},"end":{"line":32,"column":35}},"type":"if","locations":[{"start":{"line":32,"column":4},"end":{"line":32,"column":35}}]}},"s":{"0":1,"1":1,"2":8,"3":8,"4":8,"5":0,"6":0,"7":0,"8":0,"9":8,"10":2,"11":2,"12":1,"13":0,"14":1,"15":8,"16":2,"17":1,"18":8,"19":2,"20":1,"21":8,"22":2,"23":2,"24":0,"25":1},"f":{"0":8,"1":0,"2":2,"3":2,"4":2,"5":2},"b":{"0":[0],"1":[8],"2":[0],"3":[0]}}
,"C:\\Users\\JUAN DAVID\\AgileEngine\\uncharted-scaped-pods-project\\src\\entities\\User.ts": {"path":"C:\\Users\\JUAN DAVID\\AgileEngine\\uncharted-scaped-pods-project\\src\\entities\\User.ts","statementMap":{"0":{"start":{"line":1,"column":0},"end":{"line":1,"column":42}},"1":{"start":{"line":2,"column":0},"end":{"line":2,"column":null}},"2":{"start":{"line":5,"column":0},"end":{"line":5,"column":71}},"3":{"start":{"line":7,"column":0},"end":{"line":7,"column":null}},"4":{"start":{"line":8,"column":2},"end":{"line":8,"column":null}},"5":{"start":{"line":9,"column":2},"end":{"line":9,"column":null}},"6":{"start":{"line":10,"column":2},"end":{"line":10,"column":null}},"7":{"start":{"line":11,"column":2},"end":{"line":11,"column":null}},"8":{"start":{"line":12,"column":2},"end":{"line":12,"column":null}},"9":{"start":{"line":13,"column":2},"end":{"line":13,"column":null}},"10":{"start":{"line":14,"column":2},"end":{"line":14,"column":null}},"11":{"start":{"line":18,"column":0},"end":{"line":42,"column":null}},"12":{"start":{"line":20,"column":4},"end":{"line":20,"column":null}},"13":{"start":{"line":23,"column":4},"end":{"line":23,"column":null}},"14":{"start":{"line":26,"column":4},"end":{"line":26,"column":null}},"15":{"start":{"line":30,"column":4},"end":{"line":30,"column":null}},"16":{"start":{"line":33,"column":4},"end":{"line":33,"column":null}},"17":{"start":{"line":36,"column":4},"end":{"line":36,"column":null}},"18":{"start":{"line":41,"column":4},"end":{"line":41,"column":null}},"19":{"start":{"line":18,"column":21},"end":{"line":42,"column":null}},"20":{"start":{"line":18,"column":21},"end":{"line":18,"column":26}}},"fnMap":{"0":{"name":"(anonymous_3)","decl":{"start":{"line":7,"column":0},"end":{"line":7,"column":12}},"loc":{"start":{"line":7,"column":20},"end":{"line":15,"column":1}}}},"branchMap":{"0":{"loc":{"start":{"line":7,"column":12},"end":{"line":7,"column":null}},"type":"binary-expr","locations":[{"start":{"line":7,"column":12},"end":{"line":7,"column":20}},{"start":{"line":7,"column":12},"end":{"line":7,"column":null}}]}},"s":{"0":3,"1":3,"2":3,"3":3,"4":3,"5":3,"6":3,"7":3,"8":3,"9":3,"10":3,"11":3,"12":3,"13":3,"14":3,"15":3,"16":3,"17":3,"18":3,"19":3,"20":3},"f":{"0":3},"b":{"0":[3,3]}}
,"C:\\Users\\JUAN DAVID\\AgileEngine\\uncharted-scaped-pods-project\\src\\exceptions\\HttpException.ts": {"path":"C:\\Users\\JUAN DAVID\\AgileEngine\\uncharted-scaped-pods-project\\src\\exceptions\\HttpException.ts","statementMap":{"0":{"start":{"line":10,"column":4},"end":{"line":10,"column":19}},"1":{"start":{"line":11,"column":4},"end":{"line":11,"column":25}},"2":{"start":{"line":12,"column":4},"end":{"line":12,"column":27}},"3":{"start":{"line":4,"column":0},"end":{"line":4,"column":21}}},"fnMap":{"0":{"name":"(anonymous_0)","decl":{"start":{"line":9,"column":2},"end":{"line":9,"column":14}},"loc":{"start":{"line":9,"column":61},"end":{"line":13,"column":3}}}},"branchMap":{"0":{"loc":{"start":{"line":9,"column":14},"end":{"line":9,"column":26}},"type":"default-arg","locations":[{"start":{"line":9,"column":23},"end":{"line":9,"column":26}}]},"1":{"loc":{"start":{"line":9,"column":28},"end":{"line":9,"column":61}},"type":"default-arg","locations":[{"start":{"line":9,"column":38},"end":{"line":9,"column":61}}]}},"s":{"0":14,"1":14,"2":14,"3":4},"f":{"0":14},"b":{"0":[1],"1":[2]}}
,"C:\\Users\\JUAN DAVID\\AgileEngine\\uncharted-scaped-pods-project\\src\\exceptions\\NotFoundException.ts": {"path":"C:\\Users\\JUAN DAVID\\AgileEngine\\uncharted-scaped-pods-project\\src\\exceptions\\NotFoundException.ts","statementMap":{"0":{"start":{"line":1,"column":0},"end":{"line":1,"column":44}},"1":{"start":{"line":8,"column":4},"end":{"line":8,"column":46}},"2":{"start":{"line":6,"column":0},"end":{"line":6,"column":21}}},"fnMap":{"0":{"name":"(anonymous_1)","decl":{"start":{"line":7,"column":2},"end":{"line":7,"column":14}},"loc":{"start":{"line":7,"column":30},"end":{"line":9,"column":3}}}},"branchMap":{"0":{"loc":{"start":{"line":8,"column":15},"end":{"line":8,"column":44}},"type":"binary-expr","locations":[{"start":{"line":8,"column":15},"end":{"line":8,"column":22}},{"start":{"line":8,"column":26},"end":{"line":8,"column":44}}]}},"s":{"0":3,"1":11,"2":3},"f":{"0":11},"b":{"0":[11,4]}}
,"C:\\Users\\JUAN DAVID\\AgileEngine\\uncharted-scaped-pods-project\\src\\mappers\\UserMapper.ts": {"path":"C:\\Users\\JUAN DAVID\\AgileEngine\\uncharted-scaped-pods-project\\src\\mappers\\UserMapper.ts","statementMap":{"0":{"start":{"line":20,"column":4},"end":{"line":28,"column":6}},"1":{"start":{"line":18,"column":0},"end":{"line":18,"column":13}}},"fnMap":{"0":{"name":"(anonymous_0)","decl":{"start":{"line":19,"column":2},"end":{"line":19,"column":7}},"loc":{"start":{"line":19,"column":15},"end":{"line":29,"column":3}}}},"branchMap":{},"s":{"0":7,"1":2},"f":{"0":7},"b":{}}
,"C:\\Users\\JUAN DAVID\\AgileEngine\\uncharted-scaped-pods-project\\src\\mocks\\RequestMock.ts": {"path":"C:\\Users\\JUAN DAVID\\AgileEngine\\uncharted-scaped-pods-project\\src\\mocks\\RequestMock.ts","statementMap":{"0":{"start":{"line":9,"column":23},"end":{"line":15,"column":2}},"1":{"start":{"line":9,"column":56},"end":{"line":15,"column":2}},"2":{"start":{"line":17,"column":0},"end":{"line":17,"column":30}}},"fnMap":{"0":{"name":"(anonymous_0)","decl":{"start":{"line":9,"column":23},"end":{"line":9,"column":24}},"loc":{"start":{"line":9,"column":56},"end":{"line":15,"column":2}}}},"branchMap":{"0":{"loc":{"start":{"line":9,"column":24},"end":{"line":9,"column":50}},"type":"default-arg","locations":[{"start":{"line":9,"column":48},"end":{"line":9,"column":50}}]},"1":{"loc":{"start":{"line":10,"column":7},"end":{"line":10,"column":24}},"type":"binary-expr","locations":[{"start":{"line":10,"column":7},"end":{"line":10,"column":18}},{"start":{"line":10,"column":22},"end":{"line":10,"column":24}}]},"2":{"loc":{"start":{"line":11,"column":11},"end":{"line":11,"column":31}},"type":"binary-expr","locations":[{"start":{"line":11,"column":11},"end":{"line":11,"column":25}},{"start":{"line":11,"column":29},"end":{"line":11,"column":31}}]},"3":{"loc":{"start":{"line":12,"column":10},"end":{"line":12,"column":29}},"type":"binary-expr","locations":[{"start":{"line":12,"column":10},"end":{"line":12,"column":23}},{"start":{"line":12,"column":27},"end":{"line":12,"column":29}}]},"4":{"loc":{"start":{"line":13,"column":9},"end":{"line":13,"column":27}},"type":"binary-expr","locations":[{"start":{"line":13,"column":9},"end":{"line":13,"column":21}},{"start":{"line":13,"column":25},"end":{"line":13,"column":27}}]}},"s":{"0":1,"1":8,"2":1},"f":{"0":8},"b":{"0":[0],"1":[8,5],"2":[8,8],"3":[8,2],"4":[8,8]}}
,"C:\\Users\\JUAN DAVID\\AgileEngine\\uncharted-scaped-pods-project\\src\\mocks\\ResponseMock.ts": {"path":"C:\\Users\\JUAN DAVID\\AgileEngine\\uncharted-scaped-pods-project\\src\\mocks\\ResponseMock.ts","statementMap":{"0":{"start":{"line":1,"column":0},"end":{"line":1,"column":26}},"1":{"start":{"line":3,"column":24},"end":{"line":10,"column":1}},"2":{"start":{"line":4,"column":47},"end":{"line":4,"column":49}},"3":{"start":{"line":6,"column":2},"end":{"line":6,"column":41}},"4":{"start":{"line":7,"column":2},"end":{"line":7,"column":26}},"5":{"start":{"line":8,"column":2},"end":{"line":8,"column":32}},"6":{"start":{"line":9,"column":2},"end":{"line":9,"column":13}},"7":{"start":{"line":12,"column":0},"end":{"line":12,"column":31}}},"fnMap":{"0":{"name":"(anonymous_1)","decl":{"start":{"line":3,"column":24},"end":{"line":3,"column":26}},"loc":{"start":{"line":3,"column":28},"end":{"line":10,"column":1}}}},"branchMap":{},"s":{"0":1,"1":1,"2":8,"3":8,"4":8,"5":8,"6":8,"7":1},"f":{"0":8},"b":{}}
,"C:\\Users\\JUAN DAVID\\AgileEngine\\uncharted-scaped-pods-project\\src\\mocks\\UserMock.ts": {"path":"C:\\Users\\JUAN DAVID\\AgileEngine\\uncharted-scaped-pods-project\\src\\mocks\\UserMock.ts","statementMap":{"0":{"start":{"line":1,"column":0},"end":{"line":1,"column":50}},"1":{"start":{"line":4,"column":20},"end":{"line":12,"column":2}},"2":{"start":{"line":4,"column":26},"end":{"line":12,"column":2}},"3":{"start":{"line":14,"column":0},"end":{"line":14,"column":27}}},"fnMap":{"0":{"name":"(anonymous_6)","decl":{"start":{"line":4,"column":20},"end":{"line":4,"column":23}},"loc":{"start":{"line":4,"column":26},"end":{"line":12,"column":2}}}},"branchMap":{},"s":{"0":3,"1":3,"2":8,"3":3},"f":{"0":8},"b":{}}
,"C:\\Users\\JUAN DAVID\\AgileEngine\\uncharted-scaped-pods-project\\src\\providers\\Config.ts": {"path":"C:\\Users\\JUAN DAVID\\AgileEngine\\uncharted-scaped-pods-project\\src\\providers\\Config.ts","statementMap":{"0":{"start":{"line":1,"column":0},"end":{"line":1,"column":29}},"1":{"start":{"line":2,"column":0},"end":{"line":2,"column":33}},"2":{"start":{"line":5,"column":0},"end":{"line":5,"column":31}},"3":{"start":{"line":37,"column":4},"end":{"line":58,"column":null}},"4":{"start":{"line":38,"column":6},"end":{"line":38,"column":66}},"5":{"start":{"line":39,"column":6},"end":{"line":57,"column":8}},"6":{"start":{"line":60,"column":4},"end":{"line":60,"column":28}},"7":{"start":{"line":68,"column":4},"end":{"line":68,"column":53}},"8":{"start":{"line":69,"column":4},"end":{"line":69,"column":40}},"9":{"start":{"line":73,"column":0},"end":{"line":73,"column":22}}},"fnMap":{"0":{"name":"(anonymous_7)","decl":{"start":{"line":36,"column":9},"end":{"line":36,"column":15}},"loc":{"start":{"line":36,"column":22},"end":{"line":61,"column":3}}},"1":{"name":"(anonymous_8)","decl":{"start":{"line":67,"column":9},"end":{"line":67,"column":15}},"loc":{"start":{"line":67,"column":42},"end":{"line":70,"column":3}}}},"branchMap":{"0":{"loc":{"start":{"line":37,"column":4},"end":{"line":58,"column":null}},"type":"if","locations":[{"start":{"line":37,"column":4},"end":{"line":58,"column":null}}]},"1":{"loc":{"start":{"line":40,"column":17},"end":{"line":40,"column":63}},"type":"binary-expr","locations":[{"start":{"line":40,"column":17},"end":{"line":40,"column":37}},{"start":{"line":40,"column":41},"end":{"line":40,"column":63}}]},"2":{"loc":{"start":{"line":41,"column":24},"end":{"line":41,"column":108}},"type":"binary-expr","locations":[{"start":{"line":41,"column":24},"end":{"line":41,"column":51}},{"start":{"line":41,"column":55},"end":{"line":41,"column":108}}]},"3":{"loc":{"start":{"line":42,"column":14},"end":{"line":42,"column":87}},"type":"cond-expr","locations":[{"start":{"line":42,"column":56},"end":{"line":42,"column":80}},{"start":{"line":42,"column":83},"end":{"line":42,"column":87}}]},"4":{"loc":{"start":{"line":44,"column":16},"end":{"line":44,"column":50}},"type":"binary-expr","locations":[{"start":{"line":44,"column":16},"end":{"line":44,"column":35}},{"start":{"line":44,"column":39},"end":{"line":44,"column":50}}]},"5":{"loc":{"start":{"line":45,"column":19},"end":{"line":45,"column":47}},"type":"binary-expr","locations":[{"start":{"line":45,"column":19},"end":{"line":45,"column":41}},{"start":{"line":45,"column":45},"end":{"line":45,"column":47}}]},"6":{"loc":{"start":{"line":46,"column":22},"end":{"line":46,"column":65}},"type":"binary-expr","locations":[{"start":{"line":46,"column":22},"end":{"line":46,"column":51}},{"start":{"line":46,"column":55},"end":{"line":46,"column":65}}]},"7":{"loc":{"start":{"line":47,"column":26},"end":{"line":47,"column":69}},"type":"binary-expr","locations":[{"start":{"line":47,"column":26},"end":{"line":47,"column":55}},{"start":{"line":47,"column":59},"end":{"line":47,"column":69}}]},"8":{"loc":{"start":{"line":48,"column":22},"end":{"line":48,"column":62}},"type":"binary-expr","locations":[{"start":{"line":48,"column":22},"end":{"line":48,"column":47}},{"start":{"line":48,"column":51},"end":{"line":48,"column":62}}]},"9":{"loc":{"start":{"line":49,"column":22},"end":{"line":49,"column":113}},"type":"cond-expr","locations":[{"start":{"line":49,"column":73},"end":{"line":49,"column":106}},{"start":{"line":49,"column":109},"end":{"line":49,"column":113}}]},"10":{"loc":{"start":{"line":50,"column":22},"end":{"line":50,"column":57}},"type":"binary-expr","locations":[{"start":{"line":50,"column":22},"end":{"line":50,"column":47}},{"start":{"line":50,"column":51},"end":{"line":50,"column":57}}]}},"s":{"0":2,"1":2,"2":2,"3":0,"4":0,"5":0,"6":0,"7":0,"8":0,"9":2},"f":{"0":0,"1":0},"b":{"0":[0],"1":[0,0],"2":[0,0],"3":[0,0],"4":[0,0],"5":[0,0],"6":[0,0],"7":[0,0],"8":[0,0],"9":[0,0],"10":[0,0]}}
,"C:\\Users\\JUAN DAVID\\AgileEngine\\uncharted-scaped-pods-project\\src\\providers\\Database.ts": {"path":"C:\\Users\\JUAN DAVID\\AgileEngine\\uncharted-scaped-pods-project\\src\\providers\\Database.ts","statementMap":{"0":{"start":{"line":1,"column":0},"end":{"line":1,"column":82}},"1":{"start":{"line":2,"column":0},"end":{"line":2,"column":31}},"2":{"start":{"line":3,"column":0},"end":{"line":3,"column":30}},"3":{"start":{"line":10,"column":4},"end":{"line":10,"column":42}},"4":{"start":{"line":13,"column":8},"end":{"line":13,"column":23}},"5":{"start":{"line":14,"column":4},"end":{"line":31,"column":53}},"6":{"start":{"line":31,"column":18},"end":{"line":31,"column":51}},"7":{"start":{"line":35,"column":4},"end":{"line":35,"column":34}},"8":{"start":{"line":39,"column":0},"end":{"line":39,"column":24}}},"fnMap":{"0":{"name":"(anonymous_1)","decl":{"start":{"line":9,"column":9},"end":{"line":9,"column":15}},"loc":{"start":{"line":9,"column":20},"end":{"line":32,"column":3}}},"1":{"name":"(anonymous_2)","decl":{"start":{"line":31,"column":12},"end":{"line":31,"column":15}},"loc":{"start":{"line":31,"column":18},"end":{"line":31,"column":51}}},"2":{"name":"(anonymous_3)","decl":{"start":{"line":34,"column":9},"end":{"line":34,"column":15}},"loc":{"start":{"line":34,"column":29},"end":{"line":36,"column":3}}}},"branchMap":{},"s":{"0":2,"1":2,"2":2,"3":0,"4":0,"5":0,"6":0,"7":1,"8":2},"f":{"0":0,"1":0,"2":1},"b":{}}
,"C:\\Users\\JUAN DAVID\\AgileEngine\\uncharted-scaped-pods-project\\src\\repositories\\UserRepository.ts": {"path":"C:\\Users\\JUAN DAVID\\AgileEngine\\uncharted-scaped-pods-project\\src\\repositories\\UserRepository.ts","statementMap":{"0":{"start":{"line":2,"column":0},"end":{"line":2,"column":45}},"1":{"start":{"line":3,"column":0},"end":{"line":3,"column":36}},"2":{"start":{"line":8,"column":23},"end":{"line":16,"column":2}},"3":{"start":{"line":8,"column":48},"end":{"line":16,"column":2}},"4":{"start":{"line":10,"column":4},"end":{"line":10,"column":43}},"5":{"start":{"line":14,"column":4},"end":{"line":14,"column":46}},"6":{"start":{"line":18,"column":0},"end":{"line":18,"column":30}}},"fnMap":{"0":{"name":"(anonymous_1)","decl":{"start":{"line":8,"column":23},"end":{"line":8,"column":45}},"loc":{"start":{"line":8,"column":48},"end":{"line":16,"column":2}}},"1":{"name":"(anonymous_2)","decl":{"start":{"line":9,"column":2},"end":{"line":9,"column":10}},"loc":{"start":{"line":9,"column":21},"end":{"line":11,"column":3}}},"2":{"name":"(anonymous_3)","decl":{"start":{"line":13,"column":2},"end":{"line":13,"column":13}},"loc":{"start":{"line":13,"column":27},"end":{"line":15,"column":3}}}},"branchMap":{},"s":{"0":2,"1":2,"2":2,"3":1,"4":0,"5":0,"6":2},"f":{"0":1,"1":0,"2":0},"b":{}}
,"C:\\Users\\JUAN DAVID\\AgileEngine\\uncharted-scaped-pods-project\\src\\services\\UserService.ts": {"path":"C:\\Users\\JUAN DAVID\\AgileEngine\\uncharted-scaped-pods-project\\src\\services\\UserService.ts","statementMap":{"0":{"start":{"line":2,"column":0},"end":{"line":2,"column":60}},"1":{"start":{"line":5,"column":0},"end":{"line":5,"column":64}},"2":{"start":{"line":14,"column":4},"end":{"line":14,"column":28}},"3":{"start":{"line":23,"column":40},"end":{"line":23,"column":112}},"4":{"start":{"line":23,"column":80},"end":{"line":23,"column":112}},"5":{"start":{"line":30,"column":18},"end":{"line":30,"column":51}},"6":{"start":{"line":31,"column":4},"end":{"line":31,"column":17}},"7":{"start":{"line":41,"column":4},"end":{"line":46,"column":null}},"8":{"start":{"line":42,"column":6},"end":{"line":42,"column":53}},"9":{"start":{"line":43,"column":6},"end":{"line":43,"column":89}},"10":{"start":{"line":43,"column":17},"end":{"line":43,"column":89}},"11":{"start":{"line":45,"column":6},"end":{"line":45,"column":25}},"12":{"start":{"line":48,"column":4},"end":{"line":48,"column":16}},"13":{"start":{"line":57,"column":17},"end":{"line":57,"column":62}},"14":{"start":{"line":58,"column":4},"end":{"line":58,"column":93}},"15":{"start":{"line":58,"column":15},"end":{"line":58,"column":93}},"16":{"start":{"line":59,"column":4},"end":{"line":59,"column":16}},"17":{"start":{"line":69,"column":17},"end":{"line":69,"column":58}},"18":{"start":{"line":70,"column":4},"end":{"line":70,"column":16}},"19":{"start":{"line":79,"column":17},"end":{"line":79,"column":37}},"20":{"start":{"line":80,"column":17},"end":{"line":80,"column":39}},"21":{"start":{"line":82,"column":4},"end":{"line":82,"column":87}},"22":{"start":{"line":82,"column":15},"end":{"line":82,"column":87}},"23":{"start":{"line":84,"column":4},"end":{"line":84,"column":37}},"24":{"start":{"line":85,"column":4},"end":{"line":85,"column":43}},"25":{"start":{"line":94,"column":17},"end":{"line":94,"column":37}},"26":{"start":{"line":95,"column":25},"end":{"line":95,"column":50}},"27":{"start":{"line":96,"column":4},"end":{"line":96,"column":109}},"28":{"start":{"line":96,"column":37},"end":{"line":96,"column":109}},"29":{"start":{"line":11,"column":0},"end":{"line":11,"column":21}}},"fnMap":{"0":{"name":"(anonymous_1)","decl":{"start":{"line":13,"column":9},"end":{"line":13,"column":22}},"loc":{"start":{"line":13,"column":22},"end":{"line":15,"column":3}}},"1":{"name":"(anonymous_2)","decl":{"start":{"line":23,"column":40},"end":{"line":23,"column":41}},"loc":{"start":{"line":23,"column":80},"end":{"line":23,"column":112}}},"2":{"name":"(anonymous_3)","decl":{"start":{"line":29,"column":9},"end":{"line":29,"column":14}},"loc":{"start":{"line":29,"column":21},"end":{"line":32,"column":3}}},"3":{"name":"(anonymous_4)","decl":{"start":{"line":39,"column":9},"end":{"line":39,"column":14}},"loc":{"start":{"line":39,"column":32},"end":{"line":49,"column":3}}},"4":{"name":"(anonymous_5)","decl":{"start":{"line":56,"column":9},"end":{"line":56,"column":14}},"loc":{"start":{"line":56,"column":38},"end":{"line":60,"column":3}}},"5":{"name":"(anonymous_6)","decl":{"start":{"line":68,"column":9},"end":{"line":68,"column":14}},"loc":{"start":{"line":68,"column":54},"end":{"line":71,"column":3}}},"6":{"name":"(anonymous_7)","decl":{"start":{"line":78,"column":9},"end":{"line":78,"column":14}},"loc":{"start":{"line":78,"column":77},"end":{"line":86,"column":3}}},"7":{"name":"(anonymous_8)","decl":{"start":{"line":93,"column":9},"end":{"line":93,"column":14}},"loc":{"start":{"line":93,"column":35},"end":{"line":97,"column":3}}}},"branchMap":{"0":{"loc":{"start":{"line":43,"column":6},"end":{"line":43,"column":89}},"type":"if","locations":[{"start":{"line":43,"column":6},"end":{"line":43,"column":89}}]},"1":{"loc":{"start":{"line":58,"column":4},"end":{"line":58,"column":93}},"type":"if","locations":[{"start":{"line":58,"column":4},"end":{"line":58,"column":93}}]},"2":{"loc":{"start":{"line":82,"column":4},"end":{"line":82,"column":87}},"type":"if","locations":[{"start":{"line":82,"column":4},"end":{"line":82,"column":87}}]},"3":{"loc":{"start":{"line":96,"column":4},"end":{"line":96,"column":109}},"type":"if","locations":[{"start":{"line":96,"column":4},"end":{"line":96,"column":109}}]}},"s":{"0":2,"1":2,"2":1,"3":2,"4":5,"5":0,"6":0,"7":2,"8":2,"9":2,"10":2,"11":2,"12":2,"13":2,"14":2,"15":2,"16":0,"17":2,"18":1,"19":2,"20":1,"21":1,"22":0,"23":1,"24":1,"25":2,"26":2,"27":2,"28":1,"29":2},"f":{"0":1,"1":5,"2":0,"3":2,"4":2,"5":2,"6":2,"7":2},"b":{"0":[2],"1":[2],"2":[0],"3":[1]}}
,"C:\\Users\\JUAN DAVID\\AgileEngine\\uncharted-scaped-pods-project\\src\\types\\EntityWithFactoryMethod.ts": {"path":"C:\\Users\\JUAN DAVID\\AgileEngine\\uncharted-scaped-pods-project\\src\\types\\EntityWithFactoryMethod.ts","statementMap":{"0":{"start":{"line":1,"column":0},"end":{"line":1,"column":null}},"1":{"start":{"line":9,"column":4},"end":{"line":11,"column":6}},"2":{"start":{"line":5,"column":0},"end":{"line":5,"column":21}}},"fnMap":{"0":{"name":"(anonymous_0)","decl":{"start":{"line":6,"column":2},"end":{"line":6,"column":8}},"loc":{"start":{"line":7,"column":41},"end":{"line":12,"column":3}}}},"branchMap":{},"s":{"0":3,"1":8,"2":3},"f":{"0":8},"b":{}}
,"C:\\Users\\JUAN DAVID\\AgileEngine\\uncharted-scaped-pods-project\\src\\utils\\Log.ts": {"path":"C:\\Users\\JUAN DAVID\\AgileEngine\\uncharted-scaped-pods-project\\src\\utils\\Log.ts","statementMap":{"0":{"start":{"line":5,"column":17},"end":{"line":5,"column":27}},"1":{"start":{"line":8,"column":23},"end":{"line":8,"column":107}},"2":{"start":{"line":9,"column":23},"end":{"line":9,"column":103}},"3":{"start":{"line":10,"column":4},"end":{"line":10,"column":53}},"4":{"start":{"line":13,"column":16},"end":{"line":13,"column":81}},"5":{"start":{"line":13,"column":39},"end":{"line":13,"column":81}},"6":{"start":{"line":15,"column":16},"end":{"line":15,"column":82}},"7":{"start":{"line":15,"column":39},"end":{"line":15,"column":82}},"8":{"start":{"line":17,"column":17},"end":{"line":17,"column":84}},"9":{"start":{"line":17,"column":40},"end":{"line":17,"column":84}},"10":{"start":{"line":20,"column":0},"end":{"line":20,"column":25}}},"fnMap":{"0":{"name":"(anonymous_0)","decl":{"start":{"line":7,"column":2},"end":{"line":7,"column":null}},"loc":{"start":{"line":7,"column":2},"end":{"line":11,"column":3}}},"1":{"name":"(anonymous_1)","decl":{"start":{"line":13,"column":16},"end":{"line":13,"column":17}},"loc":{"start":{"line":13,"column":39},"end":{"line":13,"column":81}}},"2":{"name":"(anonymous_2)","decl":{"start":{"line":15,"column":16},"end":{"line":15,"column":17}},"loc":{"start":{"line":15,"column":39},"end":{"line":15,"column":82}}},"3":{"name":"(anonymous_3)","decl":{"start":{"line":17,"column":17},"end":{"line":17,"column":18}},"loc":{"start":{"line":17,"column":40},"end":{"line":17,"column":84}}}},"branchMap":{},"s":{"0":2,"1":2,"2":2,"3":2,"4":2,"5":0,"6":2,"7":0,"8":2,"9":0,"10":2},"f":{"0":2,"1":0,"2":0,"3":0},"b":{}}
}
