{"/mnt/c/Users/JUAN DAVID/AgileEngine/uncharted-scaped-pods-project/dist/controllers/EscapePodController.js": {"path":"/mnt/c/Users/JUAN DAVID/AgileEngine/uncharted-scaped-pods-project/dist/controllers/EscapePodController.js","statementMap":{"0":{"start":{"line":2,"column":22},"end":{"line":4,"column":1}},"1":{"start":{"line":3,"column":4},"end":{"line":3,"column":62}},"2":{"start":{"line":5,"column":0},"end":{"line":5,"column":62}},"3":{"start":{"line":6,"column":27},"end":{"line":6,"column":83}},"4":{"start":{"line":7,"column":26},"end":{"line":7,"column":63}},"5":{"start":{"line":11,"column":8},"end":{"line":11,"column":49}},"6":{"start":{"line":12,"column":8},"end":{"line":12,"column":47}},"7":{"start":{"line":15,"column":14},"end":{"line":21,"column":5}},"8":{"start":{"line":16,"column":19},"end":{"line":16,"column":40}},"9":{"start":{"line":17,"column":26},"end":{"line":17,"column":72}},"10":{"start":{"line":18,"column":8},"end":{"line":20,"column":11}},"11":{"start":{"line":22,"column":13},"end":{"line":25,"column":5}},"12":{"start":{"line":23,"column":26},"end":{"line":23,"column":70}},"13":{"start":{"line":24,"column":8},"end":{"line":24,"column":78}},"14":{"start":{"line":26,"column":17},"end":{"line":32,"column":5}},"15":{"start":{"line":27,"column":19},"end":{"line":27,"column":40}},"16":{"start":{"line":28,"column":27},"end":{"line":28,"column":79}},"17":{"start":{"line":29,"column":8},"end":{"line":31,"column":11}},"18":{"start":{"line":33,"column":17},"end":{"line":37,"column":5}},"19":{"start":{"line":34,"column":19},"end":{"line":34,"column":40}},"20":{"start":{"line":35,"column":8},"end":{"line":35,"column":51}},"21":{"start":{"line":36,"column":8},"end":{"line":36,"column":28}},"22":{"start":{"line":39,"column":0},"end":{"line":39,"column":38}}},"fnMap":{"0":{"name":"(anonymous_0)","decl":{"start":{"line":2,"column":56},"end":{"line":2,"column":57}},"loc":{"start":{"line":2,"column":71},"end":{"line":4,"column":1}},"line":2},"1":{"name":"(anonymous_1)","decl":{"start":{"line":10,"column":4},"end":{"line":10,"column":5}},"loc":{"start":{"line":10,"column":128},"end":{"line":13,"column":5}},"line":10},"2":{"name":"(anonymous_2)","decl":{"start":{"line":15,"column":14},"end":{"line":15,"column":15}},"loc":{"start":{"line":15,"column":34},"end":{"line":21,"column":5}},"line":15},"3":{"name":"(anonymous_3)","decl":{"start":{"line":22,"column":13},"end":{"line":22,"column":14}},"loc":{"start":{"line":22,"column":33},"end":{"line":25,"column":5}},"line":22},"4":{"name":"(anonymous_4)","decl":{"start":{"line":26,"column":17},"end":{"line":26,"column":18}},"loc":{"start":{"line":26,"column":37},"end":{"line":32,"column":5}},"line":26},"5":{"name":"(anonymous_5)","decl":{"start":{"line":33,"column":17},"end":{"line":33,"column":18}},"loc":{"start":{"line":33,"column":37},"end":{"line":37,"column":5}},"line":33}},"branchMap":{"0":{"loc":{"start":{"line":2,"column":22},"end":{"line":4,"column":1}},"type":"binary-expr","locations":[{"start":{"line":2,"column":23},"end":{"line":2,"column":27}},{"start":{"line":2,"column":31},"end":{"line":2,"column":51}},{"start":{"line":2,"column":56},"end":{"line":4,"column":1}}],"line":2},"1":{"loc":{"start":{"line":3,"column":11},"end":{"line":3,"column":61}},"type":"cond-expr","locations":[{"start":{"line":3,"column":37},"end":{"line":3,"column":40}},{"start":{"line":3,"column":43},"end":{"line":3,"column":61}}],"line":3},"2":{"loc":{"start":{"line":3,"column":12},"end":{"line":3,"column":33}},"type":"binary-expr","locations":[{"start":{"line":3,"column":12},"end":{"line":3,"column":15}},{"start":{"line":3,"column":19},"end":{"line":3,"column":33}}],"line":3},"3":{"loc":{"start":{"line":10,"column":16},"end":{"line":10,"column":67}},"type":"default-arg","locations":[{"start":{"line":10,"column":35},"end":{"line":10,"column":67}}],"line":10},"4":{"loc":{"start":{"line":10,"column":69},"end":{"line":10,"column":126}},"type":"default-arg","locations":[{"start":{"line":10,"column":87},"end":{"line":10,"column":126}}],"line":10}},"s":{"0":1,"1":1,"2":1,"3":1,"4":1,"5":8,"6":8,"7":8,"8":2,"9":2,"10":1,"11":8,"12":2,"13":1,"14":8,"15":2,"16":2,"17":1,"18":8,"19":2,"20":2,"21":0,"22":1},"f":{"0":1,"1":8,"2":2,"3":2,"4":2,"5":2},"b":{"0":[1,1,1],"1":[1,0],"2":[1,1],"3":[0],"4":[8]},"inputSourceMap":null,"_coverageSchema":"1a1c01bbd47fc00a2c39e90264f33305004495a9","hash":"450cf2f5399524b7e3b23485d637eb1c6d66af6b"}
,"/mnt/c/Users/JUAN DAVID/AgileEngine/uncharted-scaped-pods-project/dist/controllers/UserController.js": {"path":"/mnt/c/Users/JUAN DAVID/AgileEngine/uncharted-scaped-pods-project/dist/controllers/UserController.js","statementMap":{"0":{"start":{"line":2,"column":22},"end":{"line":4,"column":1}},"1":{"start":{"line":3,"column":4},"end":{"line":3,"column":62}},"2":{"start":{"line":5,"column":0},"end":{"line":5,"column":62}},"3":{"start":{"line":6,"column":22},"end":{"line":6,"column":73}},"4":{"start":{"line":7,"column":21},"end":{"line":7,"column":53}},"5":{"start":{"line":11,"column":8},"end":{"line":11,"column":39}},"6":{"start":{"line":12,"column":8},"end":{"line":12,"column":37}},"7":{"start":{"line":15,"column":13},"end":{"line":20,"column":5}},"8":{"start":{"line":16,"column":22},"end":{"line":16,"column":53}},"9":{"start":{"line":17,"column":8},"end":{"line":19,"column":11}},"10":{"start":{"line":21,"column":14},"end":{"line":27,"column":5}},"11":{"start":{"line":22,"column":19},"end":{"line":22,"column":40}},"12":{"start":{"line":23,"column":21},"end":{"line":23,"column":62}},"13":{"start":{"line":24,"column":8},"end":{"line":26,"column":11}},"14":{"start":{"line":28,"column":13},"end":{"line":31,"column":5}},"15":{"start":{"line":29,"column":21},"end":{"line":29,"column":60}},"16":{"start":{"line":30,"column":8},"end":{"line":30,"column":68}},"17":{"start":{"line":32,"column":17},"end":{"line":35,"column":5}},"18":{"start":{"line":33,"column":21},"end":{"line":33,"column":87}},"19":{"start":{"line":34,"column":8},"end":{"line":34,"column":68}},"20":{"start":{"line":36,"column":17},"end":{"line":40,"column":5}},"21":{"start":{"line":37,"column":19},"end":{"line":37,"column":40}},"22":{"start":{"line":38,"column":8},"end":{"line":38,"column":46}},"23":{"start":{"line":39,"column":8},"end":{"line":39,"column":28}},"24":{"start":{"line":42,"column":0},"end":{"line":42,"column":33}}},"fnMap":{"0":{"name":"(anonymous_0)","decl":{"start":{"line":2,"column":56},"end":{"line":2,"column":57}},"loc":{"start":{"line":2,"column":71},"end":{"line":4,"column":1}},"line":2},"1":{"name":"(anonymous_1)","decl":{"start":{"line":10,"column":4},"end":{"line":10,"column":5}},"loc":{"start":{"line":10,"column":103},"end":{"line":13,"column":5}},"line":10},"2":{"name":"(anonymous_2)","decl":{"start":{"line":15,"column":13},"end":{"line":15,"column":14}},"loc":{"start":{"line":15,"column":33},"end":{"line":20,"column":5}},"line":15},"3":{"name":"(anonymous_3)","decl":{"start":{"line":21,"column":14},"end":{"line":21,"column":15}},"loc":{"start":{"line":21,"column":34},"end":{"line":27,"column":5}},"line":21},"4":{"name":"(anonymous_4)","decl":{"start":{"line":28,"column":13},"end":{"line":28,"column":14}},"loc":{"start":{"line":28,"column":33},"end":{"line":31,"column":5}},"line":28},"5":{"name":"(anonymous_5)","decl":{"start":{"line":32,"column":17},"end":{"line":32,"column":18}},"loc":{"start":{"line":32,"column":37},"end":{"line":35,"column":5}},"line":32},"6":{"name":"(anonymous_6)","decl":{"start":{"line":36,"column":17},"end":{"line":36,"column":18}},"loc":{"start":{"line":36,"column":37},"end":{"line":40,"column":5}},"line":36}},"branchMap":{"0":{"loc":{"start":{"line":2,"column":22},"end":{"line":4,"column":1}},"type":"binary-expr","locations":[{"start":{"line":2,"column":23},"end":{"line":2,"column":27}},{"start":{"line":2,"column":31},"end":{"line":2,"column":51}},{"start":{"line":2,"column":56},"end":{"line":4,"column":1}}],"line":2},"1":{"loc":{"start":{"line":3,"column":11},"end":{"line":3,"column":61}},"type":"cond-expr","locations":[{"start":{"line":3,"column":37},"end":{"line":3,"column":40}},{"start":{"line":3,"column":43},"end":{"line":3,"column":61}}],"line":3},"2":{"loc":{"start":{"line":3,"column":12},"end":{"line":3,"column":33}},"type":"binary-expr","locations":[{"start":{"line":3,"column":12},"end":{"line":3,"column":15}},{"start":{"line":3,"column":19},"end":{"line":3,"column":33}}],"line":3},"3":{"loc":{"start":{"line":10,"column":16},"end":{"line":10,"column":57}},"type":"default-arg","locations":[{"start":{"line":10,"column":30},"end":{"line":10,"column":57}}],"line":10},"4":{"loc":{"start":{"line":10,"column":59},"end":{"line":10,"column":101}},"type":"default-arg","locations":[{"start":{"line":10,"column":72},"end":{"line":10,"column":101}}],"line":10}},"s":{"0":1,"1":1,"2":1,"3":1,"4":1,"5":8,"6":8,"7":8,"8":0,"9":0,"10":8,"11":2,"12":2,"13":1,"14":8,"15":2,"16":1,"17":8,"18":2,"19":1,"20":8,"21":2,"22":2,"23":0,"24":1},"f":{"0":1,"1":8,"2":0,"3":2,"4":2,"5":2,"6":2},"b":{"0":[1,1,1],"1":[1,0],"2":[1,1],"3":[0],"4":[8]},"inputSourceMap":null,"_coverageSchema":"1a1c01bbd47fc00a2c39e90264f33305004495a9","hash":"4f1ecdf0214be46739e0417d9d4b8bbb3af68cb6"}
,"/mnt/c/Users/JUAN DAVID/AgileEngine/uncharted-scaped-pods-project/dist/entities/EscapePod.js": {"path":"/mnt/c/Users/JUAN DAVID/AgileEngine/uncharted-scaped-pods-project/dist/entities/EscapePod.js","statementMap":{"0":{"start":{"line":2,"column":17},"end":{"line":7,"column":1}},"1":{"start":{"line":3,"column":12},"end":{"line":3,"column":28}},"2":{"start":{"line":3,"column":34},"end":{"line":3,"column":125}},"3":{"start":{"line":4,"column":4},"end":{"line":5,"column":150}},"4":{"start":{"line":4,"column":79},"end":{"line":4,"column":131}},"5":{"start":{"line":5,"column":9},"end":{"line":5,"column":150}},"6":{"start":{"line":5,"column":22},"end":{"line":5,"column":43}},"7":{"start":{"line":5,"column":58},"end":{"line":5,"column":150}},"8":{"start":{"line":5,"column":81},"end":{"line":5,"column":150}},"9":{"start":{"line":6,"column":4},"end":{"line":6,"column":66}},"10":{"start":{"line":8,"column":17},"end":{"line":10,"column":1}},"11":{"start":{"line":9,"column":4},"end":{"line":9,"column":109}},"12":{"start":{"line":9,"column":79},"end":{"line":9,"column":109}},"13":{"start":{"line":11,"column":22},"end":{"line":13,"column":1}},"14":{"start":{"line":12,"column":4},"end":{"line":12,"column":62}},"15":{"start":{"line":14,"column":0},"end":{"line":14,"column":62}},"16":{"start":{"line":15,"column":18},"end":{"line":15,"column":36}},"17":{"start":{"line":16,"column":34},"end":{"line":16,"column":94}},"18":{"start":{"line":17,"column":16},"end":{"line":21,"column":1}},"19":{"start":{"line":22,"column":0},"end":{"line":25,"column":38}},"20":{"start":{"line":26,"column":0},"end":{"line":29,"column":45}},"21":{"start":{"line":30,"column":0},"end":{"line":33,"column":45}},"22":{"start":{"line":34,"column":0},"end":{"line":36,"column":14}},"23":{"start":{"line":37,"column":0},"end":{"line":37,"column":28}}},"fnMap":{"0":{"name":"(anonymous_0)","decl":{"start":{"line":2,"column":46},"end":{"line":2,"column":47}},"loc":{"start":{"line":2,"column":87},"end":{"line":7,"column":1}},"line":2},"1":{"name":"(anonymous_1)","decl":{"start":{"line":8,"column":46},"end":{"line":8,"column":47}},"loc":{"start":{"line":8,"column":62},"end":{"line":10,"column":1}},"line":8},"2":{"name":"(anonymous_2)","decl":{"start":{"line":11,"column":56},"end":{"line":11,"column":57}},"loc":{"start":{"line":11,"column":71},"end":{"line":13,"column":1}},"line":11}},"branchMap":{"0":{"loc":{"start":{"line":2,"column":17},"end":{"line":7,"column":1}},"type":"binary-expr","locations":[{"start":{"line":2,"column":18},"end":{"line":2,"column":22}},{"start":{"line":2,"column":26},"end":{"line":2,"column":41}},{"start":{"line":2,"column":46},"end":{"line":7,"column":1}}],"line":2},"1":{"loc":{"start":{"line":3,"column":34},"end":{"line":3,"column":125}},"type":"cond-expr","locations":[{"start":{"line":3,"column":42},"end":{"line":3,"column":48}},{"start":{"line":3,"column":51},"end":{"line":3,"column":125}}],"line":3},"2":{"loc":{"start":{"line":3,"column":51},"end":{"line":3,"column":125}},"type":"cond-expr","locations":[{"start":{"line":3,"column":67},"end":{"line":3,"column":118}},{"start":{"line":3,"column":121},"end":{"line":3,"column":125}}],"line":3},"3":{"loc":{"start":{"line":4,"column":4},"end":{"line":5,"column":150}},"type":"if","locations":[{"start":{"line":4,"column":4},"end":{"line":5,"column":150}},{"start":{"line":5,"column":9},"end":{"line":5,"column":150}}],"line":4},"4":{"loc":{"start":{"line":4,"column":8},"end":{"line":4,"column":77}},"type":"binary-expr","locations":[{"start":{"line":4,"column":8},"end":{"line":4,"column":35}},{"start":{"line":4,"column":39},"end":{"line":4,"column":77}}],"line":4},"5":{"loc":{"start":{"line":5,"column":58},"end":{"line":5,"column":150}},"type":"if","locations":[{"start":{"line":5,"column":58},"end":{"line":5,"column":150}},{"start":{},"end":{}}],"line":5},"6":{"loc":{"start":{"line":5,"column":85},"end":{"line":5,"column":149}},"type":"binary-expr","locations":[{"start":{"line":5,"column":86},"end":{"line":5,"column":143}},{"start":{"line":5,"column":148},"end":{"line":5,"column":149}}],"line":5},"7":{"loc":{"start":{"line":5,"column":86},"end":{"line":5,"column":143}},"type":"cond-expr","locations":[{"start":{"line":5,"column":94},"end":{"line":5,"column":98}},{"start":{"line":5,"column":101},"end":{"line":5,"column":143}}],"line":5},"8":{"loc":{"start":{"line":5,"column":101},"end":{"line":5,"column":143}},"type":"cond-expr","locations":[{"start":{"line":5,"column":109},"end":{"line":5,"column":126}},{"start":{"line":5,"column":129},"end":{"line":5,"column":143}}],"line":5},"9":{"loc":{"start":{"line":6,"column":11},"end":{"line":6,"column":62}},"type":"binary-expr","locations":[{"start":{"line":6,"column":11},"end":{"line":6,"column":16}},{"start":{"line":6,"column":20},"end":{"line":6,"column":21}},{"start":{"line":6,"column":25},"end":{"line":6,"column":62}}],"line":6},"10":{"loc":{"start":{"line":8,"column":17},"end":{"line":10,"column":1}},"type":"binary-expr","locations":[{"start":{"line":8,"column":18},"end":{"line":8,"column":22}},{"start":{"line":8,"column":26},"end":{"line":8,"column":41}},{"start":{"line":8,"column":46},"end":{"line":10,"column":1}}],"line":8},"11":{"loc":{"start":{"line":9,"column":4},"end":{"line":9,"column":109}},"type":"if","locations":[{"start":{"line":9,"column":4},"end":{"line":9,"column":109}},{"start":{},"end":{}}],"line":9},"12":{"loc":{"start":{"line":9,"column":8},"end":{"line":9,"column":77}},"type":"binary-expr","locations":[{"start":{"line":9,"column":8},"end":{"line":9,"column":35}},{"start":{"line":9,"column":39},"end":{"line":9,"column":77}}],"line":9},"13":{"loc":{"start":{"line":11,"column":22},"end":{"line":13,"column":1}},"type":"binary-expr","locations":[{"start":{"line":11,"column":23},"end":{"line":11,"column":27}},{"start":{"line":11,"column":31},"end":{"line":11,"column":51}},{"start":{"line":11,"column":56},"end":{"line":13,"column":1}}],"line":11},"14":{"loc":{"start":{"line":12,"column":11},"end":{"line":12,"column":61}},"type":"cond-expr","locations":[{"start":{"line":12,"column":37},"end":{"line":12,"column":40}},{"start":{"line":12,"column":43},"end":{"line":12,"column":61}}],"line":12},"15":{"loc":{"start":{"line":12,"column":12},"end":{"line":12,"column":33}},"type":"binary-expr","locations":[{"start":{"line":12,"column":12},"end":{"line":12,"column":15}},{"start":{"line":12,"column":19},"end":{"line":12,"column":33}}],"line":12}},"s":{"0":3,"1":12,"2":12,"3":12,"4":12,"5":0,"6":0,"7":0,"8":0,"9":12,"10":3,"11":9,"12":9,"13":3,"14":3,"15":3,"16":3,"17":3,"18":3,"19":3,"20":3,"21":3,"22":3,"23":3},"f":{"0":12,"1":9,"2":3},"b":{"0":[3,3,3],"1":[3,9],"2":[0,9],"3":[12,0],"4":[12,12],"5":[0,0],"6":[0,0],"7":[0,0],"8":[0,0],"9":[12,9,0],"10":[3,3,3],"11":[9,0],"12":[9,9],"13":[3,3,3],"14":[3,0],"15":[3,3]},"inputSourceMap":null,"_coverageSchema":"1a1c01bbd47fc00a2c39e90264f33305004495a9","hash":"24c8e35f581d5763756088df08244f359d32b444"}
,"/mnt/c/Users/JUAN DAVID/AgileEngine/uncharted-scaped-pods-project/dist/entities/User.js": {"path":"/mnt/c/Users/JUAN DAVID/AgileEngine/uncharted-scaped-pods-project/dist/entities/User.js","statementMap":{"0":{"start":{"line":2,"column":17},"end":{"line":7,"column":1}},"1":{"start":{"line":3,"column":12},"end":{"line":3,"column":28}},"2":{"start":{"line":3,"column":34},"end":{"line":3,"column":125}},"3":{"start":{"line":4,"column":4},"end":{"line":5,"column":150}},"4":{"start":{"line":4,"column":79},"end":{"line":4,"column":131}},"5":{"start":{"line":5,"column":9},"end":{"line":5,"column":150}},"6":{"start":{"line":5,"column":22},"end":{"line":5,"column":43}},"7":{"start":{"line":5,"column":58},"end":{"line":5,"column":150}},"8":{"start":{"line":5,"column":81},"end":{"line":5,"column":150}},"9":{"start":{"line":6,"column":4},"end":{"line":6,"column":66}},"10":{"start":{"line":8,"column":17},"end":{"line":10,"column":1}},"11":{"start":{"line":9,"column":4},"end":{"line":9,"column":109}},"12":{"start":{"line":9,"column":79},"end":{"line":9,"column":109}},"13":{"start":{"line":11,"column":22},"end":{"line":13,"column":1}},"14":{"start":{"line":12,"column":4},"end":{"line":12,"column":62}},"15":{"start":{"line":14,"column":0},"end":{"line":14,"column":62}},"16":{"start":{"line":15,"column":0},"end":{"line":15,"column":26}},"17":{"start":{"line":16,"column":26},"end":{"line":16,"column":52}},"18":{"start":{"line":17,"column":18},"end":{"line":17,"column":36}},"19":{"start":{"line":18,"column":34},"end":{"line":18,"column":94}},"20":{"start":{"line":20,"column":0},"end":{"line":28,"column":59}},"21":{"start":{"line":21,"column":4},"end":{"line":21,"column":32}},"22":{"start":{"line":22,"column":4},"end":{"line":22,"column":40}},"23":{"start":{"line":23,"column":4},"end":{"line":23,"column":38}},"24":{"start":{"line":24,"column":4},"end":{"line":24,"column":39}},"25":{"start":{"line":25,"column":4},"end":{"line":25,"column":36}},"26":{"start":{"line":26,"column":4},"end":{"line":26,"column":26}},"27":{"start":{"line":27,"column":4},"end":{"line":27,"column":42}},"28":{"start":{"line":29,"column":11},"end":{"line":38,"column":1}},"29":{"start":{"line":39,"column":0},"end":{"line":42,"column":33}},"30":{"start":{"line":43,"column":0},"end":{"line":50,"column":40}},"31":{"start":{"line":51,"column":0},"end":{"line":54,"column":40}},"32":{"start":{"line":55,"column":0},"end":{"line":58,"column":38}},"33":{"start":{"line":59,"column":0},"end":{"line":63,"column":36}},"34":{"start":{"line":64,"column":0},"end":{"line":67,"column":40}},"35":{"start":{"line":68,"column":0},"end":{"line":71,"column":39}},"36":{"start":{"line":72,"column":0},"end":{"line":78,"column":35}},"37":{"start":{"line":79,"column":0},"end":{"line":81,"column":9}},"38":{"start":{"line":82,"column":0},"end":{"line":82,"column":23}}},"fnMap":{"0":{"name":"(anonymous_0)","decl":{"start":{"line":2,"column":46},"end":{"line":2,"column":47}},"loc":{"start":{"line":2,"column":87},"end":{"line":7,"column":1}},"line":2},"1":{"name":"(anonymous_1)","decl":{"start":{"line":8,"column":46},"end":{"line":8,"column":47}},"loc":{"start":{"line":8,"column":62},"end":{"line":10,"column":1}},"line":8},"2":{"name":"(anonymous_2)","decl":{"start":{"line":11,"column":56},"end":{"line":11,"column":57}},"loc":{"start":{"line":11,"column":71},"end":{"line":13,"column":1}},"line":11},"3":{"name":"(anonymous_3)","decl":{"start":{"line":20,"column":1},"end":{"line":20,"column":2}},"loc":{"start":{"line":20,"column":21},"end":{"line":28,"column":1}},"line":20}},"branchMap":{"0":{"loc":{"start":{"line":2,"column":17},"end":{"line":7,"column":1}},"type":"binary-expr","locations":[{"start":{"line":2,"column":18},"end":{"line":2,"column":22}},{"start":{"line":2,"column":26},"end":{"line":2,"column":41}},{"start":{"line":2,"column":46},"end":{"line":7,"column":1}}],"line":2},"1":{"loc":{"start":{"line":3,"column":34},"end":{"line":3,"column":125}},"type":"cond-expr","locations":[{"start":{"line":3,"column":42},"end":{"line":3,"column":48}},{"start":{"line":3,"column":51},"end":{"line":3,"column":125}}],"line":3},"2":{"loc":{"start":{"line":3,"column":51},"end":{"line":3,"column":125}},"type":"cond-expr","locations":[{"start":{"line":3,"column":67},"end":{"line":3,"column":118}},{"start":{"line":3,"column":121},"end":{"line":3,"column":125}}],"line":3},"3":{"loc":{"start":{"line":4,"column":4},"end":{"line":5,"column":150}},"type":"if","locations":[{"start":{"line":4,"column":4},"end":{"line":5,"column":150}},{"start":{"line":5,"column":9},"end":{"line":5,"column":150}}],"line":4},"4":{"loc":{"start":{"line":4,"column":8},"end":{"line":4,"column":77}},"type":"binary-expr","locations":[{"start":{"line":4,"column":8},"end":{"line":4,"column":35}},{"start":{"line":4,"column":39},"end":{"line":4,"column":77}}],"line":4},"5":{"loc":{"start":{"line":5,"column":58},"end":{"line":5,"column":150}},"type":"if","locations":[{"start":{"line":5,"column":58},"end":{"line":5,"column":150}},{"start":{},"end":{}}],"line":5},"6":{"loc":{"start":{"line":5,"column":85},"end":{"line":5,"column":149}},"type":"binary-expr","locations":[{"start":{"line":5,"column":86},"end":{"line":5,"column":143}},{"start":{"line":5,"column":148},"end":{"line":5,"column":149}}],"line":5},"7":{"loc":{"start":{"line":5,"column":86},"end":{"line":5,"column":143}},"type":"cond-expr","locations":[{"start":{"line":5,"column":94},"end":{"line":5,"column":98}},{"start":{"line":5,"column":101},"end":{"line":5,"column":143}}],"line":5},"8":{"loc":{"start":{"line":5,"column":101},"end":{"line":5,"column":143}},"type":"cond-expr","locations":[{"start":{"line":5,"column":109},"end":{"line":5,"column":126}},{"start":{"line":5,"column":129},"end":{"line":5,"column":143}}],"line":5},"9":{"loc":{"start":{"line":6,"column":11},"end":{"line":6,"column":62}},"type":"binary-expr","locations":[{"start":{"line":6,"column":11},"end":{"line":6,"column":16}},{"start":{"line":6,"column":20},"end":{"line":6,"column":21}},{"start":{"line":6,"column":25},"end":{"line":6,"column":62}}],"line":6},"10":{"loc":{"start":{"line":8,"column":17},"end":{"line":10,"column":1}},"type":"binary-expr","locations":[{"start":{"line":8,"column":18},"end":{"line":8,"column":22}},{"start":{"line":8,"column":26},"end":{"line":8,"column":41}},{"start":{"line":8,"column":46},"end":{"line":10,"column":1}}],"line":8},"11":{"loc":{"start":{"line":9,"column":4},"end":{"line":9,"column":109}},"type":"if","locations":[{"start":{"line":9,"column":4},"end":{"line":9,"column":109}},{"start":{},"end":{}}],"line":9},"12":{"loc":{"start":{"line":9,"column":8},"end":{"line":9,"column":77}},"type":"binary-expr","locations":[{"start":{"line":9,"column":8},"end":{"line":9,"column":35}},{"start":{"line":9,"column":39},"end":{"line":9,"column":77}}],"line":9},"13":{"loc":{"start":{"line":11,"column":22},"end":{"line":13,"column":1}},"type":"binary-expr","locations":[{"start":{"line":11,"column":23},"end":{"line":11,"column":27}},{"start":{"line":11,"column":31},"end":{"line":11,"column":51}},{"start":{"line":11,"column":56},"end":{"line":13,"column":1}}],"line":11},"14":{"loc":{"start":{"line":12,"column":11},"end":{"line":12,"column":61}},"type":"cond-expr","locations":[{"start":{"line":12,"column":37},"end":{"line":12,"column":40}},{"start":{"line":12,"column":43},"end":{"line":12,"column":61}}],"line":12},"15":{"loc":{"start":{"line":12,"column":12},"end":{"line":12,"column":33}},"type":"binary-expr","locations":[{"start":{"line":12,"column":12},"end":{"line":12,"column":15}},{"start":{"line":12,"column":19},"end":{"line":12,"column":33}}],"line":12},"16":{"loc":{"start":{"line":28,"column":14},"end":{"line":28,"column":57}},"type":"binary-expr","locations":[{"start":{"line":28,"column":14},"end":{"line":28,"column":30}},{"start":{"line":28,"column":35},"end":{"line":28,"column":56}}],"line":28}},"s":{"0":5,"1":45,"2":45,"3":45,"4":45,"5":0,"6":0,"7":0,"8":0,"9":45,"10":5,"11":40,"12":40,"13":5,"14":5,"15":5,"16":5,"17":5,"18":5,"19":5,"20":5,"21":5,"22":5,"23":5,"24":5,"25":5,"26":5,"27":5,"28":5,"29":5,"30":5,"31":5,"32":5,"33":5,"34":5,"35":5,"36":5,"37":5,"38":5},"f":{"0":45,"1":40,"2":5,"3":5},"b":{"0":[5,5,5],"1":[5,40],"2":[0,40],"3":[45,0],"4":[45,45],"5":[0,0],"6":[0,0],"7":[0,0],"8":[0,0],"9":[45,40,0],"10":[5,5,5],"11":[40,0],"12":[40,40],"13":[5,5,5],"14":[5,0],"15":[5,5],"16":[5,5]},"inputSourceMap":null,"_coverageSchema":"1a1c01bbd47fc00a2c39e90264f33305004495a9","hash":"cd7d799c954c41db5bcbd38a04c307456725d550"}
,"/mnt/c/Users/JUAN DAVID/AgileEngine/uncharted-scaped-pods-project/dist/exceptions/HttpException.js": {"path":"/mnt/c/Users/JUAN DAVID/AgileEngine/uncharted-scaped-pods-project/dist/exceptions/HttpException.js","statementMap":{"0":{"start":{"line":2,"column":0},"end":{"line":2,"column":62}},"1":{"start":{"line":10,"column":8},"end":{"line":10,"column":23}},"2":{"start":{"line":11,"column":8},"end":{"line":11,"column":29}},"3":{"start":{"line":12,"column":8},"end":{"line":12,"column":31}},"4":{"start":{"line":15,"column":0},"end":{"line":15,"column":32}}},"fnMap":{"0":{"name":"(anonymous_0)","decl":{"start":{"line":9,"column":4},"end":{"line":9,"column":5}},"loc":{"start":{"line":9,"column":65},"end":{"line":13,"column":5}},"line":9}},"branchMap":{"0":{"loc":{"start":{"line":9,"column":16},"end":{"line":9,"column":28}},"type":"default-arg","locations":[{"start":{"line":9,"column":25},"end":{"line":9,"column":28}}],"line":9},"1":{"loc":{"start":{"line":9,"column":30},"end":{"line":9,"column":63}},"type":"default-arg","locations":[{"start":{"line":9,"column":40},"end":{"line":9,"column":63}}],"line":9}},"s":{"0":10,"1":24,"2":24,"3":24,"4":10},"f":{"0":24},"b":{"0":[1],"1":[2]},"inputSourceMap":null,"_coverageSchema":"1a1c01bbd47fc00a2c39e90264f33305004495a9","hash":"746b862b9e4a2b913abbe926d6f4bd872c3b1147"}
,"/mnt/c/Users/JUAN DAVID/AgileEngine/uncharted-scaped-pods-project/dist/exceptions/NotAuthenticatedException.js": {"path":"/mnt/c/Users/JUAN DAVID/AgileEngine/uncharted-scaped-pods-project/dist/exceptions/NotAuthenticatedException.js","statementMap":{"0":{"start":{"line":2,"column":22},"end":{"line":4,"column":1}},"1":{"start":{"line":3,"column":4},"end":{"line":3,"column":62}},"2":{"start":{"line":5,"column":0},"end":{"line":5,"column":62}},"3":{"start":{"line":6,"column":24},"end":{"line":6,"column":67}},"4":{"start":{"line":9,"column":8},"end":{"line":9,"column":51}},"5":{"start":{"line":12,"column":0},"end":{"line":12,"column":44}}},"fnMap":{"0":{"name":"(anonymous_0)","decl":{"start":{"line":2,"column":56},"end":{"line":2,"column":57}},"loc":{"start":{"line":2,"column":71},"end":{"line":4,"column":1}},"line":2},"1":{"name":"(anonymous_1)","decl":{"start":{"line":8,"column":4},"end":{"line":8,"column":5}},"loc":{"start":{"line":8,"column":21},"end":{"line":10,"column":5}},"line":8}},"branchMap":{"0":{"loc":{"start":{"line":2,"column":22},"end":{"line":4,"column":1}},"type":"binary-expr","locations":[{"start":{"line":2,"column":23},"end":{"line":2,"column":27}},{"start":{"line":2,"column":31},"end":{"line":2,"column":51}},{"start":{"line":2,"column":56},"end":{"line":4,"column":1}}],"line":2},"1":{"loc":{"start":{"line":3,"column":11},"end":{"line":3,"column":61}},"type":"cond-expr","locations":[{"start":{"line":3,"column":37},"end":{"line":3,"column":40}},{"start":{"line":3,"column":43},"end":{"line":3,"column":61}}],"line":3},"2":{"loc":{"start":{"line":3,"column":12},"end":{"line":3,"column":33}},"type":"binary-expr","locations":[{"start":{"line":3,"column":12},"end":{"line":3,"column":15}},{"start":{"line":3,"column":19},"end":{"line":3,"column":33}}],"line":3},"3":{"loc":{"start":{"line":9,"column":19},"end":{"line":9,"column":49}},"type":"binary-expr","locations":[{"start":{"line":9,"column":19},"end":{"line":9,"column":22}},{"start":{"line":9,"column":26},"end":{"line":9,"column":49}}],"line":9}},"s":{"0":2,"1":2,"2":2,"3":2,"4":4,"5":2},"f":{"0":2,"1":4},"b":{"0":[2,2,2],"1":[2,0],"2":[2,2],"3":[4,3]},"inputSourceMap":null,"_coverageSchema":"1a1c01bbd47fc00a2c39e90264f33305004495a9","hash":"afb432b70ab23f016a8e48f3f08815706eb4a724"}
,"/mnt/c/Users/JUAN DAVID/AgileEngine/uncharted-scaped-pods-project/dist/exceptions/NotAuthorizedException.js": {"path":"/mnt/c/Users/JUAN DAVID/AgileEngine/uncharted-scaped-pods-project/dist/exceptions/NotAuthorizedException.js","statementMap":{"0":{"start":{"line":2,"column":22},"end":{"line":4,"column":1}},"1":{"start":{"line":3,"column":4},"end":{"line":3,"column":62}},"2":{"start":{"line":5,"column":0},"end":{"line":5,"column":62}},"3":{"start":{"line":6,"column":24},"end":{"line":6,"column":67}},"4":{"start":{"line":9,"column":8},"end":{"line":9,"column":67}},"5":{"start":{"line":12,"column":0},"end":{"line":12,"column":41}}},"fnMap":{"0":{"name":"(anonymous_0)","decl":{"start":{"line":2,"column":56},"end":{"line":2,"column":57}},"loc":{"start":{"line":2,"column":71},"end":{"line":4,"column":1}},"line":2},"1":{"name":"(anonymous_1)","decl":{"start":{"line":8,"column":4},"end":{"line":8,"column":5}},"loc":{"start":{"line":8,"column":21},"end":{"line":10,"column":5}},"line":8}},"branchMap":{"0":{"loc":{"start":{"line":2,"column":22},"end":{"line":4,"column":1}},"type":"binary-expr","locations":[{"start":{"line":2,"column":23},"end":{"line":2,"column":27}},{"start":{"line":2,"column":31},"end":{"line":2,"column":51}},{"start":{"line":2,"column":56},"end":{"line":4,"column":1}}],"line":2},"1":{"loc":{"start":{"line":3,"column":11},"end":{"line":3,"column":61}},"type":"cond-expr","locations":[{"start":{"line":3,"column":37},"end":{"line":3,"column":40}},{"start":{"line":3,"column":43},"end":{"line":3,"column":61}}],"line":3},"2":{"loc":{"start":{"line":3,"column":12},"end":{"line":3,"column":33}},"type":"binary-expr","locations":[{"start":{"line":3,"column":12},"end":{"line":3,"column":15}},{"start":{"line":3,"column":19},"end":{"line":3,"column":33}}],"line":3},"3":{"loc":{"start":{"line":9,"column":19},"end":{"line":9,"column":65}},"type":"binary-expr","locations":[{"start":{"line":9,"column":19},"end":{"line":9,"column":22}},{"start":{"line":9,"column":26},"end":{"line":9,"column":65}}],"line":9}},"s":{"0":2,"1":2,"2":2,"3":2,"4":2,"5":2},"f":{"0":2,"1":2},"b":{"0":[2,2,2],"1":[2,0],"2":[2,2],"3":[2,1]},"inputSourceMap":null,"_coverageSchema":"1a1c01bbd47fc00a2c39e90264f33305004495a9","hash":"532927d17582811d21ffe470982ad732c6952c70"}
,"/mnt/c/Users/JUAN DAVID/AgileEngine/uncharted-scaped-pods-project/dist/exceptions/NotFoundException.js": {"path":"/mnt/c/Users/JUAN DAVID/AgileEngine/uncharted-scaped-pods-project/dist/exceptions/NotFoundException.js","statementMap":{"0":{"start":{"line":2,"column":22},"end":{"line":4,"column":1}},"1":{"start":{"line":3,"column":4},"end":{"line":3,"column":62}},"2":{"start":{"line":5,"column":0},"end":{"line":5,"column":62}},"3":{"start":{"line":6,"column":24},"end":{"line":6,"column":67}},"4":{"start":{"line":12,"column":8},"end":{"line":12,"column":50}},"5":{"start":{"line":15,"column":0},"end":{"line":15,"column":36}}},"fnMap":{"0":{"name":"(anonymous_0)","decl":{"start":{"line":2,"column":56},"end":{"line":2,"column":57}},"loc":{"start":{"line":2,"column":71},"end":{"line":4,"column":1}},"line":2},"1":{"name":"(anonymous_1)","decl":{"start":{"line":11,"column":4},"end":{"line":11,"column":5}},"loc":{"start":{"line":11,"column":25},"end":{"line":13,"column":5}},"line":11}},"branchMap":{"0":{"loc":{"start":{"line":2,"column":22},"end":{"line":4,"column":1}},"type":"binary-expr","locations":[{"start":{"line":2,"column":23},"end":{"line":2,"column":27}},{"start":{"line":2,"column":31},"end":{"line":2,"column":51}},{"start":{"line":2,"column":56},"end":{"line":4,"column":1}}],"line":2},"1":{"loc":{"start":{"line":3,"column":11},"end":{"line":3,"column":61}},"type":"cond-expr","locations":[{"start":{"line":3,"column":37},"end":{"line":3,"column":40}},{"start":{"line":3,"column":43},"end":{"line":3,"column":61}}],"line":3},"2":{"loc":{"start":{"line":3,"column":12},"end":{"line":3,"column":33}},"type":"binary-expr","locations":[{"start":{"line":3,"column":12},"end":{"line":3,"column":15}},{"start":{"line":3,"column":19},"end":{"line":3,"column":33}}],"line":3},"3":{"loc":{"start":{"line":12,"column":19},"end":{"line":12,"column":48}},"type":"binary-expr","locations":[{"start":{"line":12,"column":19},"end":{"line":12,"column":26}},{"start":{"line":12,"column":30},"end":{"line":12,"column":48}}],"line":12}},"s":{"0":7,"1":7,"2":7,"3":7,"4":15,"5":7},"f":{"0":7,"1":15},"b":{"0":[7,7,7],"1":[7,0],"2":[7,7],"3":[15,8]},"inputSourceMap":null,"_coverageSchema":"1a1c01bbd47fc00a2c39e90264f33305004495a9","hash":"6bdbd6c834682065ff651f9507882220691bf57e"}
,"/mnt/c/Users/JUAN DAVID/AgileEngine/uncharted-scaped-pods-project/dist/exceptions/NotImplementedException.js": {"path":"/mnt/c/Users/JUAN DAVID/AgileEngine/uncharted-scaped-pods-project/dist/exceptions/NotImplementedException.js","statementMap":{"0":{"start":{"line":2,"column":22},"end":{"line":4,"column":1}},"1":{"start":{"line":3,"column":4},"end":{"line":3,"column":62}},"2":{"start":{"line":5,"column":0},"end":{"line":5,"column":62}},"3":{"start":{"line":6,"column":24},"end":{"line":6,"column":67}},"4":{"start":{"line":12,"column":8},"end":{"line":12,"column":58}},"5":{"start":{"line":15,"column":0},"end":{"line":15,"column":42}}},"fnMap":{"0":{"name":"(anonymous_0)","decl":{"start":{"line":2,"column":56},"end":{"line":2,"column":57}},"loc":{"start":{"line":2,"column":71},"end":{"line":4,"column":1}},"line":2},"1":{"name":"(anonymous_1)","decl":{"start":{"line":11,"column":4},"end":{"line":11,"column":5}},"loc":{"start":{"line":11,"column":25},"end":{"line":13,"column":5}},"line":11}},"branchMap":{"0":{"loc":{"start":{"line":2,"column":22},"end":{"line":4,"column":1}},"type":"binary-expr","locations":[{"start":{"line":2,"column":23},"end":{"line":2,"column":27}},{"start":{"line":2,"column":31},"end":{"line":2,"column":51}},{"start":{"line":2,"column":56},"end":{"line":4,"column":1}}],"line":2},"1":{"loc":{"start":{"line":3,"column":11},"end":{"line":3,"column":61}},"type":"cond-expr","locations":[{"start":{"line":3,"column":37},"end":{"line":3,"column":40}},{"start":{"line":3,"column":43},"end":{"line":3,"column":61}}],"line":3},"2":{"loc":{"start":{"line":3,"column":12},"end":{"line":3,"column":33}},"type":"binary-expr","locations":[{"start":{"line":3,"column":12},"end":{"line":3,"column":15}},{"start":{"line":3,"column":19},"end":{"line":3,"column":33}}],"line":3},"3":{"loc":{"start":{"line":12,"column":19},"end":{"line":12,"column":56}},"type":"binary-expr","locations":[{"start":{"line":12,"column":19},"end":{"line":12,"column":26}},{"start":{"line":12,"column":30},"end":{"line":12,"column":56}}],"line":12}},"s":{"0":2,"1":2,"2":2,"3":2,"4":0,"5":2},"f":{"0":2,"1":0},"b":{"0":[2,2,2],"1":[2,0],"2":[2,2],"3":[0,0]},"inputSourceMap":null,"_coverageSchema":"1a1c01bbd47fc00a2c39e90264f33305004495a9","hash":"97ecd60358346c4cc8400041bf7ca961ae38dd2c"}
,"/mnt/c/Users/JUAN DAVID/AgileEngine/uncharted-scaped-pods-project/dist/mappers/EscapePodMapper.js": {"path":"/mnt/c/Users/JUAN DAVID/AgileEngine/uncharted-scaped-pods-project/dist/mappers/EscapePodMapper.js","statementMap":{"0":{"start":{"line":2,"column":0},"end":{"line":2,"column":62}},"1":{"start":{"line":3,"column":0},"end":{"line":3,"column":33}},"2":{"start":{"line":9,"column":8},"end":{"line":13,"column":10}},"3":{"start":{"line":16,"column":0},"end":{"line":16,"column":42}}},"fnMap":{"0":{"name":"(anonymous_0)","decl":{"start":{"line":8,"column":4},"end":{"line":8,"column":5}},"loc":{"start":{"line":8,"column":13},"end":{"line":14,"column":5}},"line":8}},"branchMap":{},"s":{"0":2,"1":2,"2":7,"3":2},"f":{"0":7},"b":{},"inputSourceMap":null,"_coverageSchema":"1a1c01bbd47fc00a2c39e90264f33305004495a9","hash":"5296f6a13871e193554a9187ce07589f50b86520"}
,"/mnt/c/Users/JUAN DAVID/AgileEngine/uncharted-scaped-pods-project/dist/mappers/UserMapper.js": {"path":"/mnt/c/Users/JUAN DAVID/AgileEngine/uncharted-scaped-pods-project/dist/mappers/UserMapper.js","statementMap":{"0":{"start":{"line":2,"column":0},"end":{"line":2,"column":62}},"1":{"start":{"line":3,"column":0},"end":{"line":3,"column":28}},"2":{"start":{"line":9,"column":8},"end":{"line":17,"column":10}},"3":{"start":{"line":20,"column":0},"end":{"line":20,"column":32}}},"fnMap":{"0":{"name":"(anonymous_0)","decl":{"start":{"line":8,"column":4},"end":{"line":8,"column":5}},"loc":{"start":{"line":8,"column":13},"end":{"line":18,"column":5}},"line":8}},"branchMap":{},"s":{"0":2,"1":2,"2":7,"3":2},"f":{"0":7},"b":{},"inputSourceMap":null,"_coverageSchema":"1a1c01bbd47fc00a2c39e90264f33305004495a9","hash":"b623b23305a7ca0a5f57ec25bc5e6b871dcfdddb"}
,"/mnt/c/Users/JUAN DAVID/AgileEngine/uncharted-scaped-pods-project/dist/middlewares/Authentication.js": {"path":"/mnt/c/Users/JUAN DAVID/AgileEngine/uncharted-scaped-pods-project/dist/middlewares/Authentication.js","statementMap":{"0":{"start":{"line":2,"column":22},"end":{"line":4,"column":1}},"1":{"start":{"line":3,"column":4},"end":{"line":3,"column":62}},"2":{"start":{"line":5,"column":0},"end":{"line":5,"column":62}},"3":{"start":{"line":6,"column":0},"end":{"line":6,"column":42}},"4":{"start":{"line":7,"column":14},"end":{"line":7,"column":54}},"5":{"start":{"line":8,"column":36},"end":{"line":8,"column":103}},"6":{"start":{"line":9,"column":22},"end":{"line":9,"column":73}},"7":{"start":{"line":10,"column":28},"end":{"line":10,"column":87}},"8":{"start":{"line":12,"column":25},"end":{"line":12,"column":89}},"9":{"start":{"line":15,"column":8},"end":{"line":15,"column":72}},"10":{"start":{"line":16,"column":8},"end":{"line":16,"column":39}},"11":{"start":{"line":19,"column":8},"end":{"line":38,"column":10}},"12":{"start":{"line":24,"column":12},"end":{"line":25,"column":64}},"13":{"start":{"line":25,"column":16},"end":{"line":25,"column":64}},"14":{"start":{"line":26,"column":12},"end":{"line":37,"column":13}},"15":{"start":{"line":27,"column":29},"end":{"line":27,"column":85}},"16":{"start":{"line":29,"column":16},"end":{"line":29,"column":48}},"17":{"start":{"line":30,"column":16},"end":{"line":30,"column":37}},"18":{"start":{"line":31,"column":16},"end":{"line":31,"column":23}},"19":{"start":{"line":34,"column":16},"end":{"line":35,"column":68}},"20":{"start":{"line":35,"column":20},"end":{"line":35,"column":68}},"21":{"start":{"line":36,"column":16},"end":{"line":36,"column":24}},"22":{"start":{"line":41,"column":0},"end":{"line":41,"column":60}},"23":{"start":{"line":42,"column":0},"end":{"line":42,"column":49}}},"fnMap":{"0":{"name":"(anonymous_0)","decl":{"start":{"line":2,"column":56},"end":{"line":2,"column":57}},"loc":{"start":{"line":2,"column":71},"end":{"line":4,"column":1}},"line":2},"1":{"name":"(anonymous_1)","decl":{"start":{"line":14,"column":4},"end":{"line":14,"column":5}},"loc":{"start":{"line":14,"column":64},"end":{"line":17,"column":5}},"line":14},"2":{"name":"(anonymous_2)","decl":{"start":{"line":18,"column":4},"end":{"line":18,"column":5}},"loc":{"start":{"line":18,"column":10},"end":{"line":39,"column":5}},"line":18},"3":{"name":"(anonymous_3)","decl":{"start":{"line":19,"column":15},"end":{"line":19,"column":16}},"loc":{"start":{"line":19,"column":42},"end":{"line":38,"column":9}},"line":19}},"branchMap":{"0":{"loc":{"start":{"line":2,"column":22},"end":{"line":4,"column":1}},"type":"binary-expr","locations":[{"start":{"line":2,"column":23},"end":{"line":2,"column":27}},{"start":{"line":2,"column":31},"end":{"line":2,"column":51}},{"start":{"line":2,"column":56},"end":{"line":4,"column":1}}],"line":2},"1":{"loc":{"start":{"line":3,"column":11},"end":{"line":3,"column":61}},"type":"cond-expr","locations":[{"start":{"line":3,"column":37},"end":{"line":3,"column":40}},{"start":{"line":3,"column":43},"end":{"line":3,"column":61}}],"line":3},"2":{"loc":{"start":{"line":3,"column":12},"end":{"line":3,"column":33}},"type":"binary-expr","locations":[{"start":{"line":3,"column":12},"end":{"line":3,"column":15}},{"start":{"line":3,"column":19},"end":{"line":3,"column":33}}],"line":3},"3":{"loc":{"start":{"line":14,"column":21},"end":{"line":14,"column":62}},"type":"default-arg","locations":[{"start":{"line":14,"column":35},"end":{"line":14,"column":62}}],"line":14},"4":{"loc":{"start":{"line":15,"column":27},"end":{"line":15,"column":70}},"type":"binary-expr","locations":[{"start":{"line":15,"column":27},"end":{"line":15,"column":30}},{"start":{"line":15,"column":34},"end":{"line":15,"column":70}}],"line":15},"5":{"loc":{"start":{"line":24,"column":12},"end":{"line":25,"column":64}},"type":"if","locations":[{"start":{"line":24,"column":12},"end":{"line":25,"column":64}},{"start":{},"end":{}}],"line":24},"6":{"loc":{"start":{"line":34,"column":16},"end":{"line":35,"column":68}},"type":"if","locations":[{"start":{"line":34,"column":16},"end":{"line":35,"column":68}},{"start":{},"end":{}}],"line":34}},"s":{"0":1,"1":4,"2":1,"3":1,"4":1,"5":1,"6":1,"7":1,"8":1,"9":4,"10":4,"11":3,"12":3,"13":1,"14":2,"15":2,"16":1,"17":1,"18":1,"19":1,"20":1,"21":0,"22":1,"23":1},"f":{"0":4,"1":4,"2":3,"3":3},"b":{"0":[1,1,1],"1":[4,0],"2":[4,4],"3":[2],"4":[4,4],"5":[1,2],"6":[1,0]},"inputSourceMap":null,"_coverageSchema":"1a1c01bbd47fc00a2c39e90264f33305004495a9","hash":"a81538f94012bcdfe1b08f54dbfc8f5b93ee1809"}
,"/mnt/c/Users/JUAN DAVID/AgileEngine/uncharted-scaped-pods-project/dist/middlewares/Authorization.js": {"path":"/mnt/c/Users/JUAN DAVID/AgileEngine/uncharted-scaped-pods-project/dist/middlewares/Authorization.js","statementMap":{"0":{"start":{"line":2,"column":22},"end":{"line":4,"column":1}},"1":{"start":{"line":3,"column":4},"end":{"line":3,"column":62}},"2":{"start":{"line":5,"column":0},"end":{"line":5,"column":62}},"3":{"start":{"line":6,"column":0},"end":{"line":6,"column":41}},"4":{"start":{"line":7,"column":14},"end":{"line":7,"column":54}},"5":{"start":{"line":8,"column":33},"end":{"line":8,"column":97}},"6":{"start":{"line":9,"column":22},"end":{"line":9,"column":73}},"7":{"start":{"line":10,"column":15},"end":{"line":10,"column":42}},"8":{"start":{"line":12,"column":25},"end":{"line":12,"column":87}},"9":{"start":{"line":15,"column":8},"end":{"line":15,"column":71}},"10":{"start":{"line":16,"column":8},"end":{"line":16,"column":39}},"11":{"start":{"line":19,"column":8},"end":{"line":27,"column":10}},"12":{"start":{"line":20,"column":29},"end":{"line":20,"column":48}},"13":{"start":{"line":21,"column":12},"end":{"line":26,"column":13}},"14":{"start":{"line":22,"column":16},"end":{"line":22,"column":23}},"15":{"start":{"line":25,"column":16},"end":{"line":25,"column":61}},"16":{"start":{"line":30,"column":0},"end":{"line":30,"column":58}},"17":{"start":{"line":31,"column":0},"end":{"line":31,"column":48}}},"fnMap":{"0":{"name":"(anonymous_0)","decl":{"start":{"line":2,"column":56},"end":{"line":2,"column":57}},"loc":{"start":{"line":2,"column":71},"end":{"line":4,"column":1}},"line":2},"1":{"name":"(anonymous_1)","decl":{"start":{"line":14,"column":4},"end":{"line":14,"column":5}},"loc":{"start":{"line":14,"column":64},"end":{"line":17,"column":5}},"line":14},"2":{"name":"(anonymous_2)","decl":{"start":{"line":18,"column":4},"end":{"line":18,"column":5}},"loc":{"start":{"line":18,"column":10},"end":{"line":28,"column":5}},"line":18},"3":{"name":"(anonymous_3)","decl":{"start":{"line":19,"column":15},"end":{"line":19,"column":16}},"loc":{"start":{"line":19,"column":42},"end":{"line":27,"column":9}},"line":19}},"branchMap":{"0":{"loc":{"start":{"line":2,"column":22},"end":{"line":4,"column":1}},"type":"binary-expr","locations":[{"start":{"line":2,"column":23},"end":{"line":2,"column":27}},{"start":{"line":2,"column":31},"end":{"line":2,"column":51}},{"start":{"line":2,"column":56},"end":{"line":4,"column":1}}],"line":2},"1":{"loc":{"start":{"line":3,"column":11},"end":{"line":3,"column":61}},"type":"cond-expr","locations":[{"start":{"line":3,"column":37},"end":{"line":3,"column":40}},{"start":{"line":3,"column":43},"end":{"line":3,"column":61}}],"line":3},"2":{"loc":{"start":{"line":3,"column":12},"end":{"line":3,"column":33}},"type":"binary-expr","locations":[{"start":{"line":3,"column":12},"end":{"line":3,"column":15}},{"start":{"line":3,"column":19},"end":{"line":3,"column":33}}],"line":3},"3":{"loc":{"start":{"line":14,"column":21},"end":{"line":14,"column":62}},"type":"default-arg","locations":[{"start":{"line":14,"column":35},"end":{"line":14,"column":62}}],"line":14},"4":{"loc":{"start":{"line":15,"column":27},"end":{"line":15,"column":69}},"type":"binary-expr","locations":[{"start":{"line":15,"column":27},"end":{"line":15,"column":30}},{"start":{"line":15,"column":34},"end":{"line":15,"column":69}}],"line":15},"5":{"loc":{"start":{"line":21,"column":12},"end":{"line":26,"column":13}},"type":"if","locations":[{"start":{"line":21,"column":12},"end":{"line":26,"column":13}},{"start":{"line":24,"column":17},"end":{"line":26,"column":13}}],"line":21}},"s":{"0":1,"1":3,"2":1,"3":1,"4":1,"5":1,"6":1,"7":1,"8":1,"9":2,"10":2,"11":1,"12":1,"13":1,"14":1,"15":0,"16":1,"17":1},"f":{"0":3,"1":2,"2":1,"3":1},"b":{"0":[1,1,1],"1":[3,0],"2":[3,3],"3":[2],"4":[2,2],"5":[1,0]},"inputSourceMap":null,"_coverageSchema":"1a1c01bbd47fc00a2c39e90264f33305004495a9","hash":"861e337b486487ff1540b77ad49f623428dcb2ff"}
,"/mnt/c/Users/JUAN DAVID/AgileEngine/uncharted-scaped-pods-project/dist/mocks/EscapePodMock.js": {"path":"/mnt/c/Users/JUAN DAVID/AgileEngine/uncharted-scaped-pods-project/dist/mocks/EscapePodMock.js","statementMap":{"0":{"start":{"line":2,"column":22},"end":{"line":4,"column":1}},"1":{"start":{"line":3,"column":4},"end":{"line":3,"column":62}},"2":{"start":{"line":5,"column":0},"end":{"line":5,"column":62}},"3":{"start":{"line":6,"column":20},"end":{"line":6,"column":69}},"4":{"start":{"line":7,"column":25},"end":{"line":11,"column":2}},"5":{"start":{"line":7,"column":31},"end":{"line":11,"column":2}},"6":{"start":{"line":12,"column":0},"end":{"line":12,"column":35}}},"fnMap":{"0":{"name":"(anonymous_0)","decl":{"start":{"line":2,"column":56},"end":{"line":2,"column":57}},"loc":{"start":{"line":2,"column":71},"end":{"line":4,"column":1}},"line":2},"1":{"name":"(anonymous_1)","decl":{"start":{"line":7,"column":25},"end":{"line":7,"column":26}},"loc":{"start":{"line":7,"column":31},"end":{"line":11,"column":2}},"line":7}},"branchMap":{"0":{"loc":{"start":{"line":2,"column":22},"end":{"line":4,"column":1}},"type":"binary-expr","locations":[{"start":{"line":2,"column":23},"end":{"line":2,"column":27}},{"start":{"line":2,"column":31},"end":{"line":2,"column":51}},{"start":{"line":2,"column":56},"end":{"line":4,"column":1}}],"line":2},"1":{"loc":{"start":{"line":3,"column":11},"end":{"line":3,"column":61}},"type":"cond-expr","locations":[{"start":{"line":3,"column":37},"end":{"line":3,"column":40}},{"start":{"line":3,"column":43},"end":{"line":3,"column":61}}],"line":3},"2":{"loc":{"start":{"line":3,"column":12},"end":{"line":3,"column":33}},"type":"binary-expr","locations":[{"start":{"line":3,"column":12},"end":{"line":3,"column":15}},{"start":{"line":3,"column":19},"end":{"line":3,"column":33}}],"line":3}},"s":{"0":3,"1":3,"2":3,"3":3,"4":3,"5":7,"6":3},"f":{"0":3,"1":7},"b":{"0":[3,3,3],"1":[3,0],"2":[3,3]},"inputSourceMap":null,"_coverageSchema":"1a1c01bbd47fc00a2c39e90264f33305004495a9","hash":"ec0d94b3128bfe6711a362cc300a381e384fff4a"}
,"/mnt/c/Users/JUAN DAVID/AgileEngine/uncharted-scaped-pods-project/dist/mocks/RequestMock.js": {"path":"/mnt/c/Users/JUAN DAVID/AgileEngine/uncharted-scaped-pods-project/dist/mocks/RequestMock.js","statementMap":{"0":{"start":{"line":2,"column":0},"end":{"line":2,"column":62}},"1":{"start":{"line":3,"column":23},"end":{"line":9,"column":2}},"2":{"start":{"line":3,"column":41},"end":{"line":9,"column":1}},"3":{"start":{"line":10,"column":0},"end":{"line":10,"column":33}}},"fnMap":{"0":{"name":"(anonymous_0)","decl":{"start":{"line":3,"column":23},"end":{"line":3,"column":24}},"loc":{"start":{"line":3,"column":41},"end":{"line":9,"column":1}},"line":3}},"branchMap":{"0":{"loc":{"start":{"line":3,"column":24},"end":{"line":3,"column":35}},"type":"default-arg","locations":[{"start":{"line":3,"column":33},"end":{"line":3,"column":35}}],"line":3},"1":{"loc":{"start":{"line":4,"column":10},"end":{"line":4,"column":27}},"type":"binary-expr","locations":[{"start":{"line":4,"column":10},"end":{"line":4,"column":21}},{"start":{"line":4,"column":25},"end":{"line":4,"column":27}}],"line":4},"2":{"loc":{"start":{"line":5,"column":10},"end":{"line":5,"column":27}},"type":"binary-expr","locations":[{"start":{"line":5,"column":10},"end":{"line":5,"column":21}},{"start":{"line":5,"column":25},"end":{"line":5,"column":27}}],"line":5},"3":{"loc":{"start":{"line":6,"column":13},"end":{"line":6,"column":33}},"type":"binary-expr","locations":[{"start":{"line":6,"column":13},"end":{"line":6,"column":27}},{"start":{"line":6,"column":31},"end":{"line":6,"column":33}}],"line":6},"4":{"loc":{"start":{"line":7,"column":12},"end":{"line":7,"column":31}},"type":"binary-expr","locations":[{"start":{"line":7,"column":12},"end":{"line":7,"column":25}},{"start":{"line":7,"column":29},"end":{"line":7,"column":31}}],"line":7},"5":{"loc":{"start":{"line":8,"column":11},"end":{"line":8,"column":29}},"type":"binary-expr","locations":[{"start":{"line":8,"column":11},"end":{"line":8,"column":23}},{"start":{"line":8,"column":27},"end":{"line":8,"column":29}}],"line":8}},"s":{"0":4,"1":4,"2":20,"3":4},"f":{"0":20},"b":{"0":[1],"1":[20,17],"2":[20,14],"3":[20,20],"4":[20,8],"5":[20,20]},"inputSourceMap":null,"_coverageSchema":"1a1c01bbd47fc00a2c39e90264f33305004495a9","hash":"b7d9063b6cab416e4273acb68bbe607cfb69185d"}
,"/mnt/c/Users/JUAN DAVID/AgileEngine/uncharted-scaped-pods-project/dist/mocks/ResponseMock.js": {"path":"/mnt/c/Users/JUAN DAVID/AgileEngine/uncharted-scaped-pods-project/dist/mocks/ResponseMock.js","statementMap":{"0":{"start":{"line":2,"column":22},"end":{"line":4,"column":1}},"1":{"start":{"line":3,"column":4},"end":{"line":3,"column":62}},"2":{"start":{"line":5,"column":0},"end":{"line":5,"column":62}},"3":{"start":{"line":6,"column":16},"end":{"line":6,"column":49}},"4":{"start":{"line":7,"column":24},"end":{"line":13,"column":1}},"5":{"start":{"line":8,"column":16},"end":{"line":8,"column":18}},"6":{"start":{"line":9,"column":4},"end":{"line":9,"column":53}},"7":{"start":{"line":10,"column":4},"end":{"line":10,"column":38}},"8":{"start":{"line":11,"column":4},"end":{"line":11,"column":44}},"9":{"start":{"line":12,"column":4},"end":{"line":12,"column":15}},"10":{"start":{"line":14,"column":0},"end":{"line":14,"column":34}}},"fnMap":{"0":{"name":"(anonymous_0)","decl":{"start":{"line":2,"column":56},"end":{"line":2,"column":57}},"loc":{"start":{"line":2,"column":71},"end":{"line":4,"column":1}},"line":2},"1":{"name":"(anonymous_1)","decl":{"start":{"line":7,"column":24},"end":{"line":7,"column":25}},"loc":{"start":{"line":7,"column":30},"end":{"line":13,"column":1}},"line":7}},"branchMap":{"0":{"loc":{"start":{"line":2,"column":22},"end":{"line":4,"column":1}},"type":"binary-expr","locations":[{"start":{"line":2,"column":23},"end":{"line":2,"column":27}},{"start":{"line":2,"column":31},"end":{"line":2,"column":51}},{"start":{"line":2,"column":56},"end":{"line":4,"column":1}}],"line":2},"1":{"loc":{"start":{"line":3,"column":11},"end":{"line":3,"column":61}},"type":"cond-expr","locations":[{"start":{"line":3,"column":37},"end":{"line":3,"column":40}},{"start":{"line":3,"column":43},"end":{"line":3,"column":61}}],"line":3},"2":{"loc":{"start":{"line":3,"column":12},"end":{"line":3,"column":33}},"type":"binary-expr","locations":[{"start":{"line":3,"column":12},"end":{"line":3,"column":15}},{"start":{"line":3,"column":19},"end":{"line":3,"column":33}}],"line":3}},"s":{"0":2,"1":2,"2":2,"3":2,"4":2,"5":16,"6":16,"7":16,"8":16,"9":16,"10":2},"f":{"0":2,"1":16},"b":{"0":[2,2,2],"1":[0,2],"2":[2,2]},"inputSourceMap":null,"_coverageSchema":"1a1c01bbd47fc00a2c39e90264f33305004495a9","hash":"71849c61cfafdee7cb450ae442888f380f6935c6"}
,"/mnt/c/Users/JUAN DAVID/AgileEngine/uncharted-scaped-pods-project/dist/mocks/UserMock.js": {"path":"/mnt/c/Users/JUAN DAVID/AgileEngine/uncharted-scaped-pods-project/dist/mocks/UserMock.js","statementMap":{"0":{"start":{"line":2,"column":22},"end":{"line":8,"column":3}},"1":{"start":{"line":3,"column":4},"end":{"line":3,"column":33}},"2":{"start":{"line":3,"column":26},"end":{"line":3,"column":33}},"3":{"start":{"line":4,"column":4},"end":{"line":4,"column":89}},"4":{"start":{"line":4,"column":71},"end":{"line":4,"column":83}},"5":{"start":{"line":6,"column":4},"end":{"line":6,"column":33}},"6":{"start":{"line":6,"column":26},"end":{"line":6,"column":33}},"7":{"start":{"line":7,"column":4},"end":{"line":7,"column":17}},"8":{"start":{"line":9,"column":25},"end":{"line":13,"column":2}},"9":{"start":{"line":10,"column":4},"end":{"line":10,"column":72}},"10":{"start":{"line":12,"column":4},"end":{"line":12,"column":21}},"11":{"start":{"line":14,"column":19},"end":{"line":20,"column":1}},"12":{"start":{"line":15,"column":4},"end":{"line":15,"column":42}},"13":{"start":{"line":15,"column":31},"end":{"line":15,"column":42}},"14":{"start":{"line":16,"column":17},"end":{"line":16,"column":19}},"15":{"start":{"line":17,"column":4},"end":{"line":17,"column":141}},"16":{"start":{"line":17,"column":21},"end":{"line":17,"column":141}},"17":{"start":{"line":17,"column":40},"end":{"line":17,"column":141}},"18":{"start":{"line":17,"column":109},"end":{"line":17,"column":141}},"19":{"start":{"line":18,"column":4},"end":{"line":18,"column":36}},"20":{"start":{"line":19,"column":4},"end":{"line":19,"column":18}},"21":{"start":{"line":21,"column":0},"end":{"line":21,"column":62}},"22":{"start":{"line":22,"column":15},"end":{"line":22,"column":56}},"23":{"start":{"line":23,"column":20},"end":{"line":31,"column":2}},"24":{"start":{"line":23,"column":26},"end":{"line":31,"column":2}},"25":{"start":{"line":32,"column":0},"end":{"line":32,"column":30}}},"fnMap":{"0":{"name":"(anonymous_0)","decl":{"start":{"line":2,"column":74},"end":{"line":2,"column":75}},"loc":{"start":{"line":2,"column":96},"end":{"line":5,"column":1}},"line":2},"1":{"name":"(anonymous_1)","decl":{"start":{"line":4,"column":58},"end":{"line":4,"column":59}},"loc":{"start":{"line":4,"column":69},"end":{"line":4,"column":85}},"line":4},"2":{"name":"(anonymous_2)","decl":{"start":{"line":5,"column":6},"end":{"line":5,"column":7}},"loc":{"start":{"line":5,"column":28},"end":{"line":8,"column":1}},"line":5},"3":{"name":"(anonymous_3)","decl":{"start":{"line":9,"column":80},"end":{"line":9,"column":81}},"loc":{"start":{"line":9,"column":95},"end":{"line":11,"column":1}},"line":9},"4":{"name":"(anonymous_4)","decl":{"start":{"line":11,"column":5},"end":{"line":11,"column":6}},"loc":{"start":{"line":11,"column":20},"end":{"line":13,"column":1}},"line":11},"5":{"name":"(anonymous_5)","decl":{"start":{"line":14,"column":50},"end":{"line":14,"column":51}},"loc":{"start":{"line":14,"column":65},"end":{"line":20,"column":1}},"line":14},"6":{"name":"(anonymous_6)","decl":{"start":{"line":23,"column":20},"end":{"line":23,"column":21}},"loc":{"start":{"line":23,"column":26},"end":{"line":31,"column":2}},"line":23}},"branchMap":{"0":{"loc":{"start":{"line":2,"column":22},"end":{"line":8,"column":3}},"type":"binary-expr","locations":[{"start":{"line":2,"column":23},"end":{"line":2,"column":27}},{"start":{"line":2,"column":31},"end":{"line":2,"column":51}},{"start":{"line":2,"column":57},"end":{"line":8,"column":2}}],"line":2},"1":{"loc":{"start":{"line":2,"column":57},"end":{"line":8,"column":2}},"type":"cond-expr","locations":[{"start":{"line":2,"column":74},"end":{"line":5,"column":1}},{"start":{"line":5,"column":6},"end":{"line":8,"column":1}}],"line":2},"2":{"loc":{"start":{"line":3,"column":4},"end":{"line":3,"column":33}},"type":"if","locations":[{"start":{"line":3,"column":4},"end":{"line":3,"column":33}},{"start":{},"end":{}}],"line":3},"3":{"loc":{"start":{"line":6,"column":4},"end":{"line":6,"column":33}},"type":"if","locations":[{"start":{"line":6,"column":4},"end":{"line":6,"column":33}},{"start":{},"end":{}}],"line":6},"4":{"loc":{"start":{"line":9,"column":25},"end":{"line":13,"column":2}},"type":"binary-expr","locations":[{"start":{"line":9,"column":26},"end":{"line":9,"column":30}},{"start":{"line":9,"column":34},"end":{"line":9,"column":57}},{"start":{"line":9,"column":63},"end":{"line":13,"column":1}}],"line":9},"5":{"loc":{"start":{"line":9,"column":63},"end":{"line":13,"column":1}},"type":"cond-expr","locations":[{"start":{"line":9,"column":80},"end":{"line":11,"column":1}},{"start":{"line":11,"column":5},"end":{"line":13,"column":1}}],"line":9},"6":{"loc":{"start":{"line":14,"column":19},"end":{"line":20,"column":1}},"type":"binary-expr","locations":[{"start":{"line":14,"column":20},"end":{"line":14,"column":24}},{"start":{"line":14,"column":28},"end":{"line":14,"column":45}},{"start":{"line":14,"column":50},"end":{"line":20,"column":1}}],"line":14},"7":{"loc":{"start":{"line":15,"column":4},"end":{"line":15,"column":42}},"type":"if","locations":[{"start":{"line":15,"column":4},"end":{"line":15,"column":42}},{"start":{},"end":{}}],"line":15},"8":{"loc":{"start":{"line":15,"column":8},"end":{"line":15,"column":29}},"type":"binary-expr","locations":[{"start":{"line":15,"column":8},"end":{"line":15,"column":11}},{"start":{"line":15,"column":15},"end":{"line":15,"column":29}}],"line":15},"9":{"loc":{"start":{"line":17,"column":4},"end":{"line":17,"column":141}},"type":"if","locations":[{"start":{"line":17,"column":4},"end":{"line":17,"column":141}},{"start":{},"end":{}}],"line":17},"10":{"loc":{"start":{"line":17,"column":40},"end":{"line":17,"column":141}},"type":"if","locations":[{"start":{"line":17,"column":40},"end":{"line":17,"column":141}},{"start":{},"end":{}}],"line":17},"11":{"loc":{"start":{"line":17,"column":44},"end":{"line":17,"column":107}},"type":"binary-expr","locations":[{"start":{"line":17,"column":44},"end":{"line":17,"column":59}},{"start":{"line":17,"column":63},"end":{"line":17,"column":107}}],"line":17}},"s":{"0":4,"1":0,"2":0,"3":0,"4":0,"5":0,"6":0,"7":0,"8":4,"9":0,"10":0,"11":4,"12":4,"13":4,"14":0,"15":0,"16":0,"17":0,"18":0,"19":0,"20":0,"21":4,"22":4,"23":4,"24":9,"25":4},"f":{"0":0,"1":0,"2":0,"3":0,"4":0,"5":4,"6":9},"b":{"0":[4,4,4],"1":[4,0],"2":[0,0],"3":[0,0],"4":[4,4,4],"5":[4,0],"6":[4,4,4],"7":[4,0],"8":[4,4],"9":[0,0],"10":[0,0],"11":[0,0]},"inputSourceMap":null,"_coverageSchema":"1a1c01bbd47fc00a2c39e90264f33305004495a9","hash":"1e3d550b13f3fac49a963e68d8dbdef8d1b8f1bd"}
,"/mnt/c/Users/JUAN DAVID/AgileEngine/uncharted-scaped-pods-project/dist/providers/Config.js": {"path":"/mnt/c/Users/JUAN DAVID/AgileEngine/uncharted-scaped-pods-project/dist/providers/Config.js","statementMap":{"0":{"start":{"line":2,"column":22},"end":{"line":8,"column":3}},"1":{"start":{"line":3,"column":4},"end":{"line":3,"column":33}},"2":{"start":{"line":3,"column":26},"end":{"line":3,"column":33}},"3":{"start":{"line":4,"column":4},"end":{"line":4,"column":89}},"4":{"start":{"line":4,"column":71},"end":{"line":4,"column":83}},"5":{"start":{"line":6,"column":4},"end":{"line":6,"column":33}},"6":{"start":{"line":6,"column":26},"end":{"line":6,"column":33}},"7":{"start":{"line":7,"column":4},"end":{"line":7,"column":17}},"8":{"start":{"line":9,"column":25},"end":{"line":13,"column":2}},"9":{"start":{"line":10,"column":4},"end":{"line":10,"column":72}},"10":{"start":{"line":12,"column":4},"end":{"line":12,"column":21}},"11":{"start":{"line":14,"column":19},"end":{"line":20,"column":1}},"12":{"start":{"line":15,"column":4},"end":{"line":15,"column":42}},"13":{"start":{"line":15,"column":31},"end":{"line":15,"column":42}},"14":{"start":{"line":16,"column":17},"end":{"line":16,"column":19}},"15":{"start":{"line":17,"column":4},"end":{"line":17,"column":141}},"16":{"start":{"line":17,"column":21},"end":{"line":17,"column":141}},"17":{"start":{"line":17,"column":40},"end":{"line":17,"column":141}},"18":{"start":{"line":17,"column":109},"end":{"line":17,"column":141}},"19":{"start":{"line":18,"column":4},"end":{"line":18,"column":36}},"20":{"start":{"line":19,"column":4},"end":{"line":19,"column":18}},"21":{"start":{"line":21,"column":22},"end":{"line":23,"column":1}},"22":{"start":{"line":22,"column":4},"end":{"line":22,"column":62}},"23":{"start":{"line":24,"column":0},"end":{"line":24,"column":62}},"24":{"start":{"line":25,"column":13},"end":{"line":25,"column":42}},"25":{"start":{"line":26,"column":15},"end":{"line":26,"column":46}},"26":{"start":{"line":27,"column":14},"end":{"line":27,"column":54}},"27":{"start":{"line":37,"column":8},"end":{"line":65,"column":9}},"28":{"start":{"line":38,"column":12},"end":{"line":40,"column":15}},"29":{"start":{"line":41,"column":12},"end":{"line":64,"column":14}},"30":{"start":{"line":66,"column":8},"end":{"line":66,"column":32}},"31":{"start":{"line":73,"column":8},"end":{"line":73,"column":67}},"32":{"start":{"line":74,"column":8},"end":{"line":74,"column":44}},"33":{"start":{"line":77,"column":0},"end":{"line":77,"column":25}}},"fnMap":{"0":{"name":"(anonymous_0)","decl":{"start":{"line":2,"column":74},"end":{"line":2,"column":75}},"loc":{"start":{"line":2,"column":96},"end":{"line":5,"column":1}},"line":2},"1":{"name":"(anonymous_1)","decl":{"start":{"line":4,"column":58},"end":{"line":4,"column":59}},"loc":{"start":{"line":4,"column":69},"end":{"line":4,"column":85}},"line":4},"2":{"name":"(anonymous_2)","decl":{"start":{"line":5,"column":6},"end":{"line":5,"column":7}},"loc":{"start":{"line":5,"column":28},"end":{"line":8,"column":1}},"line":5},"3":{"name":"(anonymous_3)","decl":{"start":{"line":9,"column":80},"end":{"line":9,"column":81}},"loc":{"start":{"line":9,"column":95},"end":{"line":11,"column":1}},"line":9},"4":{"name":"(anonymous_4)","decl":{"start":{"line":11,"column":5},"end":{"line":11,"column":6}},"loc":{"start":{"line":11,"column":20},"end":{"line":13,"column":1}},"line":11},"5":{"name":"(anonymous_5)","decl":{"start":{"line":14,"column":50},"end":{"line":14,"column":51}},"loc":{"start":{"line":14,"column":65},"end":{"line":20,"column":1}},"line":14},"6":{"name":"(anonymous_6)","decl":{"start":{"line":21,"column":56},"end":{"line":21,"column":57}},"loc":{"start":{"line":21,"column":71},"end":{"line":23,"column":1}},"line":21},"7":{"name":"(anonymous_7)","decl":{"start":{"line":36,"column":4},"end":{"line":36,"column":5}},"loc":{"start":{"line":36,"column":20},"end":{"line":67,"column":5}},"line":36},"8":{"name":"(anonymous_8)","decl":{"start":{"line":72,"column":4},"end":{"line":72,"column":5}},"loc":{"start":{"line":72,"column":26},"end":{"line":75,"column":5}},"line":72}},"branchMap":{"0":{"loc":{"start":{"line":2,"column":22},"end":{"line":8,"column":3}},"type":"binary-expr","locations":[{"start":{"line":2,"column":23},"end":{"line":2,"column":27}},{"start":{"line":2,"column":31},"end":{"line":2,"column":51}},{"start":{"line":2,"column":57},"end":{"line":8,"column":2}}],"line":2},"1":{"loc":{"start":{"line":2,"column":57},"end":{"line":8,"column":2}},"type":"cond-expr","locations":[{"start":{"line":2,"column":74},"end":{"line":5,"column":1}},{"start":{"line":5,"column":6},"end":{"line":8,"column":1}}],"line":2},"2":{"loc":{"start":{"line":3,"column":4},"end":{"line":3,"column":33}},"type":"if","locations":[{"start":{"line":3,"column":4},"end":{"line":3,"column":33}},{"start":{},"end":{}}],"line":3},"3":{"loc":{"start":{"line":6,"column":4},"end":{"line":6,"column":33}},"type":"if","locations":[{"start":{"line":6,"column":4},"end":{"line":6,"column":33}},{"start":{},"end":{}}],"line":6},"4":{"loc":{"start":{"line":9,"column":25},"end":{"line":13,"column":2}},"type":"binary-expr","locations":[{"start":{"line":9,"column":26},"end":{"line":9,"column":30}},{"start":{"line":9,"column":34},"end":{"line":9,"column":57}},{"start":{"line":9,"column":63},"end":{"line":13,"column":1}}],"line":9},"5":{"loc":{"start":{"line":9,"column":63},"end":{"line":13,"column":1}},"type":"cond-expr","locations":[{"start":{"line":9,"column":80},"end":{"line":11,"column":1}},{"start":{"line":11,"column":5},"end":{"line":13,"column":1}}],"line":9},"6":{"loc":{"start":{"line":14,"column":19},"end":{"line":20,"column":1}},"type":"binary-expr","locations":[{"start":{"line":14,"column":20},"end":{"line":14,"column":24}},{"start":{"line":14,"column":28},"end":{"line":14,"column":45}},{"start":{"line":14,"column":50},"end":{"line":20,"column":1}}],"line":14},"7":{"loc":{"start":{"line":15,"column":4},"end":{"line":15,"column":42}},"type":"if","locations":[{"start":{"line":15,"column":4},"end":{"line":15,"column":42}},{"start":{},"end":{}}],"line":15},"8":{"loc":{"start":{"line":15,"column":8},"end":{"line":15,"column":29}},"type":"binary-expr","locations":[{"start":{"line":15,"column":8},"end":{"line":15,"column":11}},{"start":{"line":15,"column":15},"end":{"line":15,"column":29}}],"line":15},"9":{"loc":{"start":{"line":17,"column":4},"end":{"line":17,"column":141}},"type":"if","locations":[{"start":{"line":17,"column":4},"end":{"line":17,"column":141}},{"start":{},"end":{}}],"line":17},"10":{"loc":{"start":{"line":17,"column":40},"end":{"line":17,"column":141}},"type":"if","locations":[{"start":{"line":17,"column":40},"end":{"line":17,"column":141}},{"start":{},"end":{}}],"line":17},"11":{"loc":{"start":{"line":17,"column":44},"end":{"line":17,"column":107}},"type":"binary-expr","locations":[{"start":{"line":17,"column":44},"end":{"line":17,"column":59}},{"start":{"line":17,"column":63},"end":{"line":17,"column":107}}],"line":17},"12":{"loc":{"start":{"line":21,"column":22},"end":{"line":23,"column":1}},"type":"binary-expr","locations":[{"start":{"line":21,"column":23},"end":{"line":21,"column":27}},{"start":{"line":21,"column":31},"end":{"line":21,"column":51}},{"start":{"line":21,"column":56},"end":{"line":23,"column":1}}],"line":21},"13":{"loc":{"start":{"line":22,"column":11},"end":{"line":22,"column":61}},"type":"cond-expr","locations":[{"start":{"line":22,"column":37},"end":{"line":22,"column":40}},{"start":{"line":22,"column":43},"end":{"line":22,"column":61}}],"line":22},"14":{"loc":{"start":{"line":22,"column":12},"end":{"line":22,"column":33}},"type":"binary-expr","locations":[{"start":{"line":22,"column":12},"end":{"line":22,"column":15}},{"start":{"line":22,"column":19},"end":{"line":22,"column":33}}],"line":22},"15":{"loc":{"start":{"line":37,"column":8},"end":{"line":65,"column":9}},"type":"if","locations":[{"start":{"line":37,"column":8},"end":{"line":65,"column":9}},{"start":{},"end":{}}],"line":37},"16":{"loc":{"start":{"line":42,"column":27},"end":{"line":42,"column":55}},"type":"binary-expr","locations":[{"start":{"line":42,"column":27},"end":{"line":42,"column":49}},{"start":{"line":42,"column":53},"end":{"line":42,"column":55}}],"line":42},"17":{"loc":{"start":{"line":43,"column":32},"end":{"line":44,"column":76}},"type":"binary-expr","locations":[{"start":{"line":43,"column":32},"end":{"line":43,"column":59}},{"start":{"line":44,"column":23},"end":{"line":44,"column":76}}],"line":43},"18":{"loc":{"start":{"line":45,"column":25},"end":{"line":45,"column":71}},"type":"binary-expr","locations":[{"start":{"line":45,"column":25},"end":{"line":45,"column":45}},{"start":{"line":45,"column":49},"end":{"line":45,"column":71}}],"line":45},"19":{"loc":{"start":{"line":46,"column":24},"end":{"line":46,"column":58}},"type":"binary-expr","locations":[{"start":{"line":46,"column":24},"end":{"line":46,"column":43}},{"start":{"line":46,"column":47},"end":{"line":46,"column":58}}],"line":46},"20":{"loc":{"start":{"line":51,"column":30},"end":{"line":51,"column":70}},"type":"binary-expr","locations":[{"start":{"line":51,"column":30},"end":{"line":51,"column":55}},{"start":{"line":51,"column":59},"end":{"line":51,"column":70}}],"line":51},"21":{"loc":{"start":{"line":52,"column":30},"end":{"line":52,"column":65}},"type":"binary-expr","locations":[{"start":{"line":52,"column":30},"end":{"line":52,"column":55}},{"start":{"line":52,"column":59},"end":{"line":52,"column":65}}],"line":52},"22":{"loc":{"start":{"line":53,"column":34},"end":{"line":53,"column":77}},"type":"binary-expr","locations":[{"start":{"line":53,"column":34},"end":{"line":53,"column":63}},{"start":{"line":53,"column":67},"end":{"line":53,"column":77}}],"line":53},"23":{"loc":{"start":{"line":54,"column":30},"end":{"line":56,"column":26}},"type":"cond-expr","locations":[{"start":{"line":55,"column":22},"end":{"line":55,"column":55}},{"start":{"line":56,"column":22},"end":{"line":56,"column":26}}],"line":54},"24":{"loc":{"start":{"line":57,"column":30},"end":{"line":57,"column":73}},"type":"binary-expr","locations":[{"start":{"line":57,"column":30},"end":{"line":57,"column":59}},{"start":{"line":57,"column":63},"end":{"line":57,"column":73}}],"line":57},"25":{"loc":{"start":{"line":61,"column":22},"end":{"line":63,"column":26}},"type":"cond-expr","locations":[{"start":{"line":62,"column":22},"end":{"line":62,"column":46}},{"start":{"line":63,"column":22},"end":{"line":63,"column":26}}],"line":61}},"s":{"0":6,"1":108,"2":108,"3":108,"4":0,"5":0,"6":0,"7":0,"8":6,"9":12,"10":0,"11":6,"12":12,"13":0,"14":12,"15":12,"16":12,"17":108,"18":108,"19":12,"20":12,"21":6,"22":6,"23":6,"24":6,"25":6,"26":6,"27":0,"28":0,"29":0,"30":0,"31":0,"32":0,"33":6},"f":{"0":108,"1":0,"2":0,"3":12,"4":0,"5":12,"6":6,"7":0,"8":0},"b":{"0":[6,6,6],"1":[6,0],"2":[108,0],"3":[0,0],"4":[6,6,6],"5":[6,0],"6":[6,6,6],"7":[0,12],"8":[12,12],"9":[12,0],"10":[108,0],"11":[108,108],"12":[6,6,6],"13":[6,0],"14":[6,6],"15":[0,0],"16":[0,0],"17":[0,0],"18":[0,0],"19":[0,0],"20":[0,0],"21":[0,0],"22":[0,0],"23":[0,0],"24":[0,0],"25":[0,0]},"inputSourceMap":null,"_coverageSchema":"1a1c01bbd47fc00a2c39e90264f33305004495a9","hash":"3e8b6e1825d2c1f5c2a816dd56b4fbdeb4b0e098"}
,"/mnt/c/Users/JUAN DAVID/AgileEngine/uncharted-scaped-pods-project/dist/providers/Database.js": {"path":"/mnt/c/Users/JUAN DAVID/AgileEngine/uncharted-scaped-pods-project/dist/providers/Database.js","statementMap":{"0":{"start":{"line":2,"column":22},"end":{"line":4,"column":1}},"1":{"start":{"line":3,"column":4},"end":{"line":3,"column":62}},"2":{"start":{"line":5,"column":0},"end":{"line":5,"column":62}},"3":{"start":{"line":6,"column":18},"end":{"line":6,"column":36}},"4":{"start":{"line":7,"column":14},"end":{"line":7,"column":54}},"5":{"start":{"line":8,"column":17},"end":{"line":8,"column":53}},"6":{"start":{"line":14,"column":8},"end":{"line":14,"column":56}},"7":{"start":{"line":15,"column":136},"end":{"line":15,"column":161}},"8":{"start":{"line":16,"column":8},"end":{"line":33,"column":67}},"9":{"start":{"line":33,"column":22},"end":{"line":33,"column":65}},"10":{"start":{"line":36,"column":8},"end":{"line":36,"column":46}},"11":{"start":{"line":39,"column":0},"end":{"line":39,"column":27}}},"fnMap":{"0":{"name":"(anonymous_0)","decl":{"start":{"line":2,"column":56},"end":{"line":2,"column":57}},"loc":{"start":{"line":2,"column":71},"end":{"line":4,"column":1}},"line":2},"1":{"name":"(anonymous_1)","decl":{"start":{"line":13,"column":4},"end":{"line":13,"column":5}},"loc":{"start":{"line":13,"column":18},"end":{"line":34,"column":5}},"line":13},"2":{"name":"(anonymous_2)","decl":{"start":{"line":33,"column":16},"end":{"line":33,"column":17}},"loc":{"start":{"line":33,"column":22},"end":{"line":33,"column":65}},"line":33},"3":{"name":"(anonymous_3)","decl":{"start":{"line":35,"column":4},"end":{"line":35,"column":5}},"loc":{"start":{"line":35,"column":27},"end":{"line":37,"column":5}},"line":35}},"branchMap":{"0":{"loc":{"start":{"line":2,"column":22},"end":{"line":4,"column":1}},"type":"binary-expr","locations":[{"start":{"line":2,"column":23},"end":{"line":2,"column":27}},{"start":{"line":2,"column":31},"end":{"line":2,"column":51}},{"start":{"line":2,"column":56},"end":{"line":4,"column":1}}],"line":2},"1":{"loc":{"start":{"line":3,"column":11},"end":{"line":3,"column":61}},"type":"cond-expr","locations":[{"start":{"line":3,"column":37},"end":{"line":3,"column":40}},{"start":{"line":3,"column":43},"end":{"line":3,"column":61}}],"line":3},"2":{"loc":{"start":{"line":3,"column":12},"end":{"line":3,"column":33}},"type":"binary-expr","locations":[{"start":{"line":3,"column":12},"end":{"line":3,"column":15}},{"start":{"line":3,"column":19},"end":{"line":3,"column":33}}],"line":3}},"s":{"0":6,"1":12,"2":6,"3":6,"4":6,"5":6,"6":0,"7":0,"8":0,"9":0,"10":0,"11":6},"f":{"0":12,"1":0,"2":0,"3":0},"b":{"0":[6,6,6],"1":[12,0],"2":[12,12]},"inputSourceMap":null,"_coverageSchema":"1a1c01bbd47fc00a2c39e90264f33305004495a9","hash":"3e9fa7b3f1dd9538093f538537bfb11d9ec2d3c9"}
,"/mnt/c/Users/JUAN DAVID/AgileEngine/uncharted-scaped-pods-project/dist/repositories/EscapePodRepository.js": {"path":"/mnt/c/Users/JUAN DAVID/AgileEngine/uncharted-scaped-pods-project/dist/repositories/EscapePodRepository.js","statementMap":{"0":{"start":{"line":2,"column":22},"end":{"line":4,"column":1}},"1":{"start":{"line":3,"column":4},"end":{"line":3,"column":62}},"2":{"start":{"line":5,"column":0},"end":{"line":5,"column":62}},"3":{"start":{"line":6,"column":19},"end":{"line":6,"column":68}},"4":{"start":{"line":7,"column":20},"end":{"line":7,"column":69}},"5":{"start":{"line":11,"column":28},"end":{"line":16,"column":2}},"6":{"start":{"line":11,"column":34},"end":{"line":16,"column":2}},"7":{"start":{"line":14,"column":8},"end":{"line":14,"column":47}},"8":{"start":{"line":17,"column":0},"end":{"line":17,"column":38}}},"fnMap":{"0":{"name":"(anonymous_0)","decl":{"start":{"line":2,"column":56},"end":{"line":2,"column":57}},"loc":{"start":{"line":2,"column":71},"end":{"line":4,"column":1}},"line":2},"1":{"name":"(anonymous_1)","decl":{"start":{"line":11,"column":28},"end":{"line":11,"column":29}},"loc":{"start":{"line":11,"column":34},"end":{"line":16,"column":2}},"line":11},"2":{"name":"(anonymous_2)","decl":{"start":{"line":13,"column":4},"end":{"line":13,"column":5}},"loc":{"start":{"line":13,"column":17},"end":{"line":15,"column":5}},"line":13}},"branchMap":{"0":{"loc":{"start":{"line":2,"column":22},"end":{"line":4,"column":1}},"type":"binary-expr","locations":[{"start":{"line":2,"column":23},"end":{"line":2,"column":27}},{"start":{"line":2,"column":31},"end":{"line":2,"column":51}},{"start":{"line":2,"column":56},"end":{"line":4,"column":1}}],"line":2},"1":{"loc":{"start":{"line":3,"column":11},"end":{"line":3,"column":61}},"type":"cond-expr","locations":[{"start":{"line":3,"column":37},"end":{"line":3,"column":40}},{"start":{"line":3,"column":43},"end":{"line":3,"column":61}}],"line":3},"2":{"loc":{"start":{"line":3,"column":12},"end":{"line":3,"column":33}},"type":"binary-expr","locations":[{"start":{"line":3,"column":12},"end":{"line":3,"column":15}},{"start":{"line":3,"column":19},"end":{"line":3,"column":33}}],"line":3}},"s":{"0":2,"1":4,"2":2,"3":2,"4":2,"5":2,"6":0,"7":0,"8":2},"f":{"0":4,"1":0,"2":0},"b":{"0":[2,2,2],"1":[4,0],"2":[4,4]},"inputSourceMap":null,"_coverageSchema":"1a1c01bbd47fc00a2c39e90264f33305004495a9","hash":"f47984309198581b72d8e08cd8a389be09deffe8"}
,"/mnt/c/Users/JUAN DAVID/AgileEngine/uncharted-scaped-pods-project/dist/repositories/UserRepository.js": {"path":"/mnt/c/Users/JUAN DAVID/AgileEngine/uncharted-scaped-pods-project/dist/repositories/UserRepository.js","statementMap":{"0":{"start":{"line":2,"column":22},"end":{"line":4,"column":1}},"1":{"start":{"line":3,"column":4},"end":{"line":3,"column":62}},"2":{"start":{"line":5,"column":0},"end":{"line":5,"column":62}},"3":{"start":{"line":6,"column":19},"end":{"line":6,"column":68}},"4":{"start":{"line":7,"column":15},"end":{"line":7,"column":59}},"5":{"start":{"line":11,"column":23},"end":{"line":18,"column":2}},"6":{"start":{"line":11,"column":29},"end":{"line":18,"column":2}},"7":{"start":{"line":13,"column":8},"end":{"line":13,"column":50}},"8":{"start":{"line":16,"column":8},"end":{"line":16,"column":47}},"9":{"start":{"line":19,"column":0},"end":{"line":19,"column":33}}},"fnMap":{"0":{"name":"(anonymous_0)","decl":{"start":{"line":2,"column":56},"end":{"line":2,"column":57}},"loc":{"start":{"line":2,"column":71},"end":{"line":4,"column":1}},"line":2},"1":{"name":"(anonymous_1)","decl":{"start":{"line":11,"column":23},"end":{"line":11,"column":24}},"loc":{"start":{"line":11,"column":29},"end":{"line":18,"column":2}},"line":11},"2":{"name":"(anonymous_2)","decl":{"start":{"line":12,"column":4},"end":{"line":12,"column":5}},"loc":{"start":{"line":12,"column":23},"end":{"line":14,"column":5}},"line":12},"3":{"name":"(anonymous_3)","decl":{"start":{"line":15,"column":4},"end":{"line":15,"column":5}},"loc":{"start":{"line":15,"column":17},"end":{"line":17,"column":5}},"line":15}},"branchMap":{"0":{"loc":{"start":{"line":2,"column":22},"end":{"line":4,"column":1}},"type":"binary-expr","locations":[{"start":{"line":2,"column":23},"end":{"line":2,"column":27}},{"start":{"line":2,"column":31},"end":{"line":2,"column":51}},{"start":{"line":2,"column":56},"end":{"line":4,"column":1}}],"line":2},"1":{"loc":{"start":{"line":3,"column":11},"end":{"line":3,"column":61}},"type":"cond-expr","locations":[{"start":{"line":3,"column":37},"end":{"line":3,"column":40}},{"start":{"line":3,"column":43},"end":{"line":3,"column":61}}],"line":3},"2":{"loc":{"start":{"line":3,"column":12},"end":{"line":3,"column":33}},"type":"binary-expr","locations":[{"start":{"line":3,"column":12},"end":{"line":3,"column":15}},{"start":{"line":3,"column":19},"end":{"line":3,"column":33}}],"line":3}},"s":{"0":4,"1":8,"2":4,"3":4,"4":4,"5":4,"6":0,"7":0,"8":0,"9":4},"f":{"0":8,"1":0,"2":0,"3":0},"b":{"0":[4,4,4],"1":[8,0],"2":[8,8]},"inputSourceMap":null,"_coverageSchema":"1a1c01bbd47fc00a2c39e90264f33305004495a9","hash":"35d7cb63322d989c149761620c844983d4177b4a"}
,"/mnt/c/Users/JUAN DAVID/AgileEngine/uncharted-scaped-pods-project/dist/services/EscapePodService.js": {"path":"/mnt/c/Users/JUAN DAVID/AgileEngine/uncharted-scaped-pods-project/dist/services/EscapePodService.js","statementMap":{"0":{"start":{"line":2,"column":22},"end":{"line":4,"column":1}},"1":{"start":{"line":3,"column":4},"end":{"line":3,"column":62}},"2":{"start":{"line":5,"column":0},"end":{"line":5,"column":62}},"3":{"start":{"line":8,"column":30},"end":{"line":8,"column":93}},"4":{"start":{"line":9,"column":34},"end":{"line":9,"column":99}},"5":{"start":{"line":10,"column":28},"end":{"line":10,"column":87}},"6":{"start":{"line":13,"column":8},"end":{"line":13,"column":54}},"7":{"start":{"line":16,"column":8},"end":{"line":16,"column":52}},"8":{"start":{"line":23,"column":34},"end":{"line":23,"column":87}},"9":{"start":{"line":23,"column":50},"end":{"line":23,"column":87}},"10":{"start":{"line":25,"column":26},"end":{"line":25,"column":78}},"11":{"start":{"line":26,"column":8},"end":{"line":28,"column":9}},"12":{"start":{"line":27,"column":12},"end":{"line":27,"column":99}},"13":{"start":{"line":29,"column":8},"end":{"line":29,"column":25}},"14":{"start":{"line":32,"column":26},"end":{"line":32,"column":72}},"15":{"start":{"line":33,"column":8},"end":{"line":33,"column":25}},"16":{"start":{"line":36,"column":27},"end":{"line":36,"column":56}},"17":{"start":{"line":37,"column":21},"end":{"line":37,"column":41}},"18":{"start":{"line":38,"column":8},"end":{"line":41,"column":11}},"19":{"start":{"line":44,"column":21},"end":{"line":44,"column":41}},"20":{"start":{"line":45,"column":29},"end":{"line":45,"column":54}},"21":{"start":{"line":46,"column":8},"end":{"line":48,"column":9}},"22":{"start":{"line":47,"column":12},"end":{"line":47,"column":99}},"23":{"start":{"line":51,"column":0},"end":{"line":51,"column":35}}},"fnMap":{"0":{"name":"(anonymous_0)","decl":{"start":{"line":2,"column":56},"end":{"line":2,"column":57}},"loc":{"start":{"line":2,"column":71},"end":{"line":4,"column":1}},"line":2},"1":{"name":"(ano
[...]
,"/mnt/c/Users/JUAN DAVID/AgileEngine/uncharted-scaped-pods-project/src/mocks/ResponseMock.ts": {"path":"/mnt/c/Users/JUAN DAVID/AgileEngine/uncharted-scaped-pods-project/src/mocks/ResponseMock.ts","statementMap":{"0":{"start":{"line":1,"column":0},"end":{"line":1,"column":26}},"1":{"start":{"line":3,"column":24},"end":{"line":10,"column":1}},"2":{"start":{"line":4,"column":47},"end":{"line":4,"column":49}},"3":{"start":{"line":6,"column":2},"end":{"line":6,"column":41}},"4":{"start":{"line":7,"column":2},"end":{"line":7,"column":26}},"5":{"start":{"line":8,"column":2},"end":{"line":8,"column":32}},"6":{"start":{"line":9,"column":2},"end":{"line":9,"column":13}},"7":{"start":{"line":12,"column":0},"end":{"line":12,"column":31}}},"fnMap":{"0":{"name":"(anonymous_1)","decl":{"start":{"line":3,"column":24},"end":{"line":3,"column":27}},"loc":{"start":{"line":3,"column":29},"end":{"line":10,"column":1}}}},"branchMap":{},"s":{"0":2,"1":2,"2":16,"3":16,"4":16,"5":16,"6":16,"7":2},"f":{"0":16},"b":{}}
,"/mnt/c/Users/JUAN DAVID/AgileEngine/uncharted-scaped-pods-project/src/mocks/UserMock.ts": {"path":"/mnt/c/Users/JUAN DAVID/AgileEngine/uncharted-scaped-pods-project/src/mocks/UserMock.ts","statementMap":{"0":{"start":{"line":1,"column":0},"end":{"line":1,"column":50}},"1":{"start":{"line":4,"column":20},"end":{"line":12,"column":2}},"2":{"start":{"line":4,"column":26},"end":{"line":12,"column":2}},"3":{"start":{"line":14,"column":0},"end":{"line":14,"column":27}}},"fnMap":{"0":{"name":"(anonymous_6)","decl":{"start":{"line":4,"column":20},"end":{"line":4,"column":23}},"loc":{"start":{"line":4,"column":26},"end":{"line":12,"column":2}}}},"branchMap":{},"s":{"0":4,"1":4,"2":9,"3":4},"f":{"0":9},"b":{}}
,"/mnt/c/Users/JUAN DAVID/AgileEngine/uncharted-scaped-pods-project/src/providers/Config.ts": {"path":"/mnt/c/Users/JUAN DAVID/AgileEngine/uncharted-scaped-pods-project/src/providers/Config.ts","statementMap":{"0":{"start":{"line":1,"column":0},"end":{"line":1,"column":29}},"1":{"start":{"line":2,"column":0},"end":{"line":2,"column":33}},"2":{"start":{"line":5,"column":0},"end":{"line":5,"column":31}},"3":{"start":{"line":37,"column":4},"end":{"line":67,"column":null}},"4":{"start":{"line":38,"column":6},"end":{"line":42,"column":9}},"5":{"start":{"line":43,"column":6},"end":{"line":66,"column":8}},"6":{"start":{"line":69,"column":4},"end":{"line":69,"column":28}},"7":{"start":{"line":77,"column":4},"end":{"line":77,"column":53}},"8":{"start":{"line":78,"column":4},"end":{"line":78,"column":40}},"9":{"start":{"line":30,"column":0},"end":{"line":30,"column":21}}},"fnMap":{"0":{"name":"(anonymous_7)","decl":{"start":{"line":36,"column":9},"end":{"line":36,"column":15}},"loc":{"start":{"line":36,"column":22},"end":{"line":70,"column":3}}},"1":{"name":"(anonymous_8)","decl":{"start":{"line":76,"column":9},"end":{"line":76,"column":15}},"loc":{"start":{"line":76,"column":42},"end":{"line":79,"column":3}}}},"branchMap":{"0":{"loc":{"start":{"line":37,"column":4},"end":{"line":67,"column":null}},"type":"if","locations":[{"start":{"line":37,"column":4},"end":{"line":67,"column":null}}]},"1":{"loc":{"start":{"line":44,"column":24},"end":{"line":44,"column":52}},"type":"binary-expr","locations":[{"start":{"line":44,"column":24},"end":{"line":44,"column":46}},{"start":{"line":44,"column":50},"end":{"line":44,"column":52}}]},"2":{"loc":{"start":{"line":45,"column":24},"end":{"line":46,"column":64}},"type":"binary-expr","locations":[{"start":{"line":45,"column":24},"end":{"line":45,"column":51}},{"start":{"line":46,"column":11},"end":{"line":46,"column":64}}]},"3":{"loc":{"start":{"line":47,"column":29},"end":{"line":47,"column":75}},"type":"binary-expr","locations":[{"start":{"line":47,"column":29},"end":{"line":47,"column":49}},{"start":{"line":47,"column":53},"end":{"line":47,"column":75}}]},"4":{"loc":{"start":{"line":48,"column":29},"end":{"line":48,"column":63}},"type":"binary-expr","locations":[{"start":{"line":48,"column":29},"end":{"line":48,"column":48}},{"start":{"line":48,"column":52},"end":{"line":48,"column":63}}]},"5":{"loc":{"start":{"line":53,"column":29},"end":{"line":53,"column":69}},"type":"binary-expr","locations":[{"start":{"line":53,"column":29},"end":{"line":53,"column":54}},{"start":{"line":53,"column":58},"end":{"line":53,"column":69}}]},"6":{"loc":{"start":{"line":54,"column":29},"end":{"line":54,"column":64}},"type":"binary-expr","locations":[{"start":{"line":54,"column":29},"end":{"line":54,"column":54}},{"start":{"line":54,"column":58},"end":{"line":54,"column":64}}]},"7":{"loc":{"start":{"line":55,"column":29},"end":{"line":55,"column":72}},"type":"binary-expr","locations":[{"start":{"line":55,"column":29},"end":{"line":55,"column":58}},{"start":{"line":55,"column":62},"end":{"line":55,"column":72}}]},"8":{"loc":{"start":{"line":56,"column":29},"end":{"line":58,"column":16}},"type":"cond-expr","locations":[{"start":{"line":57,"column":12},"end":{"line":57,"column":45}},{"start":{"line":58,"column":12},"end":{"line":58,"column":16}}]},"9":{"loc":{"start":{"line":59,"column":31},"end":{"line":59,"column":74}},"type":"binary-expr","locations":[{"start":{"line":59,"column":31},"end":{"line":59,"column":60}},{"start":{"line":59,"column":64},"end":{"line":59,"column":74}}]},"10":{"loc":{"start":{"line":63,"column":31},"end":{"line":65,"column":16}},"type":"cond-expr","locations":[{"start":{"line":64,"column":12},"end":{"line":64,"column":36}},{"start":{"line":65,"column":12},"end":{"line":65,"column":16}}]}},"s":{"0":6,"1":6,"2":6,"3":0,"4":0,"5":0,"6":0,"7":0,"8":0,"9":6},"f":{"0":0,"1":0},"b":{"0":[0],"1":[0,0],"2":[0,0],"3":[0,0],"4":[0,0],"5":[0,0],"6":[0,0],"7":[0,0],"8":[0,0],"9":[0,0],"10":[0,0]}}
,"/mnt/c/Users/JUAN DAVID/AgileEngine/uncharted-scaped-pods-project/src/providers/Database.ts": {"path":"/mnt/c/Users/JUAN DAVID/AgileEngine/uncharted-scaped-pods-project/src/providers/Database.ts","statementMap":{"0":{"start":{"line":1,"column":0},"end":{"line":1,"column":null}},"1":{"start":{"line":5,"column":0},"end":{"line":5,"column":31}},"2":{"start":{"line":6,"column":0},"end":{"line":6,"column":30}},"3":{"start":{"line":13,"column":4},"end":{"line":13,"column":42}},"4":{"start":{"line":22,"column":8},"end":{"line":22,"column":23}},"5":{"start":{"line":24,"column":4},"end":{"line":42,"column":53}},"6":{"start":{"line":42,"column":18},"end":{"line":42,"column":51}},"7":{"start":{"line":46,"column":4},"end":{"line":46,"column":34}},"8":{"start":{"line":50,"column":0},"end":{"line":50,"column":24}}},"fnMap":{"0":{"name":"(anonymous_1)","decl":{"start":{"line":12,"column":9},"end":{"line":12,"column":15}},"loc":{"start":{"line":12,"column":20},"end":{"line":43,"column":3}}},"1":{"name":"(anonymous_2)","decl":{"start":{"line":42,"column":12},"end":{"line":42,"column":15}},"loc":{"start":{"line":42,"column":18},"end":{"line":42,"column":51}}},"2":{"name":"(anonymous_3)","decl":{"start":{"line":45,"column":9},"end":{"line":45,"column":15}},"loc":{"start":{"line":45,"column":29},"end":{"line":47,"column":3}}}},"branchMap":{},"s":{"0":6,"1":6,"2":6,"3":0,"4":0,"5":0,"6":0,"7":0,"8":6},"f":{"0":0,"1":0,"2":0},"b":{}}
,"/mnt/c/Users/JUAN DAVID/AgileEngine/uncharted-scaped-pods-project/src/repositories/EscapePodRepository.ts": {"path":"/mnt/c/Users/JUAN DAVID/AgileEngine/uncharted-scaped-pods-project/src/repositories/EscapePodRepository.ts","statementMap":{"0":{"start":{"line":2,"column":0},"end":{"line":2,"column":45}},"1":{"start":{"line":3,"column":0},"end":{"line":3,"column":46}},"2":{"start":{"line":8,"column":28},"end":{"line":14,"column":4}},"3":{"start":{"line":8,"column":58},"end":{"line":14,"column":4}},"4":{"start":{"line":12,"column":6},"end":{"line":12,"column":45}},"5":{"start":{"line":16,"column":0},"end":{"line":16,"column":35}}},"fnMap":{"0":{"name":"(anonymous_1)","decl":{"start":{"line":8,"column":28},"end":{"line":8,"column":55}},"loc":{"start":{"line":8,"column":58},"end":{"line":14,"column":4}}},"1":{"name":"(anonymous_2)","decl":{"start":{"line":11,"column":4},"end":{"line":11,"column":12}},"loc":{"start":{"line":11,"column":23},"end":{"line":13,"column":5}}}},"branchMap":{},"s":{"0":2,"1":2,"2":2,"3":0,"4":0,"5":2},"f":{"0":0,"1":0},"b":{}}
,"/mnt/c/Users/JUAN DAVID/AgileEngine/uncharted-scaped-pods-project/src/repositories/UserRepository.ts": {"path":"/mnt/c/Users/JUAN DAVID/AgileEngine/uncharted-scaped-pods-project/src/repositories/UserRepository.ts","statementMap":{"0":{"start":{"line":2,"column":0},"end":{"line":2,"column":45}},"1":{"start":{"line":3,"column":0},"end":{"line":3,"column":36}},"2":{"start":{"line":8,"column":23},"end":{"line":16,"column":4}},"3":{"start":{"line":9,"column":2},"end":{"line":16,"column":4}},"4":{"start":{"line":11,"column":6},"end":{"line":11,"column":48}},"5":{"start":{"line":14,"column":6},"end":{"line":14,"column":45}},"6":{"start":{"line":18,"column":0},"end":{"line":18,"column":30}}},"fnMap":{"0":{"name":"(anonymous_1)","decl":{"start":{"line":8,"column":23},"end":{"line":8,"column":45}},"loc":{"start":{"line":9,"column":2},"end":{"line":16,"column":4}}},"1":{"name":"(anonymous_2)","decl":{"start":{"line":10,"column":4},"end":{"line":10,"column":15}},"loc":{"start":{"line":10,"column":29},"end":{"line":12,"column":5}}},"2":{"name":"(anonymous_3)","decl":{"start":{"line":13,"column":4},"end":{"line":13,"column":12}},"loc":{"start":{"line":13,"column":23},"end":{"line":15,"column":5}}}},"branchMap":{},"s":{"0":4,"1":4,"2":4,"3":0,"4":0,"5":0,"6":4},"f":{"0":0,"1":0,"2":0},"b":{}}
,"/mnt/c/Users/JUAN DAVID/AgileEngine/uncharted-scaped-pods-project/src/services/EscapePodService.ts": {"path":"/mnt/c/Users/JUAN DAVID/AgileEngine/uncharted-scaped-pods-project/src/services/EscapePodService.ts","statementMap":{"0":{"start":{"line":3,"column":0},"end":{"line":3,"column":70}},"1":{"start":{"line":8,"column":0},"end":{"line":8,"column":76}},"2":{"start":{"line":10,"column":0},"end":{"line":10,"column":64}},"3":{"start":{"line":15,"column":4},"end":{"line":15,"column":40}},"4":{"start":{"line":22,"column":4},"end":{"line":22,"column":33}},"5":{"start":{"line":31,"column":40},"end":{"line":33,"column":44}},"6":{"start":{"line":33,"column":7},"end":{"line":33,"column":44}},"7":{"start":{"line":40,"column":22},"end":{"line":40,"column":74}},"8":{"start":{"line":42,"column":4},"end":{"line":46,"column":null}},"9":{"start":{"line":43,"column":6},"end":{"line":45,"column":9}},"10":{"start":{"line":48,"column":4},"end":{"line":48,"column":21}},"11":{"start":{"line":54,"column":22},"end":{"line":54,"column":68}},"12":{"start":{"line":56,"column":4},"end":{"line":56,"column":21}},"13":{"start":{"line":63,"column":23},"end":{"line":64,"column":null}},"14":{"start":{"line":67,"column":17},"end":{"line":67,"column":37}},"15":{"start":{"line":69,"column":4},"end":{"line":72,"column":7}},"16":{"start":{"line":77,"column":17},"end":{"line":77,"column":37}},"17":{"start":{"line":79,"column":25},"end":{"line":79,"column":50}},"18":{"start":{"line":81,"column":4},"end":{"line":86,"column":null}},"19":{"start":{"line":82,"column":6},"end":{"line":85,"column":9}},"20":{"start":{"line":13,"column":0},"end":{"line":13,"column":21}}},"fnMap":{"0":{"name":"(anonymous_1)","decl":{"start":{"line":14,"column":2},"end":{"line":14,"column":8}},"loc":{"start":{"line":14,"column":8},"end":{"line":16,"column":3}}},"1":{"name":"(anonymous_2)","decl":{"start":{"line":21,"column":9},"end":{"line":21,"column":22}},"loc":{"start":{"line":21,"column":22},"end":{"line":23,"column":3}}},"2":{"name":"(anonymous_3)","decl":{"start":{"line":31,"column":40},"end":{"line":31,"column":null}},"loc":{"start":{"line":33,"column":7},"end":{"line":33,"column":44}}},"3":{"name":"(anonymous_4)","decl":{"start":{"line":36,"column":9},"end":{"line":36,"column":14}},"loc":{"start":{"line":37,"column":37},"end":{"line":50,"column":3}}},"4":{"name":"(anonymous_5)","decl":{"start":{"line":53,"column":9},"end":{"line":53,"column":14}},"loc":{"start":{"line":53,"column":65},"end":{"line":57,"column":3}}},"5":{"name":"(anonymous_6)","decl":{"start":{"line":59,"column":9},"end":{"line":59,"column":14}},"loc":{"start":{"line":60,"column":60},"end":{"line":73,"column":3}}},"6":{"name":"(anonymous_7)","decl":{"start":{"line":75,"column":9},"end":{"line":75,"column":14}},"loc":{"start":{"line":75,"column":36},"end":{"line":88,"column":3}}}},"branchMap":{"0":{"loc":{"start":{"line":42,"column":4},"end":{"line":46,"column":null}},"type":"if","locations":[{"start":{"line":42,"column":4},"end":{"line":46,"column":null}}]},"1":{"loc":{"start":{"line":81,"column":4},"end":{"line":86,"column":null}},"type":"if","locations":[{"start":{"line":81,"column":4},"end":{"line":86,"column":null}}]}},"s":{"0":2,"1":2,"2":2,"3":0,"4":0,"5":2,"6":1,"7":2,"8":2,"9":1,"10":1,"11":2,"12":1,"13":2,"14":1,"15":1,"16":0,"17":0,"18":0,"19":0,"20":2},"f":{"0":0,"1":0,"2":1,"3":2,"4":2,"5":2,"6":0},"b":{"0":[1],"1":[0]}}
,"/mnt/c/Users/JUAN DAVID/AgileEngine/uncharted-scaped-pods-project/src/services/UserService.ts": {"path":"/mnt/c/Users/JUAN DAVID/AgileEngine/uncharted-scaped-pods-project/src/services/UserService.ts","statementMap":{"0":{"start":{"line":2,"column":0},"end":{"line":2,"column":60}},"1":{"start":{"line":5,"column":0},"end":{"line":5,"column":64}},"2":{"start":{"line":14,"column":4},"end":{"line":14,"column":28}},"3":{"start":{"line":23,"column":40},"end":{"line":25,"column":39}},"4":{"start":{"line":25,"column":7},"end":{"line":25,"column":39}},"5":{"start":{"line":32,"column":18},"end":{"line":32,"column":51}},"6":{"start":{"line":34,"column":4},"end":{"line":34,"column":17}},"7":{"start":{"line":45,"column":17},"end":{"line":45,"column":69}},"8":{"start":{"line":47,"column":4},"end":{"line":51,"column":null}},"9":{"start":{"line":48,"column":6},"end":{"line":50,"column":9}},"10":{"start":{"line":53,"column":4},"end":{"line":53,"column":16}},"11":{"start":{"line":66,"column":17},"end":{"line":66,"column":58}},"12":{"start":{"line":68,"column":4},"end":{"line":68,"column":16}},"13":{"start":{"line":79,"column":17},"end":{"line":80,"column":null}},"14":{"start":{"line":82,"column":17},"end":{"line":82,"column":37}},"15":{"start":{"line":84,"column":4},"end":{"line":87,"column":7}},"16":{"start":{"line":96,"column":17},"end":{"line":96,"column":37}},"17":{"start":{"line":97,"column":25},"end":{"line":97,"column":50}},"18":{"start":{"line":99,"column":4},"end":{"line":103,"column":null}},"19":{"start":{"line":100,"column":6},"end":{"line":102,"column":9}},"20":{"start":{"line":11,"column":0},"end":{"line":11,"column":21}}},"fnMap":{"0":{"name":"(anonymous_1)","decl":{"start":{"line":13,"column":9},"end":{"line":13,"column":22}},"loc":{"start":{"line":13,"column":22},"end":{"line":15,"column":3}}},"1":{"name":"(anonymous_2)","decl":{"start":{"line":23,"column":40},"end":{"line":23,"column":null}},"loc":{"start":{"line":25,"column":7},"end":{"line":25,"column":39}}},"2":{"name":"(anonymous_3)","decl":{"start":{"line":31,"column":9},"end":{"line":31,"column":14}},"loc":{"start":{"line":31,"column":21},"end":{"line":35,"column":3}}},"3":{"name":"(anonymous_4)","decl":{"start":{"line":41,"column":9},"end":{"line":41,"column":14}},"loc":{"start":{"line":43,"column":24},"end":{"line":55,"column":3}}},"4":{"name":"(anonymous_5)","decl":{"start":{"line":65,"column":9},"end":{"line":65,"column":14}},"loc":{"start":{"line":65,"column":55},"end":{"line":69,"column":3}}},"5":{"name":"(anonymous_6)","decl":{"start":{"line":76,"column":9},"end":{"line":76,"column":14}},"loc":{"start":{"line":77,"column":55},"end":{"line":88,"column":3}}},"6":{"name":"(anonymous_7)","decl":{"start":{"line":95,"column":9},"end":{"line":95,"column":14}},"loc":{"start":{"line":95,"column":36},"end":{"line":104,"column":3}}}},"branchMap":{"0":{"loc":{"start":{"line":47,"column":4},"end":{"line":51,"column":null}},"type":"if","locations":[{"start":{"line":47,"column":4},"end":{"line":51,"column":null}}]},"1":{"loc":{"start":{"line":99,"column":4},"end":{"line":103,"column":null}},"type":"if","locations":[{"start":{"line":99,"column":4},"end":{"line":103,"column":null}}]}},"s":{"0":4,"1":4,"2":0,"3":4,"4":3,"5":0,"6":0,"7":4,"8":4,"9":2,"10":2,"11":2,"12":1,"13":2,"14":1,"15":1,"16":2,"17":2,"18":2,"19":1,"20":4},"f":{"0":0,"1":3,"2":0,"3":4,"4":2,"5":2,"6":2},"b":{"0":[2],"1":[1]}}
,"/mnt/c/Users/JUAN DAVID/AgileEngine/uncharted-scaped-pods-project/src/types/EntityWithFactoryMethod.ts": {"path":"/mnt/c/Users/JUAN DAVID/AgileEngine/uncharted-scaped-pods-project/src/types/EntityWithFactoryMethod.ts","statementMap":{"0":{"start":{"line":1,"column":0},"end":{"line":1,"column":null}},"1":{"start":{"line":9,"column":4},"end":{"line":11,"column":6}},"2":{"start":{"line":5,"column":0},"end":{"line":5,"column":21}}},"fnMap":{"0":{"name":"(anonymous_0)","decl":{"start":{"line":6,"column":2},"end":{"line":6,"column":8}},"loc":{"start":{"line":7,"column":41},"end":{"line":12,"column":3}}}},"branchMap":{},"s":{"0":8,"1":16,"2":8},"f":{"0":16},"b":{}}
,"/mnt/c/Users/JUAN DAVID/AgileEngine/uncharted-scaped-pods-project/src/utils/Log.ts": {"path":"/mnt/c/Users/JUAN DAVID/AgileEngine/uncharted-scaped-pods-project/src/utils/Log.ts","statementMap":{"0":{"start":{"line":5,"column":17},"end":{"line":5,"column":27}},"1":{"start":{"line":8,"column":23},"end":{"line":8,"column":107}},"2":{"start":{"line":9,"column":23},"end":{"line":9,"column":103}},"3":{"start":{"line":11,"column":4},"end":{"line":11,"column":53}},"4":{"start":{"line":14,"column":16},"end":{"line":14,"column":81}},"5":{"start":{"line":14,"column":39},"end":{"line":14,"column":81}},"6":{"start":{"line":16,"column":16},"end":{"line":16,"column":82}},"7":{"start":{"line":16,"column":39},"end":{"line":16,"column":82}},"8":{"start":{"line":18,"column":17},"end":{"line":18,"column":84}},"9":{"start":{"line":18,"column":40},"end":{"line":18,"column":84}},"10":{"start":{"line":21,"column":0},"end":{"line":21,"column":25}}},"fnMap":{"0":{"name":"(anonymous_0)","decl":{"start":{"line":7,"column":2},"end":{"line":7,"column":null}},"loc":{"start":{"line":7,"column":2},"end":{"line":12,"column":3}}},"1":{"name":"(anonymous_1)","decl":{"start":{"line":14,"column":16},"end":{"line":14,"column":17}},"loc":{"start":{"line":14,"column":39},"end":{"line":14,"column":81}}},"2":{"name":"(anonymous_2)","decl":{"start":{"line":16,"column":16},"end":{"line":16,"column":17}},"loc":{"start":{"line":16,"column":39},"end":{"line":16,"column":82}}},"3":{"name":"(anonymous_3)","decl":{"start":{"line":18,"column":17},"end":{"line":18,"column":18}},"loc":{"start":{"line":18,"column":40},"end":{"line":18,"column":84}}}},"branchMap":{},"s":{"0":6,"1":6,"2":6,"3":6,"4":6,"5":6,"6":6,"7":0,"8":6,"9":0,"10":6},"f":{"0":6,"1":6,"2":0,"3":0},"b":{}}
}
