TN:
SF:dist/controllers/UserController.js
FN:2,(anonymous_0)
FN:10,(anonymous_1)
FN:15,(anonymous_2)
FN:21,(anonymous_3)
FN:28,(anonymous_4)
FN:32,(anonymous_5)
FN:36,(anonymous_6)
FNF:7
FNH:6
FNDA:1,(anonymous_0)
FNDA:8,(anonymous_1)
FNDA:0,(anonymous_2)
FNDA:2,(anonymous_3)
FNDA:2,(anonymous_4)
FNDA:2,(anonymous_5)
FNDA:2,(anonymous_6)
DA:2,1
DA:3,1
DA:5,1
DA:6,1
DA:7,1
DA:11,8
DA:12,8
DA:15,8
DA:16,0
DA:17,0
DA:21,8
DA:22,2
DA:23,2
DA:24,2
DA:28,8
DA:29,2
DA:30,1
DA:32,8
DA:33,2
DA:34,1
DA:36,8
DA:37,2
DA:38,2
DA:39,0
DA:42,1
LF:25
LH:22
BRDA:2,0,0,1
BRDA:2,0,1,1
BRDA:2,0,2,1
BRDA:3,1,0,1
BRDA:3,1,1,0
BRDA:3,2,0,1
BRDA:3,2,1,1
BRDA:10,3,0,0
BRDA:10,4,0,8
BRF:9
BRH:7
end_of_record
TN:
SF:dist/entities/User.js
FN:2,(anonymous_0)
FN:8,(anonymous_1)
FN:11,(anonymous_2)
FN:20,(anonymous_3)
FNF:4
FNH:4
FNDA:45,(anonymous_0)
FNDA:40,(anonymous_1)
FNDA:5,(anonymous_2)
FNDA:5,(anonymous_3)
DA:2,5
DA:3,45
DA:4,45
DA:5,0
DA:6,45
DA:8,5
DA:9,40
DA:11,5
DA:12,5
DA:14,5
DA:15,5
DA:16,5
DA:17,5
DA:18,5
DA:20,5
DA:21,5
DA:22,5
DA:23,5
DA:24,5
DA:25,5
DA:26,5
DA:27,5
DA:29,5
DA:39,5
DA:43,5
DA:51,5
DA:55,5
DA:59,5
DA:64,5
DA:68,5
DA:72,5
DA:79,5
DA:82,5
LF:33
LH:32
BRDA:2,0,0,5
BRDA:2,0,1,5
BRDA:2,0,2,5
BRDA:3,1,0,5
BRDA:3,1,1,40
BRDA:3,2,0,0
BRDA:3,2,1,40
BRDA:4,3,0,45
BRDA:4,3,1,0
BRDA:4,4,0,45
BRDA:4,4,1,45
BRDA:5,5,0,0
BRDA:5,5,1,0
BRDA:5,6,0,0
BRDA:5,6,1,0
BRDA:5,7,0,0
BRDA:5,7,1,0
BRDA:5,8,0,0
BRDA:5,8,1,0
BRDA:6,9,0,45
BRDA:6,9,1,40
BRDA:6,9,2,0
BRDA:8,10,0,5
BRDA:8,10,1,5
BRDA:8,10,2,5
BRDA:9,11,0,40
BRDA:9,11,1,0
BRDA:9,12,0,40
BRDA:9,12,1,40
BRDA:11,13,0,5
BRDA:11,13,1,5
BRDA:11,13,2,5
BRDA:12,14,0,5
BRDA:12,14,1,0
BRDA:12,15,0,5
BRDA:12,15,1,5
BRDA:28,16,0,5
BRDA:28,16,1,5
BRF:38
BRH:25
end_of_record
TN:
SF:dist/exceptions/HttpException.js
FN:9,(anonymous_0)
FNF:1
FNH:1
FNDA:19,(anonymous_0)
DA:2,8
DA:10,19
DA:11,19
DA:12,19
DA:15,8
LF:5
LH:5
BRDA:9,0,0,1
BRDA:9,1,0,2
BRF:2
BRH:2
end_of_record
TN:
SF:dist/exceptions/NotAuthenticatedException.js
FN:2,(anonymous_0)
FN:8,(anonymous_1)
FNF:2
FNH:2
FNDA:2,(anonymous_0)
FNDA:4,(anonymous_1)
DA:2,2
DA:3,2
DA:5,2
DA:6,2
DA:9,4
DA:12,2
LF:6
LH:6
BRDA:2,0,0,2
BRDA:2,0,1,2
BRDA:2,0,2,2
BRDA:3,1,0,2
BRDA:3,1,1,0
BRDA:3,2,0,2
BRDA:3,2,1,2
BRDA:9,3,0,4
BRDA:9,3,1,3
BRF:9
BRH:8
end_of_record
TN:
SF:dist/exceptions/NotAuthorizedException.js
FN:2,(anonymous_0)
FN:8,(anonymous_1)
FNF:2
FNH:2
FNDA:2,(anonymous_0)
FNDA:2,(anonymous_1)
DA:2,2
DA:3,2
DA:5,2
DA:6,2
DA:9,2
DA:12,2
LF:6
LH:6
BRDA:2,0,0,2
BRDA:2,0,1,2
BRDA:2,0,2,2
BRDA:3,1,0,2
BRDA:3,1,1,0
BRDA:3,2,0,2
BRDA:3,2,1,2
BRDA:9,3,0,2
BRDA:9,3,1,1
BRF:9
BRH:8
end_of_record
TN:
SF:dist/exceptions/NotFoundException.js
FN:2,(anonymous_0)
FN:11,(anonymous_1)
FNF:2
FNH:2
FNDA:5,(anonymous_0)
FNDA:10,(anonymous_1)
DA:2,5
DA:3,5
DA:5,5
DA:6,5
DA:12,10
DA:15,5
LF:6
LH:6
BRDA:2,0,0,5
BRDA:2,0,1,5
BRDA:2,0,2,5
BRDA:3,1,0,5
BRDA:3,1,1,0
BRDA:3,2,0,5
BRDA:3,2,1,5
BRDA:12,3,0,10
BRDA:12,3,1,5
BRF:9
BRH:8
end_of_record
TN:
SF:dist/mappers/UserMapper.js
FN:8,(anonymous_0)
FNF:1
FNH:1
FNDA:7,(anonymous_0)
DA:2,2
DA:3,2
DA:9,7
DA:20,2
LF:4
LH:4
BRF:0
BRH:0
end_of_record
TN:
SF:dist/middlewares/Authentication.js
FN:2,(anonymous_0)
FN:14,(anonymous_1)
FN:18,(anonymous_2)
FN:19,(anonymous_3)
FNF:4
FNH:4
FNDA:4,(anonymous_0)
FNDA:4,(anonymous_1)
FNDA:3,(anonymous_2)
FNDA:3,(anonymous_3)
DA:2,1
DA:3,4
DA:5,1
DA:6,1
DA:7,1
DA:8,1
DA:9,1
DA:10,1
DA:12,1
DA:15,4
DA:16,4
DA:19,3
DA:20,3
DA:21,1
DA:22,2
DA:23,2
DA:24,1
DA:25,1
DA:26,1
DA:29,1
DA:30,1
DA:31,0
DA:36,1
DA:37,1
LF:24
LH:23
BRDA:2,0,0,1
BRDA:2,0,1,1
BRDA:2,0,2,1
BRDA:3,1,0,4
BRDA:3,1,1,0
BRDA:3,2,0,4
BRDA:3,2,1,4
BRDA:14,3,0,2
BRDA:15,4,0,4
BRDA:15,4,1,4
BRDA:20,5,0,1
BRDA:20,5,1,2
BRDA:29,6,0,1
BRDA:29,6,1,0
BRF:14
BRH:12
end_of_record
TN:
SF:dist/middlewares/Authorization.js
FN:2,(anonymous_0)
FN:14,(anonymous_1)
FN:18,(anonymous_2)
FN:19,(anonymous_3)
FNF:4
FNH:4
FNDA:3,(anonymous_0)
FNDA:2,(anonymous_1)
FNDA:1,(anonymous_2)
FNDA:1,(anonymous_3)
DA:2,1
DA:3,3
DA:5,1
DA:6,1
DA:7,1
DA:8,1
DA:9,1
DA:10,1
DA:12,1
DA:15,2
DA:16,2
DA:19,1
DA:20,1
DA:21,1
DA:22,1
DA:25,0
DA:30,1
DA:31,1
LF:18
LH:17
BRDA:2,0,0,1
BRDA:2,0,1,1
BRDA:2,0,2,1
BRDA:3,1,0,3
BRDA:3,1,1,0
BRDA:3,2,0,3
BRDA:3,2,1,3
BRDA:14,3,0,2
BRDA:15,4,0,2
BRDA:15,4,1,2
BRDA:21,5,0,1
BRDA:21,5,1,0
BRF:12
BRH:10
end_of_record
TN:
SF:dist/mocks/RequestMock.js
FN:3,(anonymous_0)
FNF:1
FNH:1
FNDA:12,(anonymous_0)
DA:2,3
DA:3,12
DA:10,3
LF:3
LH:3
BRDA:3,0,0,1
BRDA:4,1,0,12
BRDA:4,1,1,9
BRDA:5,2,0,12
BRDA:5,2,1,9
BRDA:6,3,0,12
BRDA:6,3,1,12
BRDA:7,4,0,12
BRDA:7,4,1,6
BRDA:8,5,0,12
BRDA:8,5,1,12
BRF:11
BRH:11
end_of_record
TN:
SF:dist/mocks/ResponseMock.js
FN:2,(anonymous_0)
FN:7,(anonymous_1)
FNF:2
FNH:2
FNDA:1,(anonymous_0)
FNDA:8,(anonymous_1)
DA:2,1
DA:3,1
DA:5,1
DA:6,1
DA:7,1
DA:8,8
DA:9,8
DA:10,8
DA:11,8
DA:12,8
DA:14,1
LF:11
LH:11
BRDA:2,0,0,1
BRDA:2,0,1,1
BRDA:2,0,2,1
BRDA:3,1,0,0
BRDA:3,1,1,1
BRDA:3,2,0,1
BRDA:3,2,1,1
BRF:7
BRH:6
end_of_record
TN:
SF:dist/mocks/UserMock.js
FN:2,(anonymous_0)
FN:4,(anonymous_1)
FN:5,(anonymous_2)
FN:9,(anonymous_3)
FN:11,(anonymous_4)
FN:14,(anonymous_5)
FN:23,(anonymous_6)
FNF:7
FNH:2
FNDA:0,(anonymous_0)
FNDA:0,(anonymous_1)
FNDA:0,(anonymous_2)
FNDA:0,(anonymous_3)
FNDA:0,(anonymous_4)
FNDA:4,(anonymous_5)
FNDA:9,(anonymous_6)
DA:2,4
DA:3,0
DA:4,0
DA:6,0
DA:7,0
DA:9,4
DA:10,0
DA:12,0
DA:14,4
DA:15,4
DA:16,0
DA:17,0
DA:18,0
DA:19,0
DA:21,4
DA:22,4
DA:23,9
DA:32,4
LF:18
LH:8
BRDA:2,0,0,4
BRDA:2,0,1,4
BRDA:2,0,2,4
BRDA:2,1,0,4
BRDA:2,1,1,0
BRDA:3,2,0,0
BRDA:3,2,1,0
BRDA:6,3,0,0
BRDA:6,3,1,0
BRDA:9,4,0,4
BRDA:9,4,1,4
BRDA:9,4,2,4
BRDA:9,5,0,4
BRDA:9,5,1,0
BRDA:14,6,0,4
BRDA:14,6,1,4
BRDA:14,6,2,4
BRDA:15,7,0,4
BRDA:15,7,1,0
BRDA:15,8,0,4
BRDA:15,8,1,4
BRDA:17,9,0,0
BRDA:17,9,1,0
BRDA:17,10,0,0
BRDA:17,10,1,0
BRDA:17,11,0,0
BRDA:17,11,1,0
BRF:27
BRH:14
end_of_record
TN:
SF:dist/providers/Config.js
FN:2,(anonymous_0)
FN:4,(anonymous_1)
FN:5,(anonymous_2)
FN:9,(anonymous_3)
FN:11,(anonymous_4)
FN:14,(anonymous_5)
FN:21,(anonymous_6)
FN:36,(anonymous_7)
FN:72,(anonymous_8)
FNF:9
FNH:4
FNDA:72,(anonymous_0)
FNDA:0,(anonymous_1)
FNDA:0,(anonymous_2)
FNDA:8,(anonymous_3)
FNDA:0,(anonymous_4)
FNDA:8,(anonymous_5)
FNDA:4,(anonymous_6)
FNDA:0,(anonymous_7)
FNDA:0,(anonymous_8)
DA:2,4
DA:3,72
DA:4,72
DA:6,0
DA:7,0
DA:9,4
DA:10,8
DA:12,0
DA:14,4
DA:15,8
DA:16,8
DA:17,72
DA:18,8
DA:19,8
DA:21,4
DA:22,4
DA:24,4
DA:25,4
DA:26,4
DA:27,4
DA:37,0
DA:38,0
DA:41,0
DA:66,0
DA:73,0
DA:74,0
DA:77,4
LF:27
LH:18
BRDA:2,0,0,4
BRDA:2,0,1,4
BRDA:2,0,2,4
BRDA:2,1,0,4
BRDA:2,1,1,0
BRDA:3,2,0,72
BRDA:3,2,1,0
BRDA:6,3,0,0
BRDA:6,3,1,0
BRDA:9,4,0,4
BRDA:9,4,1,4
BRDA:9,4,2,4
BRDA:9,5,0,4
BRDA:9,5,1,0
BRDA:14,6,0,4
BRDA:14,6,1,4
BRDA:14,6,2,4
BRDA:15,7,0,0
BRDA:15,7,1,8
BRDA:15,8,0,8
BRDA:15,8,1,8
BRDA:17,9,0,8
BRDA:17,9,1,0
BRDA:17,10,0,72
BRDA:17,10,1,0
BRDA:17,11,0,72
BRDA:17,11,1,72
BRDA:21,12,0,4
BRDA:21,12,1,4
BRDA:21,12,2,4
BRDA:22,13,0,4
BRDA:22,13,1,0
BRDA:22,14,0,4
BRDA:22,14,1,4
BRDA:37,15,0,0
BRDA:37,15,1,0
BRDA:42,16,0,0
BRDA:42,16,1,0
BRDA:43,17,0,0
BRDA:43,17,1,0
BRDA:45,18,0,0
BRDA:45,18,1,0
BRDA:46,19,0,0
BRDA:46,19,1,0
BRDA:51,20,0,0
BRDA:51,20,1,0
BRDA:53,21,0,0
BRDA:53,21,1,0
BRDA:54,22,0,0
BRDA:54,22,1,0
BRDA:55,23,0,0
BRDA:55,23,1,0
BRDA:59,24,0,0
BRDA:59,24,1,0
BRDA:61,25,0,0
BRDA:61,25,1,0
BRF:56
BRH:25
end_of_record
TN:
SF:dist/providers/Database.js
FN:2,(anonymous_0)
FN:13,(anonymous_1)
FN:37,(anonymous_2)
FN:39,(anonymous_3)
FNF:4
FNH:1
FNDA:8,(anonymous_0)
FNDA:0,(anonymous_1)
FNDA:0,(anonymous_2)
FNDA:0,(anonymous_3)
DA:2,4
DA:3,8
DA:5,4
DA:6,4
DA:7,4
DA:8,4
DA:14,0
DA:19,0
DA:20,0
DA:37,0
DA:40,0
DA:43,4
LF:12
LH:7
BRDA:2,0,0,4
BRDA:2,0,1,4
BRDA:2,0,2,4
BRDA:3,1,0,8
BRDA:3,1,1,0
BRDA:3,2,0,8
BRDA:3,2,1,8
BRF:7
BRH:6
end_of_record
TN:
SF:dist/repositories/UserRepository.js
FN:2,(anonymous_0)
FN:11,(anonymous_1)
FN:13,(anonymous_2)
FN:16,(anonymous_3)
FN:19,(anonymous_4)
FNF:5
FNH:1
FNDA:8,(anonymous_0)
FNDA:0,(anonymous_1)
FNDA:0,(anonymous_2)
FNDA:0,(anonymous_3)
FNDA:0,(anonymous_4)
DA:2,4
DA:3,8
DA:5,4
DA:6,4
DA:7,4
DA:11,4
DA:14,0
DA:17,0
DA:20,0
DA:23,4
LF:10
LH:7
BRDA:2,0,0,4
BRDA:2,0,1,4
BRDA:2,0,2,4
BRDA:3,1,0,8
BRDA:3,1,1,0
BRDA:3,2,0,8
BRDA:3,2,1,8
BRF:7
BRH:6
end_of_record
TN:
SF:dist/services/UserService.js
FN:2,(anonymous_0)
FN:10,(anonymous_1)
FN:18,(anonymous_2)
FN:22,(anonymous_3)
FN:26,(anonymous_4)
FN:37,(anonymous_5)
FN:48,(anonymous_6)
FN:59,(anonymous_7)
FN:70,(anonymous_8)
FN:78,(anonymous_9)
FN:90,(anonymous_10)
FNF:11
FNH:7
FNDA:8,(anonymous_0)
FNDA:0,(anonymous_1)
FNDA:3,(anonymous_2)
FNDA:0,(anonymous_3)
FNDA:0,(anonymous_4)
FNDA:2,(anonymous_5)
FNDA:2,(anonymous_6)
FNDA:0,(anonymous_7)
FNDA:2,(anonymous_8)
FNDA:2,(anonymous_9)
FNDA:2,(anonymous_10)
DA:2,4
DA:3,8
DA:5,4
DA:7,4
DA:8,4
DA:11,0
DA:18,4
DA:23,0
DA:24,0
DA:27,0
DA:28,0
DA:29,0
DA:31,0
DA:38,2
DA:39,2
DA:40,1
DA:42,1
DA:49,2
DA:50,2
DA:51,1
DA:53,1
DA:60,0
DA:61,0
DA:62,0
DA:64,0
DA:71,2
DA:72,1
DA:79,2
DA:80,1
DA:81,1
DA:91,2
DA:92,2
DA:93,2
DA:94,1
DA:98,4
LF:35
LH:24
BRDA:2,0,0,4
BRDA:2,0,1,4
BRDA:2,0,2,4
BRDA:3,1,0,8
BRDA:3,1,1,0
BRDA:3,2,0,8
BRDA:3,2,1,8
BRDA:28,3,0,0
BRDA:28,3,1,0
BRDA:39,4,0,1
BRDA:39,4,1,1
BRDA:50,5,0,1
BRDA:50,5,1,1
BRDA:61,6,0,0
BRDA:61,6,1,0
BRDA:93,7,0,1
BRDA:93,7,1,1
BRF:17
BRH:12
end_of_record
TN:
SF:dist/types/EntityWithFactoryMethod.js
FN:5,(anonymous_0)
FNF:1
FNH:1
FNDA:9,(anonymous_0)
DA:2,5
DA:3,5
DA:6,9
DA:9,5
LF:4
LH:4
BRF:0
BRH:0
end_of_record
TN:
SF:dist/utils/Log.js
FN:7,(anonymous_0)
FN:12,(anonymous_1)
FN:13,(anonymous_2)
FN:14,(anonymous_3)
FNF:4
FNH:2
FNDA:4,(anonymous_0)
FNDA:6,(anonymous_1)
FNDA:0,(anonymous_2)
FNDA:0,(anonymous_3)
DA:2,4
DA:6,4
DA:8,4
DA:9,4
DA:10,4
DA:12,6
DA:13,4
DA:14,4
DA:16,4
LF:9
LH:9
BRF:0
BRH:0
end_of_record
TN:
SF:src/controllers/UserController.ts
FN:17,(anonymous_1)
FN:27,(anonymous_2)
FN:37,(anonymous_3)
FN:50,(anonymous_4)
FN:58,(anonymous_5)
FN:68,(anonymous_6)
FNF:6
FNH:5
FNDA:8,(anonymous_1)
FNDA:0,(anonymous_2)
FNDA:2,(anonymous_3)
FNDA:2,(anonymous_4)
FNDA:2,(anonymous_5)
FNDA:2,(anonymous_6)
DA:2,1
DA:5,1
DA:21,8
DA:22,8
DA:27,8
DA:30,0
DA:32,0
DA:37,8
DA:40,2
DA:41,2
DA:45,2
DA:50,8
DA:53,2
DA:55,1
DA:58,8
DA:61,2
DA:65,1
DA:68,8
DA:71,2
DA:73,2
DA:74,0
DA:78,1
LF:22
LH:19
BRDA:18,0,0,0
BRDA:19,1,0,8
BRF:2
BRH:1
end_of_record
TN:
SF:src/entities/User.ts
FN:12,(anonymous_3)
FNF:1
FNH:1
FNDA:5,(anonymous_3)
DA:1,5
DA:2,5
DA:10,5
DA:12,5
DA:13,5
DA:14,5
DA:15,5
DA:16,5
DA:17,5
DA:18,5
DA:19,5
DA:23,5
DA:25,5
DA:33,5
DA:36,5
DA:39,5
DA:43,5
DA:46,5
DA:49,5
DA:55,5
LF:20
LH:20
BRDA:12,0,0,5
BRDA:12,0,1,5
BRF:2
BRH:2
end_of_record
TN:
SF:src/exceptions/HttpException.ts
FN:9,(anonymous_0)
FNF:1
FNH:1
FNDA:19,(anonymous_0)
DA:4,8
DA:12,19
DA:13,19
DA:14,19
LF:4
LH:4
BRDA:10,0,0,1
BRDA:10,1,0,2
BRF:2
BRH:2
end_of_record
TN:
SF:src/exceptions/NotAuthenticatedException.ts
FN:5,(anonymous_1)
FNF:1
FNH:1
FNDA:4,(anonymous_1)
DA:1,2
DA:3,2
DA:6,4
LF:3
LH:3
BRDA:7,0,0,4
BRDA:7,0,1,3
BRF:2
BRH:2
end_of_record
TN:
SF:src/exceptions/NotAuthorizedException.ts
FN:5,(anonymous_1)
FNF:1
FNH:1
FNDA:2,(anonymous_1)
DA:1,2
DA:3,2
DA:6,2
LF:3
LH:3
BRDA:7,0,0,2
BRDA:7,0,1,1
BRF:2
BRH:2
end_of_record
TN:
SF:src/exceptions/NotFoundException.ts
FN:7,(anonymous_1)
FNF:1
FNH:1
FNDA:10,(anonymous_1)
DA:1,5
DA:6,5
DA:8,10
LF:3
LH:3
BRDA:9,0,0,10
BRDA:9,0,1,5
BRF:2
BRH:2
end_of_record
TN:
SF:src/mappers/UserMapper.ts
FN:19,(anonymous_0)
FNF:1
FNH:1
FNDA:7,(anonymous_0)
DA:18,2
DA:20,7
LF:2
LH:2
BRF:0
BRH:0
end_of_record
TN:
SF:src/middlewares/Authentication.ts
FN:23,(anonymous_1)
FN:31,(anonymous_2)
FN:32,(anonymous_3)
FNF:3
FNH:3
FNDA:4,(anonymous_1)
FNDA:3,(anonymous_2)
FNDA:3,(anonymous_3)
DA:6,1
DA:9,1
DA:10,1
DA:11,1
DA:15,1
DA:16,1
DA:26,4
DA:27,4
DA:32,3
DA:36,3
DA:38,2
DA:39,2
DA:43,1
DA:44,1
DA:46,1
DA:50,1
DA:51,0
DA:61,1
LF:18
LH:17
BRDA:24,0,0,2
BRDA:26,1,0,4
BRDA:26,1,1,4
BRDA:36,2,0,1
BRDA:50,3,0,1
BRF:5
BRH:5
end_of_record
TN:
SF:src/middlewares/Authorization.ts
FN:18,(anonymous_1)
FN:28,(anonymous_2)
FN:29,(anonymous_3)
FNF:3
FNH:3
FNDA:2,(anonymous_1)
FNDA:1,(anonymous_2)
FNDA:1,(anonymous_3)
DA:6,1
DA:9,1
DA:10,1
DA:11,1
DA:13,1
DA:14,1
DA:22,2
DA:23,2
DA:29,1
DA:32,1
DA:34,1
DA:35,1
DA:37,0
DA:45,1
LF:14
LH:13
BRDA:19,0,0,2
BRDA:22,1,0,2
BRDA:22,1,1,2
BRDA:34,2,0,1
BRDA:34,2,1,0
BRF:5
BRH:4
end_of_record
TN:
SF:src/mocks/RequestMock.ts
FN:11,(anonymous_0)
FNF:1
FNH:1
FNDA:12,(anonymous_0)
DA:11,12
DA:20,3
LF:2
LH:2
BRDA:11,0,0,1
BRDA:12,1,0,12
BRDA:12,1,1,9
BRDA:13,2,0,12
BRDA:13,2,1,9
BRDA:14,3,0,12
BRDA:14,3,1,12
BRDA:15,4,0,12
BRDA:15,4,1,6
BRDA:16,5,0,12
BRDA:16,5,1,12
BRF:11
BRH:11
end_of_record
TN:
SF:src/mocks/ResponseMock.ts
FN:3,(anonymous_1)
FNF:1
FNH:1
FNDA:8,(anonymous_1)
DA:1,1
DA:3,1
DA:4,8
DA:6,8
DA:7,8
DA:8,8
DA:9,8
DA:12,1
LF:8
LH:8
BRF:0
BRH:0
end_of_record
TN:
SF:src/mocks/UserMock.ts
FN:4,(anonymous_6)
FNF:1
FNH:1
FNDA:9,(anonymous_6)
DA:1,4
DA:4,9
DA:14,4
LF:3
LH:3
BRF:0
BRH:0
end_of_record
TN:
SF:src/providers/Config.ts
FN:36,(anonymous_7)
FN:76,(anonymous_8)
FNF:2
FNH:0
FNDA:0,(anonymous_7)
FNDA:0,(anonymous_8)
DA:1,4
DA:2,4
DA:5,4
DA:37,0
DA:38,0
DA:43,0
DA:69,0
DA:77,0
DA:78,0
DA:82,4
LF:10
LH:4
BRDA:37,0,0,0
BRDA:44,1,0,0
BRDA:44,1,1,0
BRDA:45,2,0,0
BRDA:45,2,1,0
BRDA:47,3,0,0
BRDA:47,3,1,0
BRDA:48,4,0,0
BRDA:48,4,1,0
BRDA:53,5,0,0
BRDA:53,5,1,0
BRDA:55,6,0,0
BRDA:55,6,1,0
BRDA:56,7,0,0
BRDA:56,7,1,0
BRDA:57,8,0,0
BRDA:57,8,1,0
BRDA:61,9,0,0
BRDA:61,9,1,0
BRDA:63,10,0,0
BRDA:63,10,1,0
BRF:21
BRH:0
end_of_record
TN:
SF:src/providers/Database.ts
FN:12,(anonymous_1)
FN:44,(anonymous_2)
FN:47,(anonymous_3)
FNF:3
FNH:0
FNDA:0,(anonymous_1)
FNDA:0,(anonymous_2)
FNDA:0,(anonymous_3)
DA:1,4
DA:5,4
DA:6,4
DA:13,0
DA:24,0
DA:26,0
DA:44,0
DA:48,0
DA:52,4
LF:9
LH:4
BRF:0
BRH:0
end_of_record
TN:
SF:src/repositories/UserRepository.ts
FN:8,(anonymous_1)
FN:10,(anonymous_2)
FN:14,(anonymous_3)
FN:18,(anonymous_4)
FNF:4
FNH:0
FNDA:0,(anonymous_1)
FNDA:0,(anonymous_2)
FNDA:0,(anonymous_3)
FNDA:0,(anonymous_4)
DA:2,4
DA:3,4
DA:8,4
DA:11,0
DA:15,0
DA:19,0
DA:23,4
LF:7
LH:4
BRF:0
BRH:0
end_of_record
TN:
SF:src/services/UserService.ts
FN:13,(anonymous_1)
FN:23,(anonymous_2)
FN:31,(anonymous_3)
FN:38,(anonymous_4)
FN:59,(anonymous_5)
FN:77,(anonymous_6)
FN:93,(anonymous_7)
FN:110,(anonymous_8)
FN:121,(anonymous_9)
FN:138,(anonymous_10)
FNF:10
FNH:6
FNDA:0,(anonymous_1)
FNDA:3,(anonymous_2)
FNDA:0,(anonymous_3)
FNDA:0,(anonymous_4)
FNDA:2,(anonymous_5)
FNDA:2,(anonymous_6)
FNDA:0,(anonymous_7)
FNDA:2,(anonymous_8)
FNDA:2,(anonymous_9)
FNDA:2,(anonymous_10)
DA:2,4
DA:5,4
DA:11,4
DA:14,0
DA:23,4
DA:25,3
DA:32,0
DA:34,0
DA:42,0
DA:44,0
DA:45,0
DA:50,0
DA:62,2
DA:64,2
DA:65,1
DA:69,1
DA:78,2
DA:80,2
DA:81,1
DA:85,1
DA:94,0
DA:96,0
DA:97,0
DA:101,0
DA:111,2
DA:113,1
DA:124,2
DA:125,1
DA:127,1
DA:139,2
DA:140,2
DA:142,2
DA:143,1
LF:33
LH:22
BRDA:44,0,0,0
BRDA:64,1,0,1
BRDA:80,2,0,1
BRDA:96,3,0,0
BRDA:142,4,0,1
BRF:5
BRH:3
end_of_record
TN:
SF:src/types/EntityWithFactoryMethod.ts
FN:6,(anonymous_0)
FNF:1
FNH:1
FNDA:9,(anonymous_0)
DA:1,5
DA:5,5
DA:9,9
LF:3
LH:3
BRF:0
BRH:0
end_of_record
TN:
SF:src/utils/Log.ts
FN:7,(anonymous_0)
FN:14,(anonymous_1)
FN:16,(anonymous_2)
FN:18,(anonymous_3)
FNF:4
FNH:2
FNDA:4,(anonymous_0)
FNDA:6,(anonymous_1)
FNDA:0,(anonymous_2)
FNDA:0,(anonymous_3)
DA:5,4
DA:8,4
DA:9,4
DA:11,4
DA:14,6
DA:16,4
DA:18,4
DA:21,4
LF:8
LH:8
BRF:0
BRH:0
end_of_record
