TN:
SF:dist/controllers/EscapePodController.js
FN:2,(anonymous_0)
FN:10,(anonymous_1)
FN:15,(anonymous_2)
FN:22,(anonymous_3)
FN:26,(anonymous_4)
FNF:5
FNH:4
FNDA:2,(anonymous_0)
FNDA:8,(anonymous_1)
FNDA:4,(anonymous_2)
FNDA:0,(anonymous_3)
FNDA:4,(anonymous_4)
DA:2,2
DA:3,2
DA:5,2
DA:6,2
DA:7,2
DA:11,8
DA:12,8
DA:15,8
DA:16,4
DA:17,4
DA:18,2
DA:22,8
DA:23,0
DA:24,0
DA:26,8
DA:27,4
DA:28,4
DA:29,1
DA:34,2
LF:19
LH:17
BRDA:2,0,0,2
BRDA:2,0,1,2
BRDA:2,0,2,2
BRDA:3,1,0,2
BRDA:3,1,1,0
BRDA:3,2,0,2
BRDA:3,2,1,2
BRDA:10,3,0,1
BRDA:10,4,0,8
BRF:9
BRH:8
end_of_record
TN:
SF:dist/controllers/UserController.js
FN:2,(anonymous_0)
FN:10,(anonymous_1)
FN:15,(anonymous_2)
FN:21,(anonymous_3)
FN:28,(anonymous_4)
FN:32,(anonymous_5)
FN:36,(anonymous_6)
FNF:7
FNH:6
FNDA:1,(anonymous_0)
FNDA:8,(anonymous_1)
FNDA:0,(anonymous_2)
FNDA:2,(anonymous_3)
FNDA:2,(anonymous_4)
FNDA:2,(anonymous_5)
FNDA:2,(anonymous_6)
DA:2,1
DA:3,1
DA:5,1
DA:6,1
DA:7,1
DA:11,8
DA:12,8
DA:15,8
DA:16,0
DA:17,0
DA:21,8
DA:22,2
DA:23,2
DA:24,1
DA:28,8
DA:29,2
DA:30,1
DA:32,8
DA:33,2
DA:34,1
DA:36,8
DA:37,2
DA:38,2
DA:39,0
DA:42,1
LF:25
LH:22
BRDA:2,0,0,1
BRDA:2,0,1,1
BRDA:2,0,2,1
BRDA:3,1,0,1
BRDA:3,1,1,0
BRDA:3,2,0,1
BRDA:3,2,1,1
BRDA:10,3,0,0
BRDA:10,4,0,8
BRF:9
BRH:7
end_of_record
TN:
SF:dist/entities/EscapePod.js
FN:2,(anonymous_0)
FN:8,(anonymous_1)
FN:11,(anonymous_2)
FNF:3
FNH:3
FNDA:16,(anonymous_0)
FNDA:12,(anonymous_1)
FNDA:4,(anonymous_2)
DA:2,4
DA:3,16
DA:4,16
DA:5,0
DA:6,16
DA:8,4
DA:9,12
DA:11,4
DA:12,4
DA:14,4
DA:15,4
DA:16,4
DA:17,4
DA:22,4
DA:26,4
DA:30,4
DA:34,4
DA:37,4
LF:18
LH:17
BRDA:2,0,0,4
BRDA:2,0,1,4
BRDA:2,0,2,4
BRDA:3,1,0,4
BRDA:3,1,1,12
BRDA:3,2,0,0
BRDA:3,2,1,12
BRDA:4,3,0,16
BRDA:4,3,1,0
BRDA:4,4,0,16
BRDA:4,4,1,16
BRDA:5,5,0,0
BRDA:5,5,1,0
BRDA:5,6,0,0
BRDA:5,6,1,0
BRDA:5,7,0,0
BRDA:5,7,1,0
BRDA:5,8,0,0
BRDA:5,8,1,0
BRDA:6,9,0,16
BRDA:6,9,1,12
BRDA:6,9,2,0
BRDA:8,10,0,4
BRDA:8,10,1,4
BRDA:8,10,2,4
BRDA:9,11,0,12
BRDA:9,11,1,0
BRDA:9,12,0,12
BRDA:9,12,1,12
BRDA:11,13,0,4
BRDA:11,13,1,4
BRDA:11,13,2,4
BRDA:12,14,0,4
BRDA:12,14,1,0
BRDA:12,15,0,4
BRDA:12,15,1,4
BRF:36
BRH:23
end_of_record
TN:
SF:dist/entities/User.js
FN:2,(anonymous_0)
FN:8,(anonymous_1)
FN:11,(anonymous_2)
FN:20,(anonymous_3)
FNF:4
FNH:4
FNDA:45,(anonymous_0)
FNDA:40,(anonymous_1)
FNDA:5,(anonymous_2)
FNDA:5,(anonymous_3)
DA:2,5
DA:3,45
DA:4,45
DA:5,0
DA:6,45
DA:8,5
DA:9,40
DA:11,5
DA:12,5
DA:14,5
DA:15,5
DA:16,5
DA:17,5
DA:18,5
DA:20,5
DA:21,5
DA:22,5
DA:23,5
DA:24,5
DA:25,5
DA:26,5
DA:27,5
DA:29,5
DA:39,5
DA:43,5
DA:51,5
DA:55,5
DA:59,5
DA:64,5
DA:68,5
DA:72,5
DA:79,5
DA:82,5
LF:33
LH:32
BRDA:2,0,0,5
BRDA:2,0,1,5
BRDA:2,0,2,5
BRDA:3,1,0,5
BRDA:3,1,1,40
BRDA:3,2,0,0
BRDA:3,2,1,40
BRDA:4,3,0,45
BRDA:4,3,1,0
BRDA:4,4,0,45
BRDA:4,4,1,45
BRDA:5,5,0,0
BRDA:5,5,1,0
BRDA:5,6,0,0
BRDA:5,6,1,0
BRDA:5,7,0,0
BRDA:5,7,1,0
BRDA:5,8,0,0
BRDA:5,8,1,0
BRDA:6,9,0,45
BRDA:6,9,1,40
BRDA:6,9,2,0
BRDA:8,10,0,5
BRDA:8,10,1,5
BRDA:8,10,2,5
BRDA:9,11,0,40
BRDA:9,11,1,0
BRDA:9,12,0,40
BRDA:9,12,1,40
BRDA:11,13,0,5
BRDA:11,13,1,5
BRDA:11,13,2,5
BRDA:12,14,0,5
BRDA:12,14,1,0
BRDA:12,15,0,5
BRDA:12,15,1,5
BRDA:28,16,0,5
BRDA:28,16,1,5
BRF:38
BRH:25
end_of_record
TN:
SF:dist/exceptions/HttpException.js
FN:9,(anonymous_0)
FNF:1
FNH:1
FNDA:22,(anonymous_0)
DA:2,11
DA:10,22
DA:11,22
DA:12,22
DA:15,11
LF:5
LH:5
BRDA:9,0,0,1
BRDA:9,1,0,2
BRF:2
BRH:2
end_of_record
TN:
SF:dist/exceptions/NotAuthenticatedException.js
FN:2,(anonymous_0)
FN:8,(anonymous_1)
FNF:2
FNH:2
FNDA:2,(anonymous_0)
FNDA:4,(anonymous_1)
DA:2,2
DA:3,2
DA:5,2
DA:6,2
DA:9,4
DA:12,2
LF:6
LH:6
BRDA:2,0,0,2
BRDA:2,0,1,2
BRDA:2,0,2,2
BRDA:3,1,0,2
BRDA:3,1,1,0
BRDA:3,2,0,2
BRDA:3,2,1,2
BRDA:9,3,0,4
BRDA:9,3,1,3
BRF:9
BRH:8
end_of_record
TN:
SF:dist/exceptions/NotAuthorizedException.js
FN:2,(anonymous_0)
FN:8,(anonymous_1)
FNF:2
FNH:2
FNDA:2,(anonymous_0)
FNDA:2,(anonymous_1)
DA:2,2
DA:3,2
DA:5,2
DA:6,2
DA:9,2
DA:12,2
LF:6
LH:6
BRDA:2,0,0,2
BRDA:2,0,1,2
BRDA:2,0,2,2
BRDA:3,1,0,2
BRDA:3,1,1,0
BRDA:3,2,0,2
BRDA:3,2,1,2
BRDA:9,3,0,2
BRDA:9,3,1,1
BRF:9
BRH:8
end_of_record
TN:
SF:dist/exceptions/NotFoundException.js
FN:2,(anonymous_0)
FN:11,(anonymous_1)
FNF:2
FNH:2
FNDA:8,(anonymous_0)
FNDA:13,(anonymous_1)
DA:2,8
DA:3,8
DA:5,8
DA:6,8
DA:12,13
DA:15,8
LF:6
LH:6
BRDA:2,0,0,8
BRDA:2,0,1,8
BRDA:2,0,2,8
BRDA:3,1,0,8
BRDA:3,1,1,0
BRDA:3,2,0,8
BRDA:3,2,1,8
BRDA:12,3,0,13
BRDA:12,3,1,7
BRF:9
BRH:8
end_of_record
TN:
SF:dist/exceptions/NotImplementedException.js
FN:2,(anonymous_0)
FN:11,(anonymous_1)
FNF:2
FNH:1
FNDA:3,(anonymous_0)
FNDA:0,(anonymous_1)
DA:2,3
DA:3,3
DA:5,3
DA:6,3
DA:12,0
DA:15,3
LF:6
LH:5
BRDA:2,0,0,3
BRDA:2,0,1,3
BRDA:2,0,2,3
BRDA:3,1,0,3
BRDA:3,1,1,0
BRDA:3,2,0,3
BRDA:3,2,1,3
BRDA:12,3,0,0
BRDA:12,3,1,0
BRF:9
BRH:6
end_of_record
TN:
SF:dist/mappers/EscapePodMapper.js
FN:8,(anonymous_0)
FNF:1
FNH:1
FNDA:7,(anonymous_0)
DA:2,3
DA:3,3
DA:9,7
DA:16,3
LF:4
LH:4
BRF:0
BRH:0
end_of_record
TN:
SF:dist/mappers/UserMapper.js
FN:8,(anonymous_0)
FNF:1
FNH:1
FNDA:7,(anonymous_0)
DA:2,2
DA:3,2
DA:9,7
DA:20,2
LF:4
LH:4
BRF:0
BRH:0
end_of_record
TN:
SF:dist/middlewares/Authentication.js
FN:2,(anonymous_0)
FN:14,(anonymous_1)
FN:18,(anonymous_2)
FN:19,(anonymous_3)
FNF:4
FNH:4
FNDA:4,(anonymous_0)
FNDA:4,(anonymous_1)
FNDA:3,(anonymous_2)
FNDA:3,(anonymous_3)
DA:2,1
DA:3,4
DA:5,1
DA:6,1
DA:7,1
DA:8,1
DA:9,1
DA:10,1
DA:12,1
DA:15,4
DA:16,4
DA:19,3
DA:24,3
DA:25,1
DA:26,2
DA:27,2
DA:29,1
DA:30,1
DA:31,1
DA:34,1
DA:35,1
DA:36,0
DA:41,1
DA:42,1
LF:24
LH:23
BRDA:2,0,0,1
BRDA:2,0,1,1
BRDA:2,0,2,1
BRDA:3,1,0,4
BRDA:3,1,1,0
BRDA:3,2,0,4
BRDA:3,2,1,4
BRDA:14,3,0,2
BRDA:15,4,0,4
BRDA:15,4,1,4
BRDA:24,5,0,1
BRDA:24,5,1,2
BRDA:34,6,0,1
BRDA:34,6,1,0
BRF:14
BRH:12
end_of_record
TN:
SF:dist/middlewares/Authorization.js
FN:2,(anonymous_0)
FN:14,(anonymous_1)
FN:18,(anonymous_2)
FN:19,(anonymous_3)
FNF:4
FNH:4
FNDA:3,(anonymous_0)
FNDA:2,(anonymous_1)
FNDA:1,(anonymous_2)
FNDA:1,(anonymous_3)
DA:2,1
DA:3,3
DA:5,1
DA:6,1
DA:7,1
DA:8,1
DA:9,1
DA:10,1
DA:12,1
DA:15,2
DA:16,2
DA:19,1
DA:20,1
DA:21,1
DA:22,1
DA:25,0
DA:30,1
DA:31,1
LF:18
LH:17
BRDA:2,0,0,1
BRDA:2,0,1,1
BRDA:2,0,2,1
BRDA:3,1,0,3
BRDA:3,1,1,0
BRDA:3,2,0,3
BRDA:3,2,1,3
BRDA:14,3,0,2
BRDA:15,4,0,2
BRDA:15,4,1,2
BRDA:21,5,0,1
BRDA:21,5,1,0
BRF:12
BRH:10
end_of_record
TN:
SF:dist/mocks/EscapePod.js
FN:2,(anonymous_0)
FN:7,(anonymous_1)
FNF:2
FNH:2
FNDA:4,(anonymous_0)
FNDA:6,(anonymous_1)
DA:2,4
DA:3,4
DA:5,4
DA:6,4
DA:7,6
DA:12,4
LF:6
LH:6
BRDA:2,0,0,4
BRDA:2,0,1,4
BRDA:2,0,2,4
BRDA:3,1,0,4
BRDA:3,1,1,0
BRDA:3,2,0,4
BRDA:3,2,1,4
BRF:7
BRH:6
end_of_record
TN:
SF:dist/mocks/RequestMock.js
FN:3,(anonymous_0)
FNF:1
FNH:1
FNDA:20,(anonymous_0)
DA:2,5
DA:3,20
DA:10,5
LF:3
LH:3
BRDA:3,0,0,1
BRDA:4,1,0,20
BRDA:4,1,1,17
BRDA:5,2,0,20
BRDA:5,2,1,13
BRDA:6,3,0,20
BRDA:6,3,1,20
BRDA:7,4,0,20
BRDA:7,4,1,6
BRDA:8,5,0,20
BRDA:8,5,1,20
BRF:11
BRH:11
end_of_record
TN:
SF:dist/mocks/ResponseMock.js
FN:2,(anonymous_0)
FN:7,(anonymous_1)
FNF:2
FNH:2
FNDA:3,(anonymous_0)
FNDA:16,(anonymous_1)
DA:2,3
DA:3,3
DA:5,3
DA:6,3
DA:7,3
DA:8,16
DA:9,16
DA:10,16
DA:11,16
DA:12,16
DA:14,3
LF:11
LH:11
BRDA:2,0,0,3
BRDA:2,0,1,3
BRDA:2,0,2,3
BRDA:3,1,0,0
BRDA:3,1,1,3
BRDA:3,2,0,3
BRDA:3,2,1,3
BRF:7
BRH:6
end_of_record
TN:
SF:dist/mocks/UserMock.js
FN:2,(anonymous_0)
FN:4,(anonymous_1)
FN:5,(anonymous_2)
FN:9,(anonymous_3)
FN:11,(anonymous_4)
FN:14,(anonymous_5)
FN:23,(anonymous_6)
FNF:7
FNH:2
FNDA:0,(anonymous_0)
FNDA:0,(anonymous_1)
FNDA:0,(anonymous_2)
FNDA:0,(anonymous_3)
FNDA:0,(anonymous_4)
FNDA:4,(anonymous_5)
FNDA:9,(anonymous_6)
DA:2,4
DA:3,0
DA:4,0
DA:6,0
DA:7,0
DA:9,4
DA:10,0
DA:12,0
DA:14,4
DA:15,4
DA:16,0
DA:17,0
DA:18,0
DA:19,0
DA:21,4
DA:22,4
DA:23,9
DA:32,4
LF:18
LH:8
BRDA:2,0,0,4
BRDA:2,0,1,4
BRDA:2,0,2,4
BRDA:2,1,0,4
BRDA:2,1,1,0
BRDA:3,2,0,0
BRDA:3,2,1,0
BRDA:6,3,0,0
BRDA:6,3,1,0
BRDA:9,4,0,4
BRDA:9,4,1,4
BRDA:9,4,2,4
BRDA:9,5,0,4
BRDA:9,5,1,0
BRDA:14,6,0,4
BRDA:14,6,1,4
BRDA:14,6,2,4
BRDA:15,7,0,4
BRDA:15,7,1,0
BRDA:15,8,0,4
BRDA:15,8,1,4
BRDA:17,9,0,0
BRDA:17,9,1,0
BRDA:17,10,0,0
BRDA:17,10,1,0
BRDA:17,11,0,0
BRDA:17,11,1,0
BRF:27
BRH:14
end_of_record
TN:
SF:dist/providers/Config.js
FN:2,(anonymous_0)
FN:4,(anonymous_1)
FN:5,(anonymous_2)
FN:9,(anonymous_3)
FN:11,(anonymous_4)
FN:14,(anonymous_5)
FN:21,(anonymous_6)
FN:36,(anonymous_7)
FN:72,(anonymous_8)
FNF:9
FNH:4
FNDA:126,(anonymous_0)
FNDA:0,(anonymous_1)
FNDA:0,(anonymous_2)
FNDA:14,(anonymous_3)
FNDA:0,(anonymous_4)
FNDA:14,(anonymous_5)
FNDA:7,(anonymous_6)
FNDA:0,(anonymous_7)
FNDA:0,(anonymous_8)
DA:2,7
DA:3,126
DA:4,126
DA:6,0
DA:7,0
DA:9,7
DA:10,14
DA:12,0
DA:14,7
DA:15,14
DA:16,14
DA:17,126
DA:18,14
DA:19,14
DA:21,7
DA:22,7
DA:24,7
DA:25,7
DA:26,7
DA:27,7
DA:37,0
DA:38,0
DA:41,0
DA:66,0
DA:73,0
DA:74,0
DA:77,7
LF:27
LH:18
BRDA:2,0,0,7
BRDA:2,0,1,7
BRDA:2,0,2,7
BRDA:2,1,0,7
BRDA:2,1,1,0
BRDA:3,2,0,126
BRDA:3,2,1,0
BRDA:6,3,0,0
BRDA:6,3,1,0
BRDA:9,4,0,7
BRDA:9,4,1,7
BRDA:9,4,2,7
BRDA:9,5,0,7
BRDA:9,5,1,0
BRDA:14,6,0,7
BRDA:14,6,1,7
BRDA:14,6,2,7
BRDA:15,7,0,0
BRDA:15,7,1,14
BRDA:15,8,0,14
BRDA:15,8,1,14
BRDA:17,9,0,14
BRDA:17,9,1,0
BRDA:17,10,0,126
BRDA:17,10,1,0
BRDA:17,11,0,126
BRDA:17,11,1,126
BRDA:21,12,0,7
BRDA:21,12,1,7
BRDA:21,12,2,7
BRDA:22,13,0,7
BRDA:22,13,1,0
BRDA:22,14,0,7
BRDA:22,14,1,7
BRDA:37,15,0,0
BRDA:37,15,1,0
BRDA:42,16,0,0
BRDA:42,16,1,0
BRDA:43,17,0,0
BRDA:43,17,1,0
BRDA:45,18,0,0
BRDA:45,18,1,0
BRDA:46,19,0,0
BRDA:46,19,1,0
BRDA:51,20,0,0
BRDA:51,20,1,0
BRDA:52,21,0,0
BRDA:52,21,1,0
BRDA:53,22,0,0
BRDA:53,22,1,0
BRDA:54,23,0,0
BRDA:54,23,1,0
BRDA:57,24,0,0
BRDA:57,24,1,0
BRDA:61,25,0,0
BRDA:61,25,1,0
BRF:56
BRH:25
end_of_record
TN:
SF:dist/providers/Database.js
FN:2,(anonymous_0)
FN:13,(anonymous_1)
FN:33,(anonymous_2)
FN:35,(anonymous_3)
FNF:4
FNH:2
FNDA:14,(anonymous_0)
FNDA:0,(anonymous_1)
FNDA:0,(anonymous_2)
FNDA:1,(anonymous_3)
DA:2,7
DA:3,14
DA:5,7
DA:6,7
DA:7,7
DA:8,7
DA:14,0
DA:15,0
DA:16,0
DA:33,0
DA:36,1
DA:39,7
LF:12
LH:8
BRDA:2,0,0,7
BRDA:2,0,1,7
BRDA:2,0,2,7
BRDA:3,1,0,14
BRDA:3,1,1,0
BRDA:3,2,0,14
BRDA:3,2,1,14
BRF:7
BRH:6
end_of_record
TN:
SF:dist/repositories/EscapePodRepository.js
FN:2,(anonymous_0)
FN:11,(anonymous_1)
FN:13,(anonymous_2)
FN:16,(anonymous_3)
FNF:4
FNH:2
FNDA:6,(anonymous_0)
FNDA:1,(anonymous_1)
FNDA:0,(anonymous_2)
FNDA:0,(anonymous_3)
DA:2,3
DA:3,6
DA:5,3
DA:6,3
DA:7,3
DA:11,3
DA:14,0
DA:17,0
DA:20,3
LF:9
LH:7
BRDA:2,0,0,3
BRDA:2,0,1,3
BRDA:2,0,2,3
BRDA:3,1,0,6
BRDA:3,1,1,0
BRDA:3,2,0,6
BRDA:3,2,1,6
BRF:7
BRH:6
end_of_record
TN:
SF:dist/repositories/UserRepository.js
FN:2,(anonymous_0)
FN:11,(anonymous_1)
FN:12,(anonymous_2)
FN:15,(anonymous_3)
FNF:4
FNH:1
FNDA:8,(anonymous_0)
FNDA:0,(anonymous_1)
FNDA:0,(anonymous_2)
FNDA:0,(anonymous_3)
DA:2,4
DA:3,8
DA:5,4
DA:6,4
DA:7,4
DA:11,4
DA:13,0
DA:16,0
DA:19,4
LF:9
LH:7
BRDA:2,0,0,4
BRDA:2,0,1,4
BRDA:2,0,2,4
BRDA:3,1,0,8
BRDA:3,1,1,0
BRDA:3,2,0,8
BRDA:3,2,1,8
BRF:7
BRH:6
end_of_record
TN:
SF:dist/services/EscapePodService.js
FN:2,(anonymous_0)
FN:12,(anonymous_1)
FN:15,(anonymous_2)
FN:18,(anonymous_3)
FN:26,(anonymous_4)
FN:27,(anonymous_5)
FN:34,(anonymous_6)
FN:38,(anonymous_7)
FNF:8
FNH:5
FNDA:9,(anonymous_0)
FNDA:0,(anonymous_1)
FNDA:0,(anonymous_2)
FNDA:1,(anonymous_3)
FNDA:1,(anonymous_4)
FNDA:3,(anonymous_5)
FNDA:0,(anonymous_6)
FNDA:1,(anonymous_7)
DA:2,3
DA:3,9
DA:5,3
DA:8,3
DA:9,3
DA:10,3
DA:13,0
DA:16,0
DA:19,1
DA:26,3
DA:28,3
DA:29,2
DA:30,1
DA:32,1
DA:35,0
DA:36,0
DA:39,1
DA:40,0
DA:41,0
DA:47,3
LF:20
LH:14
BRDA:2,0,0,3
BRDA:2,0,1,3
BRDA:2,0,2,3
BRDA:3,1,0,9
BRDA:3,1,1,0
BRDA:3,2,0,9
BRDA:3,2,1,9
BRDA:29,3,0,1
BRDA:29,3,1,1
BRF:9
BRH:8
end_of_record
TN:
SF:dist/services/UserService.js
FN:2,(anonymous_0)
FN:10,(anonymous_1)
FN:18,(anonymous_2)
FN:22,(anonymous_3)
FN:29,(anonymous_4)
FN:40,(anonymous_5)
FN:48,(anonymous_6)
FN:60,(anonymous_7)
FNF:8
FNH:6
FNDA:8,(anonymous_0)
FNDA:0,(anonymous_1)
FNDA:3,(anonymous_2)
FNDA:0,(anonymous_3)
FNDA:4,(anonymous_4)
FNDA:2,(anonymous_5)
FNDA:2,(anonymous_6)
FNDA:2,(anonymous_7)
DA:2,4
DA:3,8
DA:5,4
DA:7,4
DA:8,4
DA:11,0
DA:18,4
DA:23,0
DA:24,0
DA:30,4
DA:31,4
DA:32,2
DA:34,2
DA:41,2
DA:42,1
DA:49,2
DA:50,1
DA:51,1
DA:61,2
DA:62,2
DA:63,2
DA:64,1
DA:68,4
LF:23
LH:20
BRDA:2,0,0,4
BRDA:2,0,1,4
BRDA:2,0,2,4
BRDA:3,1,0,8
BRDA:3,1,1,0
BRDA:3,2,0,8
BRDA:3,2,1,8
BRDA:31,3,0,2
BRDA:31,3,1,2
BRDA:63,4,0,1
BRDA:63,4,1,1
BRF:11
BRH:10
end_of_record
TN:
SF:dist/types/EntityWithFactoryMethod.js
FN:5,(anonymous_0)
FNF:1
FNH:1
FNDA:15,(anonymous_0)
DA:2,9
DA:3,9
DA:6,15
DA:9,9
LF:4
LH:4
BRF:0
BRH:0
end_of_record
TN:
SF:dist/utils/Log.js
FN:7,(anonymous_0)
FN:12,(anonymous_1)
FN:13,(anonymous_2)
FN:14,(anonymous_3)
FNF:4
FNH:2
FNDA:7,(anonymous_0)
FNDA:6,(anonymous_1)
FNDA:0,(anonymous_2)
FNDA:0,(anonymous_3)
DA:2,7
DA:6,7
DA:8,7
DA:9,7
DA:10,7
DA:12,7
DA:13,7
DA:14,7
DA:16,7
LF:9
LH:9
BRF:0
BRH:0
end_of_record
TN:
SF:src/controllers/EscapePodController.ts
FN:17,(anonymous_1)
FN:27,(anonymous_2)
FN:40,(anonymous_3)
FN:48,(anonymous_4)
FNF:4
FNH:3
FNDA:4,(anonymous_1)
FNDA:2,(anonymous_2)
FNDA:0,(anonymous_3)
FNDA:2,(anonymous_4)
DA:2,1
DA:5,1
DA:21,4
DA:22,4
DA:27,4
DA:30,2
DA:31,2
DA:35,1
DA:40,4
DA:43,0
DA:45,0
DA:48,4
DA:51,2
DA:52,2
DA:57,1
DA:64,1
LF:16
LH:14
BRDA:18,0,0,0
BRDA:19,1,0,4
BRF:2
BRH:1
end_of_record
TN:
SF:src/controllers/UserController.ts
FN:17,(anonymous_1)
FN:27,(anonymous_2)
FN:37,(anonymous_3)
FN:50,(anonymous_4)
FN:58,(anonymous_5)
FN:68,(anonymous_6)
FNF:6
FNH:5
FNDA:8,(anonymous_1)
FNDA:0,(anonymous_2)
FNDA:2,(anonymous_3)
FNDA:2,(anonymous_4)
FNDA:2,(anonymous_5)
FNDA:2,(anonymous_6)
DA:2,1
DA:5,1
DA:21,8
DA:22,8
DA:27,8
DA:30,0
DA:32,0
DA:37,8
DA:40,2
DA:41,2
DA:45,1
DA:50,8
DA:53,2
DA:55,1
DA:58,8
DA:61,2
DA:65,1
DA:68,8
DA:71,2
DA:73,2
DA:74,0
DA:78,1
LF:22
LH:19
BRDA:18,0,0,0
BRDA:19,1,0,8
BRF:2
BRH:1
end_of_record
TN:
SF:src/entities/EscapePod.ts
FNF:0
FNH:0
DA:1,3
DA:8,3
DA:11,3
DA:13,3
DA:16,3
DA:19,3
LF:6
LH:6
BRF:0
BRH:0
end_of_record
TN:
SF:src/entities/User.ts
FN:12,(anonymous_3)
FNF:1
FNH:1
FNDA:5,(anonymous_3)
DA:1,5
DA:2,5
DA:10,5
DA:12,5
DA:13,5
DA:14,5
DA:15,5
DA:16,5
DA:17,5
DA:18,5
DA:19,5
DA:23,5
DA:25,5
DA:33,5
DA:36,5
DA:39,5
DA:43,5
DA:46,5
DA:49,5
DA:55,5
LF:20
LH:20
BRDA:12,0,0,5
BRDA:12,0,1,5
BRF:2
BRH:2
end_of_record
TN:
SF:src/exceptions/HttpException.ts
FN:9,(anonymous_0)
FNF:1
FNH:1
FNDA:21,(anonymous_0)
DA:4,10
DA:13,21
DA:14,21
DA:15,21
LF:4
LH:4
BRDA:10,0,0,1
BRDA:11,1,0,2
BRF:2
BRH:2
end_of_record
TN:
SF:src/exceptions/NotAuthenticatedException.ts
FN:5,(anonymous_1)
FNF:1
FNH:1
FNDA:4,(anonymous_1)
DA:1,2
DA:3,2
DA:6,4
LF:3
LH:3
BRDA:7,0,0,4
BRDA:7,0,1,3
BRF:2
BRH:2
end_of_record
TN:
SF:src/exceptions/NotAuthorizedException.ts
FN:5,(anonymous_1)
FNF:1
FNH:1
FNDA:2,(anonymous_1)
DA:1,2
DA:3,2
DA:6,2
LF:3
LH:3
BRDA:7,0,0,2
BRDA:7,0,1,1
BRF:2
BRH:2
end_of_record
TN:
SF:src/exceptions/NotFoundException.ts
FN:7,(anonymous_1)
FNF:1
FNH:1
FNDA:12,(anonymous_1)
DA:1,7
DA:6,7
DA:8,12
LF:3
LH:3
BRDA:10,0,0,12
BRDA:10,0,1,6
BRF:2
BRH:2
end_of_record
TN:
SF:src/exceptions/NotImplementedException.ts
FN:7,(anonymous_1)
FNF:1
FNH:0
FNDA:0,(anonymous_1)
DA:1,2
DA:6,2
DA:8,0
LF:3
LH:2
BRDA:10,0,0,0
BRDA:10,0,1,0
BRF:2
BRH:0
end_of_record
TN:
SF:src/mappers/EscapePodMapper.ts
FN:15,(anonymous_0)
FNF:1
FNH:1
FNDA:5,(anonymous_0)
DA:14,2
DA:16,5
LF:2
LH:2
BRF:0
BRH:0
end_of_record
TN:
SF:src/mappers/UserMapper.ts
FN:19,(anonymous_0)
FNF:1
FNH:1
FNDA:7,(anonymous_0)
DA:18,2
DA:20,7
LF:2
LH:2
BRF:0
BRH:0
end_of_record
TN:
SF:src/middlewares/Authentication.ts
FN:23,(anonymous_1)
FN:31,(anonymous_2)
FN:32,(anonymous_3)
FNF:3
FNH:3
FNDA:4,(anonymous_1)
FNDA:3,(anonymous_2)
FNDA:3,(anonymous_3)
DA:6,1
DA:9,1
DA:10,1
DA:11,1
DA:15,1
DA:16,1
DA:26,4
DA:27,4
DA:32,3
DA:41,3
DA:43,2
DA:44,2
DA:49,1
DA:50,1
DA:52,1
DA:56,1
DA:57,0
DA:67,1
LF:18
LH:17
BRDA:24,0,0,2
BRDA:26,1,0,4
BRDA:26,1,1,4
BRDA:41,2,0,1
BRDA:56,3,0,1
BRF:5
BRH:5
end_of_record
TN:
SF:src/middlewares/Authorization.ts
FN:18,(anonymous_1)
FN:28,(anonymous_2)
FN:29,(anonymous_3)
FNF:3
FNH:3
FNDA:2,(anonymous_1)
FNDA:1,(anonymous_2)
FNDA:1,(anonymous_3)
DA:6,1
DA:9,1
DA:10,1
DA:11,1
DA:13,1
DA:14,1
DA:22,2
DA:23,2
DA:29,1
DA:32,1
DA:34,1
DA:35,1
DA:37,0
DA:45,1
LF:14
LH:13
BRDA:19,0,0,2
BRDA:22,1,0,2
BRDA:22,1,1,2
BRDA:34,2,0,1
BRDA:34,2,1,0
BRF:5
BRH:4
end_of_record
TN:
SF:src/mocks/EscapePod.ts
FN:3,(anonymous_1)
FNF:1
FNH:1
FNDA:4,(anonymous_1)
DA:1,3
DA:3,4
DA:9,3
LF:3
LH:3
BRF:0
BRH:0
end_of_record
TN:
SF:src/mocks/RequestMock.ts
FN:11,(anonymous_0)
FNF:1
FNH:1
FNDA:16,(anonymous_0)
DA:11,16
DA:20,4
LF:2
LH:2
BRDA:11,0,0,1
BRDA:12,1,0,16
BRDA:12,1,1,13
BRDA:13,2,0,16
BRDA:13,2,1,11
BRDA:14,3,0,16
BRDA:14,3,1,16
BRDA:15,4,0,16
BRDA:15,4,1,6
BRDA:16,5,0,16
BRDA:16,5,1,16
BRF:11
BRH:11
end_of_record
TN:
SF:src/mocks/ResponseMock.ts
FN:3,(anonymous_1)
FNF:1
FNH:1
FNDA:12,(anonymous_1)
DA:1,2
DA:3,2
DA:4,12
DA:6,12
DA:7,12
DA:8,12
DA:9,12
DA:12,2
LF:8
LH:8
BRF:0
BRH:0
end_of_record
TN:
SF:src/mocks/UserMock.ts
FN:4,(anonymous_6)
FNF:1
FNH:1
FNDA:9,(anonymous_6)
DA:1,4
DA:4,9
DA:14,4
LF:3
LH:3
BRF:0
BRH:0
end_of_record
TN:
SF:src/providers/Config.ts
FN:36,(anonymous_7)
FN:76,(anonymous_8)
FNF:2
FNH:0
FNDA:0,(anonymous_7)
FNDA:0,(anonymous_8)
DA:1,6
DA:2,6
DA:5,6
DA:30,6
DA:37,0
DA:38,0
DA:43,0
DA:69,0
DA:77,0
DA:78,0
LF:10
LH:4
BRDA:37,0,0,0
BRDA:44,1,0,0
BRDA:44,1,1,0
BRDA:45,2,0,0
BRDA:45,2,1,0
BRDA:47,3,0,0
BRDA:47,3,1,0
BRDA:48,4,0,0
BRDA:48,4,1,0
BRDA:53,5,0,0
BRDA:53,5,1,0
BRDA:54,6,0,0
BRDA:54,6,1,0
BRDA:55,7,0,0
BRDA:55,7,1,0
BRDA:56,8,0,0
BRDA:56,8,1,0
BRDA:59,9,0,0
BRDA:59,9,1,0
BRDA:63,10,0,0
BRDA:63,10,1,0
BRF:21
BRH:0
end_of_record
TN:
SF:src/providers/Database.ts
FN:12,(anonymous_1)
FN:42,(anonymous_2)
FN:45,(anonymous_3)
FNF:3
FNH:0
FNDA:0,(anonymous_1)
FNDA:0,(anonymous_2)
FNDA:0,(anonymous_3)
DA:1,6
DA:5,6
DA:6,6
DA:13,0
DA:22,0
DA:24,0
DA:42,0
DA:46,0
DA:50,6
LF:9
LH:4
BRF:0
BRH:0
end_of_record
TN:
SF:src/repositories/EscapePodRepository.ts
FN:8,(anonymous_1)
FN:10,(anonymous_2)
FN:14,(anonymous_3)
FNF:3
FNH:0
FNDA:0,(anonymous_1)
FNDA:0,(anonymous_2)
FNDA:0,(anonymous_3)
DA:2,2
DA:3,2
DA:8,2
DA:11,0
DA:15,0
DA:19,2
LF:6
LH:4
BRF:0
BRH:0
end_of_record
TN:
SF:src/repositories/UserRepository.ts
FN:8,(anonymous_1)
FN:10,(anonymous_2)
FN:13,(anonymous_3)
FNF:3
FNH:0
FNDA:0,(anonymous_1)
FNDA:0,(anonymous_2)
FNDA:0,(anonymous_3)
DA:2,4
DA:3,4
DA:8,4
DA:9,0
DA:11,0
DA:14,0
DA:18,4
LF:7
LH:4
BRF:0
BRH:0
end_of_record
TN:
SF:src/services/EscapePodService.ts
FN:14,(anonymous_1)
FN:20,(anonymous_2)
FN:24,(anonymous_3)
FN:34,(anonymous_4)
FN:39,(anonymous_5)
FN:55,(anonymous_6)
FN:61,(anonymous_7)
FNF:7
FNH:2
FNDA:0,(anonymous_1)
FNDA:0,(anonymous_2)
FNDA:0,(anonymous_3)
FNDA:1,(anonymous_4)
FNDA:2,(anonymous_5)
FNDA:0,(anonymous_6)
FNDA:0,(anonymous_7)
DA:3,2
DA:8,2
DA:10,2
DA:13,2
DA:15,0
DA:21,0
DA:25,0
DA:34,2
DA:36,1
DA:43,2
DA:45,2
DA:46,1
DA:51,1
DA:56,0
DA:58,0
DA:65,0
DA:69,0
DA:71,0
LF:18
LH:10
BRDA:45,0,0,1
BRF:1
BRH:1
end_of_record
TN:
SF:src/services/UserService.ts
FN:13,(anonymous_1)
FN:23,(anonymous_2)
FN:31,(anonymous_3)
FN:41,(anonymous_4)
FN:65,(anonymous_5)
FN:76,(anonymous_6)
FN:95,(anonymous_7)
FNF:7
FNH:5
FNDA:0,(anonymous_1)
FNDA:3,(anonymous_2)
FNDA:0,(anonymous_3)
FNDA:4,(anonymous_4)
FNDA:2,(anonymous_5)
FNDA:2,(anonymous_6)
FNDA:2,(anonymous_7)
DA:2,4
DA:5,4
DA:11,4
DA:14,0
DA:23,4
DA:25,3
DA:32,0
DA:34,0
DA:45,4
DA:47,4
DA:48,2
DA:53,2
DA:66,2
DA:68,1
DA:79,2
DA:82,1
DA:84,1
DA:96,2
DA:97,2
DA:99,2
DA:100,1
LF:21
LH:18
BRDA:47,0,0,2
BRDA:99,1,0,1
BRF:2
BRH:2
end_of_record
TN:
SF:src/types/EntityWithFactoryMethod.ts
FN:6,(anonymous_0)
FNF:1
FNH:1
FNDA:13,(anonymous_0)
DA:1,8
DA:5,8
DA:9,13
LF:3
LH:3
BRF:0
BRH:0
end_of_record
TN:
SF:src/utils/Log.ts
FN:7,(anonymous_0)
FN:14,(anonymous_1)
FN:16,(anonymous_2)
FN:18,(anonymous_3)
FNF:4
FNH:2
FNDA:6,(anonymous_0)
FNDA:6,(anonymous_1)
FNDA:0,(anonymous_2)
FNDA:0,(anonymous_3)
DA:5,6
DA:8,6
DA:9,6
DA:11,6
DA:14,6
DA:16,6
DA:18,6
DA:21,6
LF:8
LH:8
BRF:0
BRH:0
end_of_record
